{"D:\\React DNN dashboard\\backend\\auth.js": {"path":"D:\\React DNN dashboard\\backend\\auth.js","statementMap":{"0":{"start":{"line":1,"column":12},"end":{"line":1,"column":35}},"1":{"start":{"line":3,"column":19},"end":{"line":3,"column":41}},"2":{"start":{"line":4,"column":20},"end":{"line":4,"column":54}},"3":{"start":{"line":6,"column":0},"end":{"line":9,"column":1}},"4":{"start":{"line":7,"column":4},"end":{"line":7,"column":51}},"5":{"start":{"line":8,"column":4},"end":{"line":8,"column":20}},"6":{"start":{"line":12,"column":23},"end":{"line":12,"column":77}},"7":{"start":{"line":13,"column":24},"end":{"line":13,"column":49}},"8":{"start":{"line":14,"column":23},"end":{"line":14,"column":96}},"9":{"start":{"line":15,"column":24},"end":{"line":15,"column":110}},"10":{"start":{"line":16,"column":18},"end":{"line":16,"column":58}},"11":{"start":{"line":18,"column":4},"end":{"line":20,"column":5}},"12":{"start":{"line":19,"column":8},"end":{"line":19,"column":72}},"13":{"start":{"line":22,"column":4},"end":{"line":29,"column":7}},"14":{"start":{"line":23,"column":8},"end":{"line":25,"column":9}},"15":{"start":{"line":24,"column":12},"end":{"line":24,"column":79}},"16":{"start":{"line":27,"column":8},"end":{"line":27,"column":27}},"17":{"start":{"line":28,"column":8},"end":{"line":28,"column":15}},"18":{"start":{"line":33,"column":4},"end":{"line":39,"column":6}},"19":{"start":{"line":34,"column":8},"end":{"line":36,"column":9}},"20":{"start":{"line":35,"column":12},"end":{"line":35,"column":64}},"21":{"start":{"line":38,"column":8},"end":{"line":38,"column":15}},"22":{"start":{"line":43,"column":4},"end":{"line":43,"column":83}},"23":{"start":{"line":47,"column":4},"end":{"line":47,"column":83}},"24":{"start":{"line":51,"column":4},"end":{"line":90,"column":7}},"25":{"start":{"line":52,"column":39},"end":{"line":52,"column":53}},"26":{"start":{"line":54,"column":26},"end":{"line":54,"column":48}},"27":{"start":{"line":55,"column":30},"end":{"line":55,"column":56}},"28":{"start":{"line":56,"column":31},"end":{"line":56,"column":50}},"29":{"start":{"line":57,"column":35},"end":{"line":57,"column":58}},"30":{"start":{"line":59,"column":8},"end":{"line":72,"column":9}},"31":{"start":{"line":60,"column":26},"end":{"line":64,"column":13}},"32":{"start":{"line":66,"column":12},"end":{"line":71,"column":15}},"33":{"start":{"line":74,"column":8},"end":{"line":87,"column":9}},"34":{"start":{"line":75,"column":26},"end":{"line":79,"column":13}},"35":{"start":{"line":81,"column":12},"end":{"line":86,"column":15}},"36":{"start":{"line":89,"column":8},"end":{"line":89,"column":86}},"37":{"start":{"line":92,"column":4},"end":{"line":92,"column":72}},"38":{"start":{"line":92,"column":43},"end":{"line":92,"column":70}},"39":{"start":{"line":95,"column":0},"end":{"line":95,"column":63}}},"fnMap":{"0":{"name":"verifyToken","decl":{"start":{"line":11,"column":9},"end":{"line":11,"column":20}},"loc":{"start":{"line":11,"column":37},"end":{"line":30,"column":1}},"line":11},"1":{"name":"(anonymous_1)","decl":{"start":{"line":22,"column":34},"end":{"line":22,"column":35}},"loc":{"start":{"line":22,"column":52},"end":{"line":29,"column":5}},"line":22},"2":{"name":"requireRole","decl":{"start":{"line":32,"column":9},"end":{"line":32,"column":20}},"loc":{"start":{"line":32,"column":27},"end":{"line":40,"column":1}},"line":32},"3":{"name":"(anonymous_3)","decl":{"start":{"line":33,"column":11},"end":{"line":33,"column":12}},"loc":{"start":{"line":33,"column":31},"end":{"line":39,"column":5}},"line":33},"4":{"name":"getSuperAdminUser","decl":{"start":{"line":42,"column":9},"end":{"line":42,"column":26}},"loc":{"start":{"line":42,"column":29},"end":{"line":44,"column":1}},"line":42},"5":{"name":"getSuperAdminPassword","decl":{"start":{"line":46,"column":9},"end":{"line":46,"column":30}},"loc":{"start":{"line":46,"column":33},"end":{"line":48,"column":1}},"line":46},"6":{"name":"mountAuthRoutes","decl":{"start":{"line":50,"column":9},"end":{"line":50,"column":24}},"loc":{"start":{"line":50,"column":30},"end":{"line":93,"column":1}},"line":50},"7":{"name":"(anonymous_7)","decl":{"start":{"line":51,"column":27},"end":{"line":51,"column":28}},"loc":{"start":{"line":51,"column":41},"end":{"line":90,"column":5}},"line":51},"8":{"name":"(anonymous_8)","decl":{"start":{"line":92,"column":28},"end":{"line":92,"column":29}},"loc":{"start":{"line":92,"column":43},"end":{"line":92,"column":70}},"line":92}},"branchMap":{"0":{"loc":{"start":{"line":4,"column":20},"end":{"line":4,"column":54}},"type":"binary-expr","locations":[{"start":{"line":4,"column":20},"end":{"line":4,"column":46}},{"start":{"line":4,"column":50},"end":{"line":4,"column":54}}],"line":4},"1":{"loc":{"start":{"line":6,"column":0},"end":{"line":9,"column":1}},"type":"if","locations":[{"start":{"line":6,"column":0},"end":{"line":9,"column":1}},{"start":{},"end":{}}],"line":6},"2":{"loc":{"start":{"line":12,"column":23},"end":{"line":12,"column":77}},"type":"binary-expr","locations":[{"start":{"line":12,"column":23},"end":{"line":12,"column":48}},{"start":{"line":12,"column":52},"end":{"line":12,"column":77}}],"line":12},"3":{"loc":{"start":{"line":14,"column":23},"end":{"line":14,"column":96}},"type":"cond-expr","locations":[{"start":{"line":14,"column":69},"end":{"line":14,"column":91}},{"start":{"line":14,"column":94},"end":{"line":14,"column":96}}],"line":14},"4":{"loc":{"start":{"line":15,"column":24},"end":{"line":15,"column":110}},"type":"cond-expr","locations":[{"start":{"line":15,"column":76},"end":{"line":15,"column":105}},{"start":{"line":15,"column":108},"end":{"line":15,"column":110}}],"line":15},"5":{"loc":{"start":{"line":16,"column":18},"end":{"line":16,"column":58}},"type":"binary-expr","locations":[{"start":{"line":16,"column":18},"end":{"line":16,"column":29}},{"start":{"line":16,"column":33},"end":{"line":16,"column":44}},{"start":{"line":16,"column":48},"end":{"line":16,"column":58}}],"line":16},"6":{"loc":{"start":{"line":18,"column":4},"end":{"line":20,"column":5}},"type":"if","locations":[{"start":{"line":18,"column":4},"end":{"line":20,"column":5}},{"start":{},"end":{}}],"line":18},"7":{"loc":{"start":{"line":23,"column":8},"end":{"line":25,"column":9}},"type":"if","locations":[{"start":{"line":23,"column":8},"end":{"line":25,"column":9}},{"start":{},"end":{}}],"line":23},"8":{"loc":{"start":{"line":34,"column":8},"end":{"line":36,"column":9}},"type":"if","locations":[{"start":{"line":34,"column":8},"end":{"line":36,"column":9}},{"start":{},"end":{}}],"line":34},"9":{"loc":{"start":{"line":34,"column":12},"end":{"line":34,"column":47}},"type":"binary-expr","locations":[{"start":{"line":34,"column":12},"end":{"line":34,"column":21}},{"start":{"line":34,"column":25},"end":{"line":34,"column":47}}],"line":34},"10":{"loc":{"start":{"line":43,"column":11},"end":{"line":43,"column":82}},"type":"binary-expr","locations":[{"start":{"line":43,"column":11},"end":{"line":43,"column":42}},{"start":{"line":43,"column":46},"end":{"line":43,"column":82}}],"line":43},"11":{"loc":{"start":{"line":47,"column":11},"end":{"line":47,"column":82}},"type":"binary-expr","locations":[{"start":{"line":47,"column":11},"end":{"line":47,"column":42}},{"start":{"line":47,"column":46},"end":{"line":47,"column":82}}],"line":47},"12":{"loc":{"start":{"line":52,"column":39},"end":{"line":52,"column":53}},"type":"binary-expr","locations":[{"start":{"line":52,"column":39},"end":{"line":52,"column":47}},{"start":{"line":52,"column":51},"end":{"line":52,"column":53}}],"line":52},"13":{"loc":{"start":{"line":59,"column":8},"end":{"line":72,"column":9}},"type":"if","locations":[{"start":{"line":59,"column":8},"end":{"line":72,"column":9}},{"start":{},"end":{}}],"line":59},"14":{"loc":{"start":{"line":59,"column":12},"end":{"line":59,"column":74}},"type":"binary-expr","locations":[{"start":{"line":59,"column":12},"end":{"line":59,"column":39}},{"start":{"line":59,"column":43},"end":{"line":59,"column":74}}],"line":59},"15":{"loc":{"start":{"line":74,"column":8},"end":{"line":87,"column":9}},"type":"if","locations":[{"start":{"line":74,"column":8},"end":{"line":87,"column":9}},{"start":{},"end":{}}],"line":74},"16":{"loc":{"start":{"line":74,"column":12},"end":{"line":74,"column":64}},"type":"binary-expr","locations":[{"start":{"line":74,"column":12},"end":{"line":74,"column":34}},{"start":{"line":74,"column":38},"end":{"line":74,"column":64}}],"line":74}},"s":{"0":2,"1":2,"2":2,"3":2,"4":0,"5":0,"6":5,"7":5,"8":5,"9":5,"10":5,"11":5,"12":1,"13":4,"14":4,"15":1,"16":3,"17":3,"18":9,"19":5,"20":1,"21":4,"22":3,"23":3,"24":8,"25":3,"26":3,"27":3,"28":3,"29":3,"30":3,"31":1,"32":1,"33":2,"34":1,"35":1,"36":1,"37":8,"38":0,"39":2},"f":{"0":5,"1":4,"2":9,"3":5,"4":3,"5":3,"6":8,"7":3,"8":0},"b":{"0":[2,2],"1":[0,2],"2":[5,1],"3":[0,5],"4":[0,5],"5":[5,1,1],"6":[1,4],"7":[1,3],"8":[1,4],"9":[5,5],"10":[3,0],"11":[3,0],"12":[3,0],"13":[1,2],"14":[3,1],"15":[1,1],"16":[2,1]},"_coverageSchema":"1a1c01bbd47fc00a2c39e90264f33305004495a9","hash":"027a58fd28ce7544f8939bbccc34cb586b769acc"}
,"D:\\React DNN dashboard\\backend\\config\\archiveTables.js": {"path":"D:\\React DNN dashboard\\backend\\config\\archiveTables.js","statementMap":{"0":{"start":{"line":1,"column":23},"end":{"line":68,"column":1}},"1":{"start":{"line":70,"column":0},"end":{"line":72,"column":2}}},"fnMap":{},"branchMap":{},"s":{"0":1,"1":1},"f":{},"b":{},"_coverageSchema":"1a1c01bbd47fc00a2c39e90264f33305004495a9","hash":"b55b1d76f6fb2f6380b9e6a1f738d618fff02cca"}
,"D:\\React DNN dashboard\\backend\\db\\alertSettings.js": {"path":"D:\\React DNN dashboard\\backend\\db\\alertSettings.js","statementMap":{"0":{"start":{"line":1,"column":33},"end":{"line":1,"column":51}},"1":{"start":{"line":2,"column":39},"end":{"line":2,"column":69}},"2":{"start":{"line":4,"column":22},"end":{"line":16,"column":1}},"3":{"start":{"line":19,"column":4},"end":{"line":21,"column":5}},"4":{"start":{"line":20,"column":8},"end":{"line":20,"column":92}},"5":{"start":{"line":20,"column":47},"end":{"line":20,"column":72}},"6":{"start":{"line":23,"column":4},"end":{"line":28,"column":7}},"7":{"start":{"line":26,"column":27},"end":{"line":26,"column":38}},"8":{"start":{"line":32,"column":4},"end":{"line":48,"column":5}},"9":{"start":{"line":33,"column":8},"end":{"line":47,"column":10}},"10":{"start":{"line":50,"column":4},"end":{"line":64,"column":6}},"11":{"start":{"line":68,"column":4},"end":{"line":73,"column":5}},"12":{"start":{"line":69,"column":8},"end":{"line":72,"column":10}},"13":{"start":{"line":75,"column":4},"end":{"line":88,"column":6}},"14":{"start":{"line":92,"column":4},"end":{"line":92,"column":45}},"15":{"start":{"line":92,"column":38},"end":{"line":92,"column":45}},"16":{"start":{"line":94,"column":4},"end":{"line":104,"column":7}},"17":{"start":{"line":106,"column":4},"end":{"line":127,"column":7}},"18":{"start":{"line":131,"column":4},"end":{"line":131,"column":60}},"19":{"start":{"line":131,"column":36},"end":{"line":131,"column":60}},"20":{"start":{"line":133,"column":4},"end":{"line":133,"column":30}},"21":{"start":{"line":134,"column":19},"end":{"line":134,"column":79}},"22":{"start":{"line":135,"column":4},"end":{"line":135,"column":38}},"23":{"start":{"line":139,"column":4},"end":{"line":139,"column":48}},"24":{"start":{"line":139,"column":36},"end":{"line":139,"column":48}},"25":{"start":{"line":141,"column":4},"end":{"line":141,"column":30}},"26":{"start":{"line":142,"column":19},"end":{"line":142,"column":79}},"27":{"start":{"line":143,"column":16},"end":{"line":143,"column":30}},"28":{"start":{"line":144,"column":4},"end":{"line":144,"column":26}},"29":{"start":{"line":144,"column":14},"end":{"line":144,"column":26}},"30":{"start":{"line":146,"column":4},"end":{"line":149,"column":6}},"31":{"start":{"line":153,"column":4},"end":{"line":155,"column":5}},"32":{"start":{"line":154,"column":8},"end":{"line":154,"column":54}},"33":{"start":{"line":157,"column":4},"end":{"line":157,"column":30}},"34":{"start":{"line":158,"column":25},"end":{"line":160,"column":113}},"35":{"start":{"line":162,"column":4},"end":{"line":195,"column":7}},"36":{"start":{"line":197,"column":4},"end":{"line":197,"column":29}},"37":{"start":{"line":201,"column":4},"end":{"line":201,"column":60}},"38":{"start":{"line":201,"column":36},"end":{"line":201,"column":60}},"39":{"start":{"line":203,"column":4},"end":{"line":203,"column":30}},"40":{"start":{"line":204,"column":19},"end":{"line":204,"column":77}},"41":{"start":{"line":205,"column":4},"end":{"line":205,"column":38}},"42":{"start":{"line":209,"column":4},"end":{"line":211,"column":5}},"43":{"start":{"line":210,"column":8},"end":{"line":210,"column":54}},"44":{"start":{"line":213,"column":4},"end":{"line":213,"column":30}},"45":{"start":{"line":215,"column":4},"end":{"line":249,"column":7}},"46":{"start":{"line":251,"column":4},"end":{"line":251,"column":27}},"47":{"start":{"line":255,"column":39},"end":{"line":258,"column":6}},"48":{"start":{"line":260,"column":4},"end":{"line":260,"column":40}},"49":{"start":{"line":264,"column":4},"end":{"line":264,"column":48}},"50":{"start":{"line":264,"column":36},"end":{"line":264,"column":48}},"51":{"start":{"line":266,"column":63},"end":{"line":306,"column":6}},"52":{"start":{"line":308,"column":4},"end":{"line":349,"column":6}},"53":{"start":{"line":309,"column":45},"end":{"line":318,"column":9}},"54":{"start":{"line":319,"column":55},"end":{"line":329,"column":9}},"55":{"start":{"line":330,"column":41},"end":{"line":338,"column":9}},"56":{"start":{"line":352,"column":0},"end":{"line":363,"column":2}}},"fnMap":{"0":{"name":"normalizeEmailList","decl":{"start":{"line":18,"column":9},"end":{"line":18,"column":27}},"loc":{"start":{"line":18,"column":35},"end":{"line":29,"column":1}},"line":18},"1":{"name":"(anonymous_1)","decl":{"start":{"line":20,"column":37},"end":{"line":20,"column":38}},"loc":{"start":{"line":20,"column":47},"end":{"line":20,"column":72}},"line":20},"2":{"name":"(anonymous_2)","decl":{"start":{"line":26,"column":17},"end":{"line":26,"column":18}},"loc":{"start":{"line":26,"column":27},"end":{"line":26,"column":38}},"line":26},"3":{"name":"mapSmtpRow","decl":{"start":{"line":31,"column":9},"end":{"line":31,"column":19}},"loc":{"start":{"line":31,"column":25},"end":{"line":65,"column":1}},"line":31},"4":{"name":"mapRuleRow","decl":{"start":{"line":67,"column":9},"end":{"line":67,"column":19}},"loc":{"start":{"line":67,"column":25},"end":{"line":89,"column":1}},"line":67},"5":{"name":"ensureDefaultRows","decl":{"start":{"line":91,"column":15},"end":{"line":91,"column":32}},"loc":{"start":{"line":91,"column":48},"end":{"line":128,"column":1}},"line":91},"6":{"name":"getSmtpSettings","decl":{"start":{"line":130,"column":15},"end":{"line":130,"column":30}},"loc":{"start":{"line":130,"column":33},"end":{"line":136,"column":1}},"line":130},"7":{"name":"getSmtpSettingsWithSecret","decl":{"start":{"line":138,"column":15},"end":{"line":138,"column":40}},"loc":{"start":{"line":138,"column":43},"end":{"line":150,"column":1}},"line":138},"8":{"name":"saveSmtpSettings","decl":{"start":{"line":152,"column":15},"end":{"line":152,"column":31}},"loc":{"start":{"line":152,"column":46},"end":{"line":198,"column":1}},"line":152},"9":{"name":"getAlertRules","decl":{"start":{"line":200,"column":15},"end":{"line":200,"column":28}},"loc":{"start":{"line":200,"column":31},"end":{"line":206,"column":1}},"line":200},"10":{"name":"saveAlertRules","decl":{"start":{"line":208,"column":15},"end":{"line":208,"column":29}},"loc":{"start":{"line":208,"column":44},"end":{"line":252,"column":1}},"line":208},"11":{"name":"getAlertConfiguration","decl":{"start":{"line":254,"column":15},"end":{"line":254,"column":36}},"loc":{"start":{"line":254,"column":39},"end":{"line":261,"column":1}},"line":254},"12":{"name":"getPreviousSnapshotState","decl":{"start":{"line":263,"column":15},"end":{"line":263,"column":39}},"loc":{"start":{"line":263,"column":42},"end":{"line":350,"column":1}},"line":263},"13":{"name":"(anonymous_13)","decl":{"start":{"line":309,"column":35},"end":{"line":309,"column":36}},"loc":{"start":{"line":309,"column":45},"end":{"line":318,"column":9}},"line":309},"14":{"name":"(anonymous_14)","decl":{"start":{"line":319,"column":45},"end":{"line":319,"column":46}},"loc":{"start":{"line":319,"column":55},"end":{"line":329,"column":9}},"line":319},"15":{"name":"(anonymous_15)","decl":{"start":{"line":330,"column":31},"end":{"line":330,"column":32}},"loc":{"start":{"line":330,"column":41},"end":{"line":338,"column":9}},"line":330}},"branchMap":{"0":{"loc":{"start":{"line":19,"column":4},"end":{"line":21,"column":5}},"type":"if","locations":[{"start":{"line":19,"column":4},"end":{"line":21,"column":5}},{"start":{},"end":{}}],"line":19},"1":{"loc":{"start":{"line":20,"column":54},"end":{"line":20,"column":64}},"type":"binary-expr","locations":[{"start":{"line":20,"column":54},"end":{"line":20,"column":58}},{"start":{"line":20,"column":62},"end":{"line":20,"column":64}}],"line":20},"2":{"loc":{"start":{"line":24,"column":15},"end":{"line":24,"column":26}},"type":"binary-expr","locations":[{"start":{"line":24,"column":15},"end":{"line":24,"column":20}},{"start":{"line":24,"column":24},"end":{"line":24,"column":26}}],"line":24},"3":{"loc":{"start":{"line":32,"column":4},"end":{"line":48,"column":5}},"type":"if","locations":[{"start":{"line":32,"column":4},"end":{"line":48,"column":5}},{"start":{},"end":{}}],"line":32},"4":{"loc":{"start":{"line":51,"column":18},"end":{"line":51,"column":37}},"type":"binary-expr","locations":[{"start":{"line":51,"column":18},"end":{"line":51,"column":31}},{"start":{"line":51,"column":35},"end":{"line":51,"column":37}}],"line":51},"5":{"loc":{"start":{"line":52,"column":25},"end":{"line":52,"column":45}},"type":"binary-expr","locations":[{"start":{"line":52,"column":25},"end":{"line":52,"column":38}},{"start":{"line":52,"column":42},"end":{"line":52,"column":45}}],"line":52},"6":{"loc":{"start":{"line":53,"column":18},"end":{"line":53,"column":37}},"type":"binary-expr","locations":[{"start":{"line":53,"column":18},"end":{"line":53,"column":31}},{"start":{"line":53,"column":35},"end":{"line":53,"column":37}}],"line":53},"7":{"loc":{"start":{"line":55,"column":21},"end":{"line":55,"column":43}},"type":"binary-expr","locations":[{"start":{"line":55,"column":21},"end":{"line":55,"column":37}},{"start":{"line":55,"column":41},"end":{"line":55,"column":43}}],"line":55},"8":{"loc":{"start":{"line":56,"column":20},"end":{"line":56,"column":41}},"type":"binary-expr","locations":[{"start":{"line":56,"column":20},"end":{"line":56,"column":35}},{"start":{"line":56,"column":39},"end":{"line":56,"column":41}}],"line":56},"9":{"loc":{"start":{"line":59,"column":30},"end":{"line":59,"column":62}},"type":"binary-expr","locations":[{"start":{"line":59,"column":30},"end":{"line":59,"column":56}},{"start":{"line":59,"column":60},"end":{"line":59,"column":62}}],"line":59},"10":{"loc":{"start":{"line":60,"column":18},"end":{"line":60,"column":37}},"type":"binary-expr","locations":[{"start":{"line":60,"column":18},"end":{"line":60,"column":31}},{"start":{"line":60,"column":35},"end":{"line":60,"column":37}}],"line":60},"11":{"loc":{"start":{"line":61,"column":19},"end":{"line":61,"column":39}},"type":"binary-expr","locations":[{"start":{"line":61,"column":19},"end":{"line":61,"column":33}},{"start":{"line":61,"column":37},"end":{"line":61,"column":39}}],"line":61},"12":{"loc":{"start":{"line":63,"column":19},"end":{"line":63,"column":97}},"type":"cond-expr","locations":[{"start":{"line":63,"column":52},"end":{"line":63,"column":80}},{"start":{"line":63,"column":83},"end":{"line":63,"column":97}}],"line":63},"13":{"loc":{"start":{"line":68,"column":4},"end":{"line":73,"column":5}},"type":"if","locations":[{"start":{"line":68,"column":4},"end":{"line":73,"column":5}},{"start":{},"end":{}}],"line":68},"14":{"loc":{"start":{"line":76,"column":34},"end":{"line":76,"column":92}},"type":"binary-expr","locations":[{"start":{"line":76,"column":34},"end":{"line":76,"column":57}},{"start":{"line":76,"column":61},"end":{"line":76,"column":92}}],"line":76},"15":{"loc":{"start":{"line":77,"column":37},"end":{"line":77,"column":101}},"type":"binary-expr","locations":[{"start":{"line":77,"column":37},"end":{"line":77,"column":63}},{"start":{"line":77,"column":67},"end":{"line":77,"column":101}}],"line":77},"16":{"loc":{"start":{"line":78,"column":35},"end":{"line":78,"column":95}},"type":"binary-expr","locations":[{"start":{"line":78,"column":35},"end":{"line":78,"column":59}},{"start":{"line":78,"column":63},"end":{"line":78,"column":95}}],"line":78},"17":{"loc":{"start":{"line":79,"column":37},"end":{"line":79,"column":100}},"type":"binary-expr","locations":[{"start":{"line":79,"column":37},"end":{"line":79,"column":62}},{"start":{"line":79,"column":66},"end":{"line":79,"column":100}}],"line":79},"18":{"loc":{"start":{"line":87,"column":19},"end":{"line":87,"column":97}},"type":"cond-expr","locations":[{"start":{"line":87,"column":52},"end":{"line":87,"column":80}},{"start":{"line":87,"column":83},"end":{"line":87,"column":97}}],"line":87},"19":{"loc":{"start":{"line":91,"column":33},"end":{"line":91,"column":46}},"type":"default-arg","locations":[{"start":{"line":91,"column":42},"end":{"line":91,"column":46}}],"line":91},"20":{"loc":{"start":{"line":92,"column":4},"end":{"line":92,"column":45}},"type":"if","locations":[{"start":{"line":92,"column":4},"end":{"line":92,"column":45}},{"start":{},"end":{}}],"line":92},"21":{"loc":{"start":{"line":92,"column":8},"end":{"line":92,"column":36}},"type":"binary-expr","locations":[{"start":{"line":92,"column":8},"end":{"line":92,"column":25}},{"start":{"line":92,"column":29},"end":{"line":92,"column":36}}],"line":92},"22":{"loc":{"start":{"line":131,"column":4},"end":{"line":131,"column":60}},"type":"if","locations":[{"start":{"line":131,"column":4},"end":{"line":131,"column":60}},{"start":{},"end":{}}],"line":131},"23":{"loc":{"start":{"line":131,"column":8},"end":{"line":131,"column":34}},"type":"binary-expr","locations":[{"start":{"line":131,"column":8},"end":{"line":131,"column":25}},{"start":{"line":131,"column":29},"end":{"line":131,"column":34}}],"line":131},"24":{"loc":{"start":{"line":139,"column":4},"end":{"line":139,"column":48}},"type":"if","locations":[{"start":{"line":139,"column":4},"end":{"line":139,"column":48}},{"start":{},"end":{}}],"line":139},"25":{"loc":{"start":{"line":139,"column":8},"end":{"line":139,"column":34}},"type":"binary-expr","locations":[{"start":{"line":139,"column":8},"end":{"line":139,"column":25}},{"start":{"line":139,"column":29},"end":{"line":139,"column":34}}],"line":139},"26":{"loc":{"start":{"line":144,"column":4},"end":{"line":144,"column":26}},"type":"if","locations":[{"start":{"line":144,"column":4},"end":{"line":144,"column":26}},{"start":{},"end":{}}],"line":144},"27":{"loc":{"start":{"line":148,"column":22},"end":{"line":148,"column":78}},"type":"cond-expr","locations":[{"start":{"line":148,"column":42},"end":{"line":148,"column":73}},{"start":{"line":148,"column":76},"end":{"line":148,"column":78}}],"line":148},"28":{"loc":{"start":{"line":152,"column":32},"end":{"line":152,"column":44}},"type":"default-arg","locations":[{"start":{"line":152,"column":42},"end":{"line":152,"column":44}}],"line":152},"29":{"loc":{"start":{"line":153,"column":4},"end":{"line":155,"column":5}},"type":"if","locations":[{"start":{"line":153,"column":4},"end":{"line":155,"column":5}},{"start":{},"end":{}}],"line":153},"30":{"loc":{"start":{"line":153,"column":8},"end":{"line":153,"column":34}},"type":"binary-expr","locations":[{"start":{"line":153,"column":8},"end":{"line":153,"column":25}},{"start":{"line":153,"column":29},"end":{"line":153,"column":34}}],"line":153},"31":{"loc":{"start":{"line":158,"column":25},"end":{"line":160,"column":113}},"type":"cond-expr","locations":[{"start":{"line":159,"column":10},"end":{"line":159,"column":44}},{"start":{"line":160,"column":10},"end":{"line":160,"column":113}}],"line":158},"32":{"loc":{"start":{"line":160,"column":10},"end":{"line":160,"column":113}},"type":"binary-expr","locations":[{"start":{"line":160,"column":10},"end":{"line":160,"column":107}},{"start":{"line":160,"column":111},"end":{"line":160,"column":113}}],"line":160},"33":{"loc":{"start":{"line":184,"column":15},"end":{"line":184,"column":37}},"type":"binary-expr","locations":[{"start":{"line":184,"column":15},"end":{"line":184,"column":31}},{"start":{"line":184,"column":35},"end":{"line":184,"column":37}}],"line":184},"34":{"loc":{"start":{"line":185,"column":15},"end":{"line":185,"column":38}},"type":"binary-expr","locations":[{"start":{"line":185,"column":15},"end":{"line":185,"column":31}},{"start":{"line":185,"column":35},"end":{"line":185,"column":38}}],"line":185},"35":{"loc":{"start":{"line":186,"column":15},"end":{"line":186,"column":37}},"type":"binary-expr","locations":[{"start":{"line":186,"column":15},"end":{"line":186,"column":31}},{"start":{"line":186,"column":35},"end":{"line":186,"column":37}}],"line":186},"36":{"loc":{"start":{"line":188,"column":15},"end":{"line":188,"column":40}},"type":"binary-expr","locations":[{"start":{"line":188,"column":15},"end":{"line":188,"column":34}},{"start":{"line":188,"column":38},"end":{"line":188,"column":40}}],"line":188},"37":{"loc":{"start":{"line":189,"column":15},"end":{"line":189,"column":39}},"type":"binary-expr","locations":[{"start":{"line":189,"column":15},"end":{"line":189,"column":33}},{"start":{"line":189,"column":37},"end":{"line":189,"column":39}}],"line":189},"38":{"loc":{"start":{"line":201,"column":4},"end":{"line":201,"column":60}},"type":"if","locations":[{"start":{"line":201,"column":4},"end":{"line":201,"column":60}},{"start":{},"end":{}}],"line":201},"39":{"loc":{"start":{"line":201,"column":8},"end":{"line":201,"column":34}},"type":"binary-expr","locations":[{"start":{"line":201,"column":8},"end":{"line":201,"column":25}},{"start":{"line":201,"column":29},"end":{"line":201,"column":34}}],"line":201},"40":{"loc":{"start":{"line":208,"column":30},"end":{"line":208,"column":42}},"type":"default-arg","locations":[{"start":{"line":208,"column":40},"end":{"line":208,"column":42}}],"line":208},"41":{"loc":{"start":{"line":209,"column":4},"end":{"line":211,"column":5}},"type":"if","locations":[{"start":{"line":209,"column":4},"end":{"line":211,"column":5}},{"start":{},"end":{}}],"line":209},"42":{"loc":{"start":{"line":209,"column":8},"end":{"line":209,"column":34}},"type":"binary-expr","locations":[{"start":{"line":209,"column":8},"end":{"line":209,"column":25}},{"start":{"line":209,"column":29},"end":{"line":209,"column":34}}],"line":209},"43":{"loc":{"start":{"line":238,"column":15},"end":{"line":238,"column":75}},"type":"binary-expr","locations":[{"start":{"line":238,"column":15},"end":{"line":238,"column":40}},{"start":{"line":238,"column":44},"end":{"line":238,"column":75}}],"line":238},"44":{"loc":{"start":{"line":239,"column":15},"end":{"line":239,"column":81}},"type":"binary-expr","locations":[{"start":{"line":239,"column":15},"end":{"line":239,"column":43}},{"start":{"line":239,"column":47},"end":{"line":239,"column":81}}],"line":239},"45":{"loc":{"start":{"line":240,"column":15},"end":{"line":240,"column":77}},"type":"binary-expr","locations":[{"start":{"line":240,"column":15},"end":{"line":240,"column":41}},{"start":{"line":240,"column":45},"end":{"line":240,"column":77}}],"line":240},"46":{"loc":{"start":{"line":241,"column":15},"end":{"line":241,"column":81}},"type":"binary-expr","locations":[{"start":{"line":241,"column":15},"end":{"line":241,"column":43}},{"start":{"line":241,"column":47},"end":{"line":241,"column":81}}],"line":241},"47":{"loc":{"start":{"line":264,"column":4},"end":{"line":264,"column":48}},"type":"if","locations":[{"start":{"line":264,"column":4},"end":{"line":264,"column":48}},{"start":{},"end":{}}],"line":264},"48":{"loc":{"start":{"line":264,"column":8},"end":{"line":264,"column":34}},"type":"binary-expr","locations":[{"start":{"line":264,"column":8},"end":{"line":264,"column":25}},{"start":{"line":264,"column":29},"end":{"line":264,"column":34}}],"line":264},"49":{"loc":{"start":{"line":314,"column":29},"end":{"line":314,"column":86}},"type":"cond-expr","locations":[{"start":{"line":314,"column":57},"end":{"line":314,"column":82}},{"start":{"line":314,"column":85},"end":{"line":314,"column":86}}],"line":314},"50":{"loc":{"start":{"line":315,"column":32},"end":{"line":315,"column":95}},"type":"cond-expr","locations":[{"start":{"line":315,"column":63},"end":{"line":315,"column":91}},{"start":{"line":315,"column":94},"end":{"line":315,"column":95}}],"line":315},"51":{"loc":{"start":{"line":316,"column":26},"end":{"line":316,"column":86}},"type":"cond-expr","locations":[{"start":{"line":316,"column":54},"end":{"line":316,"column":79}},{"start":{"line":316,"column":82},"end":{"line":316,"column":86}}],"line":316},"52":{"loc":{"start":{"line":317,"column":23},"end":{"line":317,"column":77}},"type":"cond-expr","locations":[{"start":{"line":317,"column":48},"end":{"line":317,"column":68}},{"start":{"line":317,"column":71},"end":{"line":317,"column":77}}],"line":317},"53":{"loc":{"start":{"line":322,"column":24},"end":{"line":322,"column":89}},"type":"cond-expr","locations":[{"start":{"line":322,"column":56},"end":{"line":322,"column":85}},{"start":{"line":322,"column":88},"end":{"line":322,"column":89}}],"line":322},"54":{"loc":{"start":{"line":323,"column":25},"end":{"line":323,"column":82}},"type":"cond-expr","locations":[{"start":{"line":323,"column":53},"end":{"line":323,"column":78}},{"start":{"line":323,"column":81},"end":{"line":323,"column":82}}],"line":323},"55":{"loc":{"start":{"line":324,"column":25},"end":{"line":324,"column":82}},"type":"cond-expr","locations":[{"start":{"line":324,"column":53},"end":{"line":324,"column":78}},{"start":{"line":324,"column":81},"end":{"line":324,"column":82}}],"line":324},"56":{"loc":{"start":{"line":325,"column":26},"end":{"line":327,"column":19}},"type":"cond-expr","locations":[{"start":{"line":326,"column":18},"end":{"line":326,"column":109}},{"start":{"line":327,"column":18},"end":{"line":327,"column":19}}],"line":325},"57":{"loc":{"start":{"line":326,"column":34},"end":{"line":326,"column":56}},"type":"binary-expr","locations":[{"start":{"line":326,"column":34},"end":{"line":326,"column":51}},{"start":{"line":326,"column":55},"end":{"line":326,"column":56}}],"line":326},"58":{"loc":{"start":{"line":328,"column":23},"end":{"line":328,"column":77}},"type":"cond-expr","locations":[{"start":{"line":328,"column":48},"end":{"line":328,"column":68}},{"start":{"line":328,"column":71},"end":{"line":328,"column":77}}],"line":328},"59":{"loc":{"start":{"line":334,"column":29},"end":{"line":334,"column":47}},"type":"binary-expr","locations":[{"start":{"line":334,"column":29},"end":{"line":334,"column":42}},{"start":{"line":334,"column":46},"end":{"line":334,"column":47}}],"line":334},"60":{"loc":{"start":{"line":335,"column":30},"end":{"line":335,"column":49}},"type":"binary-expr","locations":[{"start":{"line":335,"column":30},"end":{"line":335,"column":44}},{"start":{"line":335,"column":48},"end":{"line":335,"column":49}}],"line":335},"61":{"loc":{"start":{"line":336,"column":22},"end":{"line":336,"column":48}},"type":"binary-expr","locations":[{"start":{"line":336,"column":22},"end":{"line":336,"column":40}},{"start":{"line":336,"column":44},"end":{"line":336,"column":48}}],"line":336},"62":{"loc":{"start":{"line":337,"column":24},"end":{"line":337,"column":58}},"type":"binary-expr","locations":[{"start":{"line":337,"column":24},"end":{"line":337,"column":44}},{"start":{"line":337,"column":48},"end":{"line":337,"column":58}}],"line":337},"63":{"loc":{"start":{"line":339,"column":13},"end":{"line":348,"column":18}},"type":"cond-expr","locations":[{"start":{"line":340,"column":14},"end":{"line":347,"column":13}},{"start":{"line":348,"column":14},"end":{"line":348,"column":18}}],"line":339},"64":{"loc":{"start":{"line":341,"column":27},"end":{"line":341,"column":123}},"type":"cond-expr","locations":[{"start":{"line":341,"column":66},"end":{"line":341,"column":100}},{"start":{"line":341,"column":103},"end":{"line":341,"column":123}}],"line":341},"65":{"loc":{"start":{"line":345,"column":41},"end":{"line":345,"column":82}},"type":"binary-expr","locations":[{"start":{"line":345,"column":41},"end":{"line":345,"column":77}},{"start":{"line":345,"column":81},"end":{"line":345,"column":82}}],"line":345},"66":{"loc":{"start":{"line":346,"column":24},"end":{"line":346,"column":95}},"type":"cond-expr","locations":[{"start":{"line":346,"column":66},"end":{"line":346,"column":90}},{"start":{"line":346,"column":93},"end":{"line":346,"column":95}}],"line":346}},"s":{"0":1,"1":1,"2":1,"3":0,"4":0,"5":0,"6":0,"7":0,"8":0,"9":0,"10":0,"11":0,"12":0,"13":0,"14":0,"15":0,"16":0,"17":0,"18":0,"19":0,"20":0,"21":0,"22":0,"23":0,"24":0,"25":0,"26":0,"27":0,"28":0,"29":0,"30":0,"31":0,"32":0,"33":0,"34":0,"35":0,"36":0,"37":0,"38":0,"39":0,"40":0,"41":0,"42":0,"43":0,"44":0,"45":0,"46":0,"47":0,"48":0,"49":0,"50":0,"51":0,"52":0,"53":0,"54":0,"55":0,"56":1},"f":{"0":0,"1":0,"2":0,"3":0,"4":0,"5":0,"6":0,"7":0,"8":0,"9":0,"10":0,"11":0,"12":0,"13":0,"14":0,"15":0},"b":{"0":[0,0],"1":[0,0],"2":[0,0],"3":[0,0],"4":[0,0],"5":[0,0],"6":[0,0],"7":[0,0],"8":[0,0],"9":[0,0],"10":[0,0],"11":[0,0],"12":[0,0],"13":[0,0],"14":[0,0],"15":[0,0],"16":[0,0],"17":[0,0],"18":[0,0],"19":[0],"20":[0,0],"21":[0,0],"22":[0,0],"23":[0,0],"24":[0,0],"25":[0,0],"26":[0,0],"27":[0,0],"28":[0],"29":[0,0],"30":[0,0],"31":[0,0],"32":[0,0],"33":[0,0],"34":[0,0],"35":[0,0],"36":[0,0],"37":[0,0],"38":[0,0],"39":[0,0],"40":[0],"41":[0,0],"42":[0,0],"43":[0,0],"44":[0,0],"45":[0,0],"46":[0,0],"47":[0,0],"48":[0,0],"49":[0,0],"50":[0,0],"51":[0,0],"52":[0,0],"53":[0,0],"54":[0,0],"55":[0,0],"56":[0,0],"57":[0,0],"58":[0,0],"59":[0,0],"60":[0,0],"61":[0,0],"62":[0,0],"63":[0,0],"64":[0,0],"65":[0,0],"66":[0,0]},"_coverageSchema":"1a1c01bbd47fc00a2c39e90264f33305004495a9","hash":"d884718a067ed0c8bc300ae733b5a7dda7631970"}
,"D:\\React DNN dashboard\\backend\\db\\index.js": {"path":"D:\\React DNN dashboard\\backend\\db\\index.js","statementMap":{"0":{"start":{"line":1,"column":17},"end":{"line":1,"column":30}},"1":{"start":{"line":3,"column":24},"end":{"line":3,"column":37}},"2":{"start":{"line":5,"column":13},"end":{"line":14,"column":10}},"3":{"start":{"line":16,"column":21},"end":{"line":250,"column":1}},"4":{"start":{"line":253,"column":4},"end":{"line":253,"column":25}},"5":{"start":{"line":257,"column":4},"end":{"line":257,"column":16}},"6":{"start":{"line":261,"column":4},"end":{"line":261,"column":71}},"7":{"start":{"line":265,"column":4},"end":{"line":265,"column":67}},"8":{"start":{"line":265,"column":49},"end":{"line":265,"column":67}},"9":{"start":{"line":266,"column":4},"end":{"line":266,"column":66}},"10":{"start":{"line":266,"column":49},"end":{"line":266,"column":66}},"11":{"start":{"line":267,"column":4},"end":{"line":267,"column":20}},"12":{"start":{"line":271,"column":4},"end":{"line":271,"column":75}},"13":{"start":{"line":275,"column":16},"end":{"line":275,"column":74}},"14":{"start":{"line":276,"column":16},"end":{"line":276,"column":81}},"15":{"start":{"line":278,"column":4},"end":{"line":285,"column":5}},"16":{"start":{"line":279,"column":8},"end":{"line":284,"column":67}},"17":{"start":{"line":279,"column":37},"end":{"line":279,"column":86}},"18":{"start":{"line":280,"column":13},"end":{"line":284,"column":67}},"19":{"start":{"line":280,"column":41},"end":{"line":280,"column":90}},"20":{"start":{"line":281,"column":13},"end":{"line":284,"column":67}},"21":{"start":{"line":281,"column":41},"end":{"line":281,"column":94}},"22":{"start":{"line":282,"column":13},"end":{"line":284,"column":67}},"23":{"start":{"line":282,"column":42},"end":{"line":282,"column":96}},"24":{"start":{"line":283,"column":13},"end":{"line":284,"column":67}},"25":{"start":{"line":283,"column":41},"end":{"line":283,"column":99}},"26":{"start":{"line":284,"column":13},"end":{"line":284,"column":67}},"27":{"start":{"line":287,"column":4},"end":{"line":287,"column":26}},"28":{"start":{"line":291,"column":4},"end":{"line":291,"column":76}},"29":{"start":{"line":295,"column":19},"end":{"line":295,"column":45}},"30":{"start":{"line":296,"column":4},"end":{"line":296,"column":69}},"31":{"start":{"line":300,"column":14},"end":{"line":300,"column":28}},"32":{"start":{"line":301,"column":4},"end":{"line":301,"column":182}},"33":{"start":{"line":305,"column":4},"end":{"line":308,"column":5}},"34":{"start":{"line":306,"column":8},"end":{"line":306,"column":126}},"35":{"start":{"line":307,"column":8},"end":{"line":307,"column":21}},"36":{"start":{"line":310,"column":4},"end":{"line":310,"column":35}},"37":{"start":{"line":311,"column":34},"end":{"line":311,"column":60}},"38":{"start":{"line":312,"column":4},"end":{"line":312,"column":30}},"39":{"start":{"line":313,"column":4},"end":{"line":313,"column":35}},"40":{"start":{"line":314,"column":4},"end":{"line":314,"column":37}},"41":{"start":{"line":315,"column":4},"end":{"line":315,"column":16}},"42":{"start":{"line":319,"column":4},"end":{"line":319,"column":22}},"43":{"start":{"line":319,"column":15},"end":{"line":319,"column":22}},"44":{"start":{"line":321,"column":4},"end":{"line":338,"column":5}},"45":{"start":{"line":322,"column":25},"end":{"line":322,"column":85}},"46":{"start":{"line":323,"column":8},"end":{"line":323,"column":59}},"47":{"start":{"line":323,"column":52},"end":{"line":323,"column":59}},"48":{"start":{"line":325,"column":41},"end":{"line":325,"column":80}},"49":{"start":{"line":326,"column":8},"end":{"line":326,"column":86}},"50":{"start":{"line":326,"column":79},"end":{"line":326,"column":86}},"51":{"start":{"line":328,"column":8},"end":{"line":328,"column":59}},"52":{"start":{"line":329,"column":8},"end":{"line":334,"column":9}},"53":{"start":{"line":330,"column":12},"end":{"line":333,"column":14}},"54":{"start":{"line":335,"column":8},"end":{"line":335,"column":55}},"55":{"start":{"line":337,"column":8},"end":{"line":337,"column":81}},"56":{"start":{"line":342,"column":16},"end":{"line":342,"column":25}},"57":{"start":{"line":344,"column":4},"end":{"line":366,"column":5}},"58":{"start":{"line":345,"column":23},"end":{"line":363,"column":9}},"59":{"start":{"line":365,"column":8},"end":{"line":365,"column":46}},"60":{"start":{"line":368,"column":4},"end":{"line":368,"column":15}},"61":{"start":{"line":372,"column":16},"end":{"line":372,"column":25}},"62":{"start":{"line":374,"column":4},"end":{"line":387,"column":5}},"63":{"start":{"line":375,"column":23},"end":{"line":384,"column":9}},"64":{"start":{"line":386,"column":8},"end":{"line":386,"column":51}},"65":{"start":{"line":389,"column":4},"end":{"line":389,"column":15}},"66":{"start":{"line":393,"column":16},"end":{"line":393,"column":25}},"67":{"start":{"line":394,"column":21},"end":{"line":394,"column":81}},"68":{"start":{"line":394,"column":49},"end":{"line":394,"column":79}},"69":{"start":{"line":396,"column":4},"end":{"line":407,"column":7}},"70":{"start":{"line":397,"column":22},"end":{"line":397,"column":61}},"71":{"start":{"line":398,"column":8},"end":{"line":401,"column":9}},"72":{"start":{"line":399,"column":12},"end":{"line":399,"column":35}},"73":{"start":{"line":400,"column":12},"end":{"line":400,"column":19}},"74":{"start":{"line":403,"column":29},"end":{"line":403,"column":41}},"75":{"start":{"line":404,"column":8},"end":{"line":406,"column":9}},"76":{"start":{"line":405,"column":12},"end":{"line":405,"column":47}},"77":{"start":{"line":409,"column":4},"end":{"line":409,"column":15}},"78":{"start":{"line":413,"column":16},"end":{"line":413,"column":25}},"79":{"start":{"line":415,"column":4},"end":{"line":428,"column":5}},"80":{"start":{"line":416,"column":23},"end":{"line":425,"column":9}},"81":{"start":{"line":427,"column":8},"end":{"line":427,"column":49}},"82":{"start":{"line":430,"column":4},"end":{"line":430,"column":15}},"83":{"start":{"line":434,"column":16},"end":{"line":434,"column":25}},"84":{"start":{"line":435,"column":19},"end":{"line":435,"column":62}},"85":{"start":{"line":437,"column":4},"end":{"line":460,"column":5}},"86":{"start":{"line":438,"column":23},"end":{"line":457,"column":9}},"87":{"start":{"line":459,"column":8},"end":{"line":459,"column":45}},"88":{"start":{"line":462,"column":4},"end":{"line":462,"column":15}},"89":{"start":{"line":466,"column":19},"end":{"line":466,"column":88}},"90":{"start":{"line":467,"column":4},"end":{"line":467,"column":31}},"91":{"start":{"line":467,"column":24},"end":{"line":467,"column":31}},"92":{"start":{"line":469,"column":21},"end":{"line":469,"column":35}},"93":{"start":{"line":470,"column":4},"end":{"line":470,"column":26}},"94":{"start":{"line":470,"column":19},"end":{"line":470,"column":26}},"95":{"start":{"line":472,"column":4},"end":{"line":493,"column":5}},"96":{"start":{"line":473,"column":24},"end":{"line":473,"column":53}},"97":{"start":{"line":474,"column":21},"end":{"line":474,"column":43}},"98":{"start":{"line":475,"column":25},"end":{"line":475,"column":69}},"99":{"start":{"line":478,"column":28},"end":{"line":481,"column":9}},"100":{"start":{"line":483,"column":8},"end":{"line":492,"column":9}},"101":{"start":{"line":484,"column":36},"end":{"line":484,"column":86}},"102":{"start":{"line":485,"column":30},"end":{"line":485,"column":113}},"103":{"start":{"line":487,"column":12},"end":{"line":491,"column":14}},"104":{"start":{"line":497,"column":16},"end":{"line":497,"column":53}},"105":{"start":{"line":498,"column":4},"end":{"line":498,"column":46}},"106":{"start":{"line":498,"column":28},"end":{"line":498,"column":46}},"107":{"start":{"line":499,"column":4},"end":{"line":499,"column":44}},"108":{"start":{"line":499,"column":27},"end":{"line":499,"column":44}},"109":{"start":{"line":500,"column":4},"end":{"line":500,"column":18}},"110":{"start":{"line":504,"column":17},"end":{"line":504,"column":55}},"111":{"start":{"line":505,"column":20},"end":{"line":505,"column":61}},"112":{"start":{"line":507,"column":4},"end":{"line":515,"column":5}},"113":{"start":{"line":514,"column":8},"end":{"line":514,"column":26}},"114":{"start":{"line":517,"column":4},"end":{"line":519,"column":5}},"115":{"start":{"line":518,"column":8},"end":{"line":518,"column":25}},"116":{"start":{"line":521,"column":4},"end":{"line":521,"column":18}},"117":{"start":{"line":525,"column":20},"end":{"line":525,"column":39}},"118":{"start":{"line":526,"column":19},"end":{"line":526,"column":37}},"119":{"start":{"line":527,"column":21},"end":{"line":527,"column":79}},"120":{"start":{"line":529,"column":4},"end":{"line":550,"column":5}},"121":{"start":{"line":531,"column":12},"end":{"line":531,"column":90}},"122":{"start":{"line":533,"column":12},"end":{"line":533,"column":94}},"123":{"start":{"line":535,"column":12},"end":{"line":535,"column":100}},"124":{"start":{"line":537,"column":12},"end":{"line":537,"column":102}},"125":{"start":{"line":539,"column":12},"end":{"line":539,"column":97}},"126":{"start":{"line":541,"column":12},"end":{"line":541,"column":107}},"127":{"start":{"line":543,"column":12},"end":{"line":543,"column":113}},"128":{"start":{"line":545,"column":12},"end":{"line":545,"column":111}},"129":{"start":{"line":547,"column":12},"end":{"line":547,"column":123}},"130":{"start":{"line":549,"column":12},"end":{"line":549,"column":73}},"131":{"start":{"line":554,"column":4},"end":{"line":554,"column":57}},"132":{"start":{"line":554,"column":50},"end":{"line":554,"column":57}},"133":{"start":{"line":555,"column":21},"end":{"line":555,"column":35}},"134":{"start":{"line":556,"column":4},"end":{"line":556,"column":26}},"135":{"start":{"line":556,"column":19},"end":{"line":556,"column":26}},"136":{"start":{"line":558,"column":4},"end":{"line":571,"column":5}},"137":{"start":{"line":559,"column":32},"end":{"line":559,"column":82}},"138":{"start":{"line":560,"column":26},"end":{"line":560,"column":109}},"139":{"start":{"line":561,"column":8},"end":{"line":570,"column":10}},"140":{"start":{"line":575,"column":4},"end":{"line":584,"column":6}},"141":{"start":{"line":588,"column":4},"end":{"line":588,"column":25}},"142":{"start":{"line":588,"column":15},"end":{"line":588,"column":25}},"143":{"start":{"line":590,"column":22},"end":{"line":590,"column":69}},"144":{"start":{"line":591,"column":19},"end":{"line":600,"column":5}},"145":{"start":{"line":602,"column":4},"end":{"line":602,"column":48}},"146":{"start":{"line":606,"column":4},"end":{"line":606,"column":34}},"147":{"start":{"line":606,"column":27},"end":{"line":606,"column":34}},"148":{"start":{"line":608,"column":25},"end":{"line":608,"column":64}},"149":{"start":{"line":610,"column":4},"end":{"line":616,"column":5}},"150":{"start":{"line":611,"column":8},"end":{"line":615,"column":10}},"151":{"start":{"line":620,"column":19},"end":{"line":620,"column":62}},"152":{"start":{"line":621,"column":27},"end":{"line":621,"column":100}},"153":{"start":{"line":623,"column":4},"end":{"line":697,"column":5}},"154":{"start":{"line":624,"column":28},"end":{"line":624,"column":56}},"155":{"start":{"line":625,"column":8},"end":{"line":625,"column":35}},"156":{"start":{"line":625,"column":26},"end":{"line":625,"column":35}},"157":{"start":{"line":627,"column":24},"end":{"line":627,"column":124}},"158":{"start":{"line":628,"column":32},"end":{"line":628,"column":132}},"159":{"start":{"line":630,"column":8},"end":{"line":649,"column":10}},"160":{"start":{"line":651,"column":8},"end":{"line":664,"column":9}},"161":{"start":{"line":652,"column":12},"end":{"line":663,"column":14}},"162":{"start":{"line":666,"column":8},"end":{"line":682,"column":9}},"163":{"start":{"line":667,"column":33},"end":{"line":667,"column":59}},"164":{"start":{"line":668,"column":32},"end":{"line":668,"column":92}},"165":{"start":{"line":670,"column":12},"end":{"line":681,"column":14}},"166":{"start":{"line":684,"column":8},"end":{"line":696,"column":9}},"167":{"start":{"line":685,"column":12},"end":{"line":695,"column":14}},"168":{"start":{"line":701,"column":4},"end":{"line":701,"column":62}},"169":{"start":{"line":701,"column":55},"end":{"line":701,"column":62}},"170":{"start":{"line":703,"column":20},"end":{"line":703,"column":44}},"171":{"start":{"line":704,"column":19},"end":{"line":704,"column":76}},"172":{"start":{"line":705,"column":20},"end":{"line":705,"column":79}},"173":{"start":{"line":706,"column":29},"end":{"line":706,"column":75}},"174":{"start":{"line":708,"column":4},"end":{"line":749,"column":6}},"175":{"start":{"line":753,"column":20},"end":{"line":756,"column":5}},"176":{"start":{"line":758,"column":4},"end":{"line":758,"column":44}},"177":{"start":{"line":758,"column":29},"end":{"line":758,"column":44}},"178":{"start":{"line":760,"column":27},"end":{"line":764,"column":6}},"179":{"start":{"line":766,"column":27},"end":{"line":766,"column":88}},"180":{"start":{"line":766,"column":68},"end":{"line":766,"column":86}},"181":{"start":{"line":767,"column":31},"end":{"line":767,"column":81}},"182":{"start":{"line":767,"column":65},"end":{"line":767,"column":80}},"183":{"start":{"line":768,"column":27},"end":{"line":768,"column":82}},"184":{"start":{"line":769,"column":24},"end":{"line":769,"column":33}},"185":{"start":{"line":771,"column":4},"end":{"line":849,"column":5}},"186":{"start":{"line":772,"column":23},"end":{"line":772,"column":53}},"187":{"start":{"line":773,"column":33},"end":{"line":773,"column":65}},"188":{"start":{"line":774,"column":25},"end":{"line":774,"column":52}},"189":{"start":{"line":775,"column":27},"end":{"line":775,"column":51}},"190":{"start":{"line":776,"column":28},"end":{"line":776,"column":50}},"191":{"start":{"line":777,"column":27},"end":{"line":777,"column":42}},"192":{"start":{"line":778,"column":29},"end":{"line":778,"column":62}},"193":{"start":{"line":779,"column":8},"end":{"line":779,"column":33}},"194":{"start":{"line":781,"column":8},"end":{"line":807,"column":9}},"195":{"start":{"line":782,"column":29},"end":{"line":787,"column":13}},"196":{"start":{"line":789,"column":12},"end":{"line":805,"column":13}},"197":{"start":{"line":790,"column":16},"end":{"line":794,"column":18}},"198":{"start":{"line":796,"column":16},"end":{"line":804,"column":19}},"199":{"start":{"line":806,"column":12},"end":{"line":806,"column":21}},"200":{"start":{"line":809,"column":8},"end":{"line":822,"column":10}},"201":{"start":{"line":824,"column":8},"end":{"line":848,"column":9}},"202":{"start":{"line":825,"column":12},"end":{"line":841,"column":13}},"203":{"start":{"line":826,"column":16},"end":{"line":830,"column":18}},"204":{"start":{"line":832,"column":16},"end":{"line":840,"column":19}},"205":{"start":{"line":842,"column":15},"end":{"line":848,"column":9}},"206":{"start":{"line":843,"column":12},"end":{"line":847,"column":14}},"207":{"start":{"line":851,"column":4},"end":{"line":877,"column":5}},"208":{"start":{"line":852,"column":8},"end":{"line":876,"column":9}},"209":{"start":{"line":853,"column":12},"end":{"line":860,"column":14}},"210":{"start":{"line":862,"column":12},"end":{"line":866,"column":14}},"211":{"start":{"line":868,"column":12},"end":{"line":875,"column":15}},"212":{"start":{"line":879,"column":4},"end":{"line":879,"column":19}},"213":{"start":{"line":883,"column":4},"end":{"line":883,"column":28}},"214":{"start":{"line":883,"column":15},"end":{"line":883,"column":28}},"215":{"start":{"line":884,"column":4},"end":{"line":884,"column":142}},"216":{"start":{"line":884,"column":129},"end":{"line":884,"column":142}},"217":{"start":{"line":886,"column":19},"end":{"line":886,"column":39}},"218":{"start":{"line":887,"column":16},"end":{"line":887,"column":26}},"219":{"start":{"line":889,"column":4},"end":{"line":938,"column":5}},"220":{"start":{"line":890,"column":8},"end":{"line":890,"column":36}},"221":{"start":{"line":892,"column":26},"end":{"line":892,"column":65}},"222":{"start":{"line":893,"column":31},"end":{"line":893,"column":80}},"223":{"start":{"line":894,"column":23},"end":{"line":894,"column":66}},"224":{"start":{"line":896,"column":8},"end":{"line":907,"column":9}},"225":{"start":{"line":897,"column":30},"end":{"line":897,"column":51}},"226":{"start":{"line":898,"column":28},"end":{"line":898,"column":134}},"227":{"start":{"line":899,"column":33},"end":{"line":899,"column":104}},"228":{"start":{"line":900,"column":27},"end":{"line":900,"column":115}},"229":{"start":{"line":902,"column":12},"end":{"line":906,"column":14}},"230":{"start":{"line":909,"column":8},"end":{"line":922,"column":9}},"231":{"start":{"line":910,"column":12},"end":{"line":921,"column":14}},"232":{"start":{"line":924,"column":26},"end":{"line":924,"column":86}},"233":{"start":{"line":925,"column":8},"end":{"line":925,"column":60}},"234":{"start":{"line":926,"column":8},"end":{"line":926,"column":64}},"235":{"start":{"line":927,"column":8},"end":{"line":927,"column":86}},"236":{"start":{"line":928,"column":8},"end":{"line":928,"column":56}},"237":{"start":{"line":930,"column":8},"end":{"line":930,"column":37}},"238":{"start":{"line":931,"column":8},"end":{"line":931,"column":39}},"239":{"start":{"line":933,"column":8},"end":{"line":933,"column":39}},"240":{"start":{"line":934,"column":8},"end":{"line":934,"column":67}},"241":{"start":{"line":935,"column":8},"end":{"line":935,"column":20}},"242":{"start":{"line":937,"column":8},"end":{"line":937,"column":25}},"243":{"start":{"line":942,"column":4},"end":{"line":942,"column":27}},"244":{"start":{"line":942,"column":15},"end":{"line":942,"column":27}},"245":{"start":{"line":944,"column":27},"end":{"line":944,"column":51}},"246":{"start":{"line":945,"column":19},"end":{"line":945,"column":65}},"247":{"start":{"line":946,"column":17},"end":{"line":946,"column":59}},"248":{"start":{"line":947,"column":24},"end":{"line":947,"column":80}},"249":{"start":{"line":949,"column":24},"end":{"line":949,"column":47}},"250":{"start":{"line":950,"column":22},"end":{"line":950,"column":43}},"251":{"start":{"line":951,"column":29},"end":{"line":951,"column":57}},"252":{"start":{"line":953,"column":23},"end":{"line":953,"column":35}},"253":{"start":{"line":954,"column":30},"end":{"line":954,"column":71}},"254":{"start":{"line":955,"column":33},"end":{"line":955,"column":83}},"255":{"start":{"line":957,"column":28},"end":{"line":957,"column":79}},"256":{"start":{"line":958,"column":38},"end":{"line":958,"column":98}},"257":{"start":{"line":960,"column":27},"end":{"line":960,"column":29}},"258":{"start":{"line":961,"column":30},"end":{"line":961,"column":45}},"259":{"start":{"line":962,"column":27},"end":{"line":962,"column":28}},"260":{"start":{"line":964,"column":4},"end":{"line":968,"column":5}},"261":{"start":{"line":965,"column":8},"end":{"line":965,"column":70}},"262":{"start":{"line":966,"column":8},"end":{"line":966,"column":39}},"263":{"start":{"line":967,"column":8},"end":{"line":967,"column":30}},"264":{"start":{"line":970,"column":4},"end":{"line":973,"column":5}},"265":{"start":{"line":971,"column":8},"end":{"line":971,"column":65}},"266":{"start":{"line":972,"column":8},"end":{"line":972,"column":37}},"267":{"start":{"line":975,"column":114},"end":{"line":1007,"column":6}},"268":{"start":{"line":1009,"column":29},"end":{"line":1015,"column":6}},"269":{"start":{"line":1017,"column":24},"end":{"line":1027,"column":7}},"270":{"start":{"line":1017,"column":61},"end":{"line":1027,"column":5}},"271":{"start":{"line":1029,"column":26},"end":{"line":1039,"column":7}},"272":{"start":{"line":1029,"column":68},"end":{"line":1039,"column":5}},"273":{"start":{"line":1041,"column":23},"end":{"line":1050,"column":7}},"274":{"start":{"line":1041,"column":57},"end":{"line":1050,"column":5}},"275":{"start":{"line":1052,"column":31},"end":{"line":1069,"column":6}},"276":{"start":{"line":1071,"column":25},"end":{"line":1082,"column":7}},"277":{"start":{"line":1071,"column":63},"end":{"line":1082,"column":5}},"278":{"start":{"line":1084,"column":25},"end":{"line":1084,"column":34}},"279":{"start":{"line":1085,"column":4},"end":{"line":1085,"column":68}},"280":{"start":{"line":1085,"column":33},"end":{"line":1085,"column":66}},"281":{"start":{"line":1086,"column":27},"end":{"line":1086,"column":60}},"282":{"start":{"line":1088,"column":23},"end":{"line":1088,"column":93}},"283":{"start":{"line":1088,"column":61},"end":{"line":1088,"column":85}},"284":{"start":{"line":1089,"column":23},"end":{"line":1089,"column":93}},"285":{"start":{"line":1089,"column":61},"end":{"line":1089,"column":85}},"286":{"start":{"line":1091,"column":27},"end":{"line":1091,"column":36}},"287":{"start":{"line":1092,"column":4},"end":{"line":1098,"column":7}},"288":{"start":{"line":1093,"column":20},"end":{"line":1093,"column":39}},"289":{"start":{"line":1094,"column":24},"end":{"line":1094,"column":154}},"290":{"start":{"line":1095,"column":8},"end":{"line":1095,"column":67}},"291":{"start":{"line":1095,"column":41},"end":{"line":1095,"column":67}},"292":{"start":{"line":1096,"column":8},"end":{"line":1096,"column":67}},"293":{"start":{"line":1096,"column":41},"end":{"line":1096,"column":67}},"294":{"start":{"line":1097,"column":8},"end":{"line":1097,"column":41}},"295":{"start":{"line":1100,"column":31},"end":{"line":1118,"column":5}},"296":{"start":{"line":1101,"column":28},"end":{"line":1101,"column":43}},"297":{"start":{"line":1102,"column":8},"end":{"line":1102,"column":41}},"298":{"start":{"line":1103,"column":26},"end":{"line":1103,"column":39}},"299":{"start":{"line":1104,"column":8},"end":{"line":1104,"column":39}},"300":{"start":{"line":1106,"column":8},"end":{"line":1117,"column":9}},"301":{"start":{"line":1106,"column":26},"end":{"line":1106,"column":47}},"302":{"start":{"line":1107,"column":24},"end":{"line":1107,"column":57}},"303":{"start":{"line":1108,"column":12},"end":{"line":1116,"column":13}},"304":{"start":{"line":1109,"column":16},"end":{"line":1115,"column":19}},"305":{"start":{"line":1120,"column":4},"end":{"line":1120,"column":25}},"306":{"start":{"line":1122,"column":27},"end":{"line":1122,"column":36}},"307":{"start":{"line":1123,"column":4},"end":{"line":1126,"column":7}},"308":{"start":{"line":1124,"column":23},"end":{"line":1124,"column":50}},"309":{"start":{"line":1125,"column":8},"end":{"line":1125,"column":91}},"310":{"start":{"line":1128,"column":27},"end":{"line":1128,"column":131}},"311":{"start":{"line":1128,"column":56},"end":{"line":1128,"column":101}},"312":{"start":{"line":1129,"column":31},"end":{"line":1131,"column":12}},"313":{"start":{"line":1130,"column":38},"end":{"line":1130,"column":138}},"314":{"start":{"line":1133,"column":31},"end":{"line":1144,"column":6}},"315":{"start":{"line":1146,"column":4},"end":{"line":1206,"column":6}},"316":{"start":{"line":1148,"column":50},"end":{"line":1148,"column":122}},"317":{"start":{"line":1157,"column":92},"end":{"line":1157,"column":116}},"318":{"start":{"line":1158,"column":57},"end":{"line":1158,"column":81}},"319":{"start":{"line":1159,"column":58},"end":{"line":1159,"column":83}},"320":{"start":{"line":1160,"column":62},"end":{"line":1160,"column":90}},"321":{"start":{"line":1161,"column":66},"end":{"line":1161,"column":98}},"322":{"start":{"line":1162,"column":65},"end":{"line":1162,"column":90}},"323":{"start":{"line":1167,"column":76},"end":{"line":1167,"column":112}},"324":{"start":{"line":1168,"column":97},"end":{"line":1168,"column":144}},"325":{"start":{"line":1173,"column":57},"end":{"line":1173,"column":88}},"326":{"start":{"line":1176,"column":33},"end":{"line":1176,"column":52}},"327":{"start":{"line":1177,"column":31},"end":{"line":1177,"column":150}},"328":{"start":{"line":1178,"column":32},"end":{"line":1178,"column":63}},"329":{"start":{"line":1179,"column":61},"end":{"line":1179,"column":92}},"330":{"start":{"line":1180,"column":59},"end":{"line":1180,"column":90}},"331":{"start":{"line":1183,"column":51},"end":{"line":1188,"column":13}},"332":{"start":{"line":1187,"column":53},"end":{"line":1187,"column":75}},"333":{"start":{"line":1189,"column":45},"end":{"line":1194,"column":13}},"334":{"start":{"line":1193,"column":52},"end":{"line":1193,"column":70}},"335":{"start":{"line":1196,"column":58},"end":{"line":1202,"column":9}},"336":{"start":{"line":1204,"column":41},"end":{"line":1204,"column":65}},"337":{"start":{"line":1210,"column":4},"end":{"line":1210,"column":36}},"338":{"start":{"line":1210,"column":24},"end":{"line":1210,"column":36}},"339":{"start":{"line":1211,"column":4},"end":{"line":1213,"column":43}},"340":{"start":{"line":1217,"column":4},"end":{"line":1217,"column":27}},"341":{"start":{"line":1217,"column":15},"end":{"line":1217,"column":27}},"342":{"start":{"line":1219,"column":152},"end":{"line":1309,"column":6}},"343":{"start":{"line":1311,"column":21},"end":{"line":1329,"column":6}},"344":{"start":{"line":1312,"column":30},"end":{"line":1312,"column":62}},"345":{"start":{"line":1313,"column":23},"end":{"line":1313,"column":56}},"346":{"start":{"line":1314,"column":26},"end":{"line":1314,"column":104}},"347":{"start":{"line":1316,"column":8},"end":{"line":1328,"column":10}},"348":{"start":{"line":1331,"column":23},"end":{"line":1331,"column":99}},"349":{"start":{"line":1331,"column":61},"end":{"line":1331,"column":95}},"350":{"start":{"line":1332,"column":26},"end":{"line":1332,"column":106}},"351":{"start":{"line":1332,"column":64},"end":{"line":1332,"column":102}},"352":{"start":{"line":1333,"column":27},"end":{"line":1333,"column":93}},"353":{"start":{"line":1333,"column":57},"end":{"line":1333,"column":89}},"354":{"start":{"line":1334,"column":23},"end":{"line":1336,"column":14}},"355":{"start":{"line":1335,"column":48},"end":{"line":1335,"column":77}},"356":{"start":{"line":1337,"column":23},"end":{"line":1339,"column":14}},"357":{"start":{"line":1338,"column":48},"end":{"line":1338,"column":77}},"358":{"start":{"line":1341,"column":23},"end":{"line":1350,"column":7}},"359":{"start":{"line":1341,"column":65},"end":{"line":1350,"column":5}},"360":{"start":{"line":1352,"column":27},"end":{"line":1352,"column":101}},"361":{"start":{"line":1352,"column":59},"end":{"line":1352,"column":97}},"362":{"start":{"line":1353,"column":26},"end":{"line":1353,"column":96}},"363":{"start":{"line":1353,"column":58},"end":{"line":1353,"column":92}},"364":{"start":{"line":1354,"column":26},"end":{"line":1354,"column":96}},"365":{"start":{"line":1354,"column":58},"end":{"line":1354,"column":92}},"366":{"start":{"line":1355,"column":23},"end":{"line":1355,"column":110}},"367":{"start":{"line":1357,"column":19},"end":{"line":1363,"column":7}},"368":{"start":{"line":1357,"column":55},"end":{"line":1363,"column":5}},"369":{"start":{"line":1365,"column":22},"end":{"line":1365,"column":92}},"370":{"start":{"line":1365,"column":60},"end":{"line":1365,"column":84}},"371":{"start":{"line":1366,"column":22},"end":{"line":1366,"column":92}},"372":{"start":{"line":1366,"column":60},"end":{"line":1366,"column":84}},"373":{"start":{"line":1368,"column":25},"end":{"line":1368,"column":108}},"374":{"start":{"line":1368,"column":62},"end":{"line":1368,"column":92}},"375":{"start":{"line":1369,"column":24},"end":{"line":1369,"column":119}},"376":{"start":{"line":1369,"column":69},"end":{"line":1369,"column":115}},"377":{"start":{"line":1370,"column":33},"end":{"line":1370,"column":83}},"378":{"start":{"line":1370,"column":58},"end":{"line":1370,"column":82}},"379":{"start":{"line":1371,"column":25},"end":{"line":1376,"column":14}},"380":{"start":{"line":1373,"column":54},"end":{"line":1373,"column":89}},"381":{"start":{"line":1378,"column":25},"end":{"line":1381,"column":7}},"382":{"start":{"line":1378,"column":63},"end":{"line":1381,"column":5}},"383":{"start":{"line":1383,"column":23},"end":{"line":1404,"column":7}},"384":{"start":{"line":1383,"column":46},"end":{"line":1404,"column":5}},"385":{"start":{"line":1399,"column":51},"end":{"line":1399,"column":73}},"386":{"start":{"line":1406,"column":25},"end":{"line":1406,"column":64}},"387":{"start":{"line":1407,"column":16},"end":{"line":1429,"column":14}},"388":{"start":{"line":1431,"column":4},"end":{"line":1468,"column":6}},"389":{"start":{"line":1465,"column":55},"end":{"line":1465,"column":63}},"390":{"start":{"line":1472,"column":4},"end":{"line":1472,"column":27}},"391":{"start":{"line":1472,"column":15},"end":{"line":1472,"column":27}},"392":{"start":{"line":1474,"column":20},"end":{"line":1474,"column":63}},"393":{"start":{"line":1475,"column":27},"end":{"line":1475,"column":51}},"394":{"start":{"line":1476,"column":26},"end":{"line":1476,"column":62}},"395":{"start":{"line":1477,"column":17},"end":{"line":1477,"column":47}},"396":{"start":{"line":1478,"column":21},"end":{"line":1478,"column":71}},"397":{"start":{"line":1479,"column":19},"end":{"line":1479,"column":40}},"398":{"start":{"line":1480,"column":19},"end":{"line":1480,"column":65}},"399":{"start":{"line":1481,"column":23},"end":{"line":1481,"column":70}},"400":{"start":{"line":1482,"column":27},"end":{"line":1482,"column":79}},"401":{"start":{"line":1483,"column":24},"end":{"line":1485,"column":40}},"402":{"start":{"line":1486,"column":23},"end":{"line":1486,"column":54}},"403":{"start":{"line":1487,"column":24},"end":{"line":1487,"column":55}},"404":{"start":{"line":1489,"column":24},"end":{"line":1799,"column":5}},"405":{"start":{"line":1801,"column":23},"end":{"line":1801,"column":43}},"406":{"start":{"line":1802,"column":4},"end":{"line":1804,"column":5}},"407":{"start":{"line":1803,"column":8},"end":{"line":1803,"column":59}},"408":{"start":{"line":1806,"column":38},"end":{"line":1809,"column":6}},"409":{"start":{"line":1811,"column":4},"end":{"line":1824,"column":6}},"410":{"start":{"line":1820,"column":44},"end":{"line":1823,"column":9}},"411":{"start":{"line":1828,"column":4},"end":{"line":1828,"column":25}},"412":{"start":{"line":1828,"column":15},"end":{"line":1828,"column":25}},"413":{"start":{"line":1829,"column":4},"end":{"line":1852,"column":5}},"414":{"start":{"line":1830,"column":20},"end":{"line":1844,"column":10}},"415":{"start":{"line":1845,"column":8},"end":{"line":1848,"column":12}},"416":{"start":{"line":1845,"column":36},"end":{"line":1848,"column":9}},"417":{"start":{"line":1850,"column":8},"end":{"line":1850,"column":71}},"418":{"start":{"line":1851,"column":8},"end":{"line":1851,"column":18}},"419":{"start":{"line":1856,"column":4},"end":{"line":1856,"column":27}},"420":{"start":{"line":1856,"column":15},"end":{"line":1856,"column":27}},"421":{"start":{"line":1858,"column":4},"end":{"line":1874,"column":5}},"422":{"start":{"line":1859,"column":23},"end":{"line":1868,"column":10}},"423":{"start":{"line":1870,"column":8},"end":{"line":1870,"column":49}},"424":{"start":{"line":1872,"column":8},"end":{"line":1872,"column":73}},"425":{"start":{"line":1873,"column":8},"end":{"line":1873,"column":20}},"426":{"start":{"line":1877,"column":0},"end":{"line":1891,"column":2}}},"fnMap":{"0":{"name":"isDbConfigured","decl":{"start":{"line":252,"column":9},"end":{"line":252,"column":23}},"loc":{"start":{"line":252,"column":26},"end":{"line":254,"column":1}},"line":252},"1":{"name":"getPool","decl":{"start":{"line":256,"column":9},"end":{"line":256,"column":16}},"loc":{"start":{"line":256,"column":19},"end":{"line":258,"column":1}},"line":256},"2":{"name":"keyify","decl":{"start":{"line":260,"column":9},"end":{"line":260,"column":15}},"loc":{"start":{"line":260,"column":23},"end":{"line":262,"column":1}},"line":260},"3":{"name":"deriveHealth","decl":{"start":{"line":264,"column":9},"end":{"line":264,"column":21}},"loc":{"start":{"line":264,"column":41},"end":{"line":268,"column":1}},"line":264},"4":{"name":"normalizeVmStatus","decl":{"start":{"line":270,"column":9},"end":{"line":270,"column":26}},"loc":{"start":{"line":270,"column":39},"end":{"line":272,"column":1}},"line":270},"5":{"name":"parseTimeWindow","decl":{"start":{"line":274,"column":9},"end":{"line":274,"column":24}},"loc":{"start":{"line":274,"column":39},"end":{"line":288,"column":1}},"line":274},"6":{"name":"normalizeSortDirection","decl":{"start":{"line":290,"column":9},"end":{"line":290,"column":31}},"loc":{"start":{"line":290,"column":39},"end":{"line":292,"column":1}},"line":290},"7":{"name":"toPositiveInt","decl":{"start":{"line":294,"column":9},"end":{"line":294,"column":22}},"loc":{"start":{"line":294,"column":40},"end":{"line":297,"column":1}},"line":294},"8":{"name":"formatPointLabel","decl":{"start":{"line":299,"column":9},"end":{"line":299,"column":25}},"loc":{"start":{"line":299,"column":32},"end":{"line":302,"column":1}},"line":299},"9":{"name":"initDb","decl":{"start":{"line":304,"column":15},"end":{"line":304,"column":21}},"loc":{"start":{"line":304,"column":24},"end":{"line":316,"column":1}},"line":304},"10":{"name":"seedBiometricEmployees","decl":{"start":{"line":318,"column":15},"end":{"line":318,"column":37}},"loc":{"start":{"line":318,"column":40},"end":{"line":339,"column":1}},"line":318},"11":{"name":"getHostIdMap","decl":{"start":{"line":341,"column":15},"end":{"line":341,"column":27}},"loc":{"start":{"line":341,"column":43},"end":{"line":369,"column":1}},"line":341},"12":{"name":"getDatastoreIdMap","decl":{"start":{"line":371,"column":15},"end":{"line":371,"column":32}},"loc":{"start":{"line":371,"column":53},"end":{"line":390,"column":1}},"line":371},"13":{"name":"mapIloByHost","decl":{"start":{"line":392,"column":9},"end":{"line":392,"column":21}},"loc":{"start":{"line":392,"column":41},"end":{"line":410,"column":1}},"line":392},"14":{"name":"(anonymous_14)","decl":{"start":{"line":394,"column":39},"end":{"line":394,"column":40}},"loc":{"start":{"line":394,"column":49},"end":{"line":394,"column":79}},"line":394},"15":{"name":"(anonymous_15)","decl":{"start":{"line":396,"column":40},"end":{"line":396,"column":41}},"loc":{"start":{"line":396,"column":59},"end":{"line":407,"column":5}},"line":396},"16":{"name":"getNetworkIdMap","decl":{"start":{"line":412,"column":15},"end":{"line":412,"column":30}},"loc":{"start":{"line":412,"column":49},"end":{"line":431,"column":1}},"line":412},"17":{"name":"getIloServerIdMap","decl":{"start":{"line":433,"column":15},"end":{"line":433,"column":32}},"loc":{"start":{"line":433,"column":71},"end":{"line":463,"column":1}},"line":433},"18":{"name":"storeAlertSnapshot","decl":{"start":{"line":465,"column":15},"end":{"line":465,"column":33}},"loc":{"start":{"line":465,"column":58},"end":{"line":494,"column":1}},"line":465},"19":{"name":"normalizeStoredAlertSeverity","decl":{"start":{"line":496,"column":9},"end":{"line":496,"column":37}},"loc":{"start":{"line":496,"column":45},"end":{"line":501,"column":1}},"line":496},"20":{"name":"inferGeneratedAlertSeverity","decl":{"start":{"line":503,"column":9},"end":{"line":503,"column":36}},"loc":{"start":{"line":503,"column":49},"end":{"line":522,"column":1}},"line":503},"21":{"name":"buildGeneratedAlertMessage","decl":{"start":{"line":524,"column":9},"end":{"line":524,"column":35}},"loc":{"start":{"line":524,"column":48},"end":{"line":551,"column":1}},"line":524},"22":{"name":"storeGeneratedAlertEvents","decl":{"start":{"line":553,"column":15},"end":{"line":553,"column":40}},"loc":{"start":{"line":553,"column":75},"end":{"line":572,"column":1}},"line":553},"23":{"name":"mapAlertSnapshotRow","decl":{"start":{"line":574,"column":9},"end":{"line":574,"column":28}},"loc":{"start":{"line":574,"column":34},"end":{"line":585,"column":1}},"line":574},"24":{"name":"getRecentAlertSnapshots","decl":{"start":{"line":587,"column":15},"end":{"line":587,"column":38}},"loc":{"start":{"line":587,"column":51},"end":{"line":603,"column":1}},"line":587},"25":{"name":"storeNetworkSnapshot","decl":{"start":{"line":605,"column":15},"end":{"line":605,"column":35}},"loc":{"start":{"line":605,"column":59},"end":{"line":617,"column":1}},"line":605},"26":{"name":"storeIloSnapshot","decl":{"start":{"line":619,"column":15},"end":{"line":619,"column":31}},"loc":{"start":{"line":619,"column":75},"end":{"line":698,"column":1}},"line":619},"27":{"name":"storeRduSnapshot","decl":{"start":{"line":700,"column":15},"end":{"line":700,"column":31}},"loc":{"start":{"line":700,"column":57},"end":{"line":750,"column":1}},"line":700},"28":{"name":"syncVirtualMachines","decl":{"start":{"line":752,"column":15},"end":{"line":752,"column":34}},"loc":{"start":{"line":752,"column":64},"end":{"line":880,"column":1}},"line":752},"29":{"name":"(anonymous_29)","decl":{"start":{"line":766,"column":59},"end":{"line":766,"column":60}},"loc":{"start":{"line":766,"column":68},"end":{"line":766,"column":86}},"line":766},"30":{"name":"(anonymous_30)","decl":{"start":{"line":767,"column":56},"end":{"line":767,"column":57}},"loc":{"start":{"line":767,"column":65},"end":{"line":767,"column":80}},"line":767},"31":{"name":"storeSnapshot","decl":{"start":{"line":882,"column":15},"end":{"line":882,"column":28}},"loc":{"start":{"line":882,"column":99},"end":{"line":939,"column":1}},"line":882},"32":{"name":"getSuperAdminBundle","decl":{"start":{"line":941,"column":15},"end":{"line":941,"column":34}},"loc":{"start":{"line":941,"column":49},"end":{"line":1207,"column":1}},"line":941},"33":{"name":"(anonymous_33)","decl":{"start":{"line":1017,"column":51},"end":{"line":1017,"column":52}},"loc":{"start":{"line":1017,"column":61},"end":{"line":1027,"column":5}},"line":1017},"34":{"name":"(anonymous_34)","decl":{"start":{"line":1029,"column":58},"end":{"line":1029,"column":59}},"loc":{"start":{"line":1029,"column":68},"end":{"line":1039,"column":5}},"line":1029},"35":{"name":"(anonymous_35)","decl":{"start":{"line":1041,"column":47},"end":{"line":1041,"column":48}},"loc":{"start":{"line":1041,"column":57},"end":{"line":1050,"column":5}},"line":1041},"36":{"name":"(anonymous_36)","decl":{"start":{"line":1071,"column":53},"end":{"line":1071,"column":54}},"loc":{"start":{"line":1071,"column":63},"end":{"line":1082,"column":5}},"line":1071},"37":{"name":"(anonymous_37)","decl":{"start":{"line":1085,"column":24},"end":{"line":1085,"column":25}},"loc":{"start":{"line":1085,"column":33},"end":{"line":1085,"column":66}},"line":1085},"38":{"name":"(anonymous_38)","decl":{"start":{"line":1088,"column":52},"end":{"line":1088,"column":53}},"loc":{"start":{"line":1088,"column":61},"end":{"line":1088,"column":85}},"line":1088},"39":{"name":"(anonymous_39)","decl":{"start":{"line":1089,"column":52},"end":{"line":1089,"column":53}},"loc":{"start":{"line":1089,"column":61},"end":{"line":1089,"column":85}},"line":1089},"40":{"name":"(anonymous_40)","decl":{"start":{"line":1092,"column":23},"end":{"line":1092,"column":24}},"loc":{"start":{"line":1092,"column":32},"end":{"line":1098,"column":5}},"line":1092},"41":{"name":"(anonymous_41)","decl":{"start":{"line":1100,"column":31},"end":{"line":1100,"column":32}},"loc":{"start":{"line":1100,"column":37},"end":{"line":1118,"column":5}},"line":1100},"42":{"name":"(anonymous_42)","decl":{"start":{"line":1123,"column":24},"end":{"line":1123,"column":25}},"loc":{"start":{"line":1123,"column":33},"end":{"line":1126,"column":5}},"line":1123},"43":{"name":"(anonymous_43)","decl":{"start":{"line":1128,"column":47},"end":{"line":1128,"column":48}},"loc":{"start":{"line":1128,"column":56},"end":{"line":1128,"column":101}},"line":1128},"44":{"name":"(anonymous_44)","decl":{"start":{"line":1130,"column":29},"end":{"line":1130,"column":30}},"loc":{"start":{"line":1130,"column":38},"end":{"line":1130,"column":138}},"line":1130},"45":{"name":"(anonymous_45)","decl":{"start":{"line":1148,"column":40},"end":{"line":1148,"column":41}},"loc":{"start":{"line":1148,"column":50},"end":{"line":1148,"column":122}},"line":1148},"46":{"name":"(anonymous_46)","decl":{"start":{"line":1157,"column":78},"end":{"line":1157,"column":79}},"loc":{"start":{"line":1157,"column":92},"end":{"line":1157,"column":116}},"line":1157},"47":{"name":"(anonymous_47)","decl":{"start":{"line":1158,"column":48},"end":{"line":1158,"column":49}},"loc":{"start":{"line":1158,"column":57},"end":{"line":1158,"column":81}},"line":1158},"48":{"name":"(anonymous_48)","decl":{"start":{"line":1159,"column":49},"end":{"line":1159,"column":50}},"loc":{"start":{"line":1159,"column":58},"end":{"line":1159,"column":83}},"line":1159},"49":{"name":"(anonymous_49)","decl":{"start":{"line":1160,"column":48},"end":{"line":1160,"column":49}},"loc":{"start":{"line":1160,"column":62},"end":{"line":1160,"column":90}},"line":1160},"50":{"name":"(anonymous_50)","decl":{"start":{"line":1161,"column":52},"end":{"line":1161,"column":53}},"loc":{"start":{"line":1161,"column":66},"end":{"line":1161,"column":98}},"line":1161},"51":{"name":"(anonymous_51)","decl":{"start":{"line":1162,"column":51},"end":{"line":1162,"column":52}},"loc":{"start":{"line":1162,"column":65},"end":{"line":1162,"column":90}},"line":1162},"52":{"name":"(anonymous_52)","decl":{"start":{"line":1167,"column":66},"end":{"line":1167,"column":67}},"loc":{"start":{"line":1167,"column":76},"end":{"line":1167,"column":112}},"line":1167},"53":{"name":"(anonymous_53)","decl":{"start":{"line":1168,"column":73},"end":{"line":1168,"column":74}},"loc":{"start":{"line":1168,"column":97},"end":{"line":1168,"column":144}},"line":1168},"54":{"name":"(anonymous_54)","decl":{"start":{"line":1173,"column":47},"end":{"line":1173,"column":48}},"loc":{"start":{"line":1173,"column":57},"end":{"line":1173,"column":88}},"line":1173},"55":{"name":"(anonymous_55)","decl":{"start":{"line":1176,"column":24},"end":{"line":1176,"column":25}},"loc":{"start":{"line":1176,"column":33},"end":{"line":1176,"column":52}},"line":1176},"56":{"name":"(anonymous_56)","decl":{"start":{"line":1177,"column":21},"end":{"line":1177,"column":22}},"loc":{"start":{"line":1177,"column":31},"end":{"line":1177,"column":150}},"line":1177},"57":{"name":"(anonymous_57)","decl":{"start":{"line":1178,"column":22},"end":{"line":1178,"column":23}},"loc":{"start":{"line":1178,"column":32},"end":{"line":1178,"column":63}},"line":1178},"58":{"name":"(anonymous_58)","decl":{"start":{"line":1179,"column":51},"end":{"line":1179,"column":52}},"loc":{"start":{"line":1179,"column":61},"end":{"line":1179,"column":92}},"line":1179},"59":{"name":"(anonymous_59)","decl":{"start":{"line":1180,"column":49},"end":{"line":1180,"column":50}},"loc":{"start":{"line":1180,"column":59},"end":{"line":1180,"column":90}},"line":1180},"60":{"name":"(anonymous_60)","decl":{"start":{"line":1183,"column":40},"end":{"line":1183,"column":41}},"loc":{"start":{"line":1183,"column":51},"end":{"line":1188,"column":13}},"line":1183},"61":{"name":"(anonymous_61)","decl":{"start":{"line":1187,"column":44},"end":{"line":1187,"column":45}},"loc":{"start":{"line":1187,"column":53},"end":{"line":1187,"column":75}},"line":1187},"62":{"name":"(anonymous_62)","decl":{"start":{"line":1189,"column":36},"end":{"line":1189,"column":37}},"loc":{"start":{"line":1189,"column":45},"end":{"line":1194,"column":13}},"line":1189},"63":{"name":"(anonymous_63)","decl":{"start":{"line":1193,"column":43},"end":{"line":1193,"column":44}},"loc":{"start":{"line":1193,"column":52},"end":{"line":1193,"column":70}},"line":1193},"64":{"name":"(anonymous_64)","decl":{"start":{"line":1196,"column":48},"end":{"line":1196,"column":49}},"loc":{"start":{"line":1196,"column":58},"end":{"line":1202,"column":9}},"line":1196},"65":{"name":"(anonymous_65)","decl":{"start":{"line":1204,"column":32},"end":{"line":1204,"column":33}},"loc":{"start":{"line":1204,"column":41},"end":{"line":1204,"column":65}},"line":1204},"66":{"name":"formatDashboardMemory","decl":{"start":{"line":1209,"column":9},"end":{"line":1209,"column":30}},"loc":{"start":{"line":1209,"column":46},"end":{"line":1214,"column":1}},"line":1209},"67":{"name":"getSuperAdminDashboardData","decl":{"start":{"line":1216,"column":15},"end":{"line":1216,"column":41}},"loc":{"start":{"line":1216,"column":44},"end":{"line":1469,"column":1}},"line":1216},"68":{"name":"(anonymous_68)","decl":{"start":{"line":1311,"column":54},"end":{"line":1311,"column":55}},"loc":{"start":{"line":1311,"column":63},"end":{"line":1329,"column":5}},"line":1311},"69":{"name":"(anonymous_69)","decl":{"start":{"line":1331,"column":47},"end":{"line":1331,"column":48}},"loc":{"start":{"line":1331,"column":61},"end":{"line":1331,"column":95}},"line":1331},"70":{"name":"(anonymous_70)","decl":{"start":{"line":1332,"column":50},"end":{"line":1332,"column":51}},"loc":{"start":{"line":1332,"column":64},"end":{"line":1332,"column":102}},"line":1332},"71":{"name":"(anonymous_71)","decl":{"start":{"line":1333,"column":43},"end":{"line":1333,"column":44}},"loc":{"start":{"line":1333,"column":57},"end":{"line":1333,"column":89}},"line":1333},"72":{"name":"(anonymous_72)","decl":{"start":{"line":1335,"column":34},"end":{"line":1335,"column":35}},"loc":{"start":{"line":1335,"column":48},"end":{"line":1335,"column":77}},"line":1335},"73":{"name":"(anonymous_73)","decl":{"start":{"line":1338,"column":34},"end":{"line":1338,"column":35}},"loc":{"start":{"line":1338,"column":48},"end":{"line":1338,"column":77}},"line":1338},"74":{"name":"(anonymous_74)","decl":{"start":{"line":1341,"column":55},"end":{"line":1341,"column":56}},"loc":{"start":{"line":1341,"column":65},"end":{"line":1350,"column":5}},"line":1341},"75":{"name":"(anonymous_75)","decl":{"start":{"line":1352,"column":45},"end":{"line":1352,"column":46}},"loc":{"start":{"line":1352,"column":59},"end":{"line":1352,"column":97}},"line":1352},"76":{"name":"(anonymous_76)","decl":{"start":{"line":1353,"column":44},"end":{"line":1353,"column":45}},"loc":{"start":{"line":1353,"column":58},"end":{"line":1353,"column":92}},"line":1353},"77":{"name":"(anonymous_77)","decl":{"start":{"line":1354,"column":44},"end":{"line":1354,"column":45}},"loc":{"start":{"line":1354,"column":58},"end":{"line":1354,"column":92}},"line":1354},"78":{"name":"(anonymous_78)","decl":{"start":{"line":1357,"column":45},"end":{"line":1357,"column":46}},"
[...]
,"D:\\React DNN dashboard\\backend\\services\\mailService.js": {"path":"D:\\React DNN dashboard\\backend\\services\\mailService.js","statementMap":{"0":{"start":{"line":1,"column":19},"end":{"line":1,"column":40}},"1":{"start":{"line":2,"column":58},"end":{"line":2,"column":88}},"2":{"start":{"line":5,"column":21},"end":{"line":5,"column":81}},"3":{"start":{"line":6,"column":22},"end":{"line":15,"column":6}},"4":{"start":{"line":17,"column":4},"end":{"line":17,"column":53}},"5":{"start":{"line":21,"column":4},"end":{"line":25,"column":6}},"6":{"start":{"line":29,"column":21},"end":{"line":29,"column":54}},"7":{"start":{"line":31,"column":4},"end":{"line":33,"column":5}},"8":{"start":{"line":32,"column":8},"end":{"line":32,"column":56}},"9":{"start":{"line":35,"column":23},"end":{"line":35,"column":46}},"10":{"start":{"line":36,"column":4},"end":{"line":38,"column":5}},"11":{"start":{"line":37,"column":8},"end":{"line":37,"column":68}},"12":{"start":{"line":40,"column":17},"end":{"line":40,"column":42}},"13":{"start":{"line":41,"column":23},"end":{"line":41,"column":51}},"14":{"start":{"line":42,"column":27},"end":{"line":42,"column":53}},"15":{"start":{"line":43,"column":24},"end":{"line":43,"column":50}},"16":{"start":{"line":45,"column":24},"end":{"line":59,"column":6}},"17":{"start":{"line":61,"column":4},"end":{"line":61,"column":49}},"18":{"start":{"line":65,"column":50},"end":{"line":65,"column":79}},"19":{"start":{"line":66,"column":17},"end":{"line":76,"column":6}},"20":{"start":{"line":78,"column":4},"end":{"line":78,"column":16}},"21":{"start":{"line":82,"column":16},"end":{"line":82,"column":52}},"22":{"start":{"line":83,"column":4},"end":{"line":98,"column":7}},"23":{"start":{"line":101,"column":0},"end":{"line":105,"column":2}}},"fnMap":{"0":{"name":"formatDashboardTimestamp","decl":{"start":{"line":4,"column":9},"end":{"line":4,"column":33}},"loc":{"start":{"line":4,"column":53},"end":{"line":18,"column":1}},"line":4},"1":{"name":"getRecipients","decl":{"start":{"line":20,"column":9},"end":{"line":20,"column":22}},"loc":{"start":{"line":20,"column":38},"end":{"line":26,"column":1}},"line":20},"2":{"name":"buildTransportContext","decl":{"start":{"line":28,"column":15},"end":{"line":28,"column":36}},"loc":{"start":{"line":28,"column":39},"end":{"line":62,"column":1}},"line":28},"3":{"name":"sendMail","decl":{"start":{"line":64,"column":15},"end":{"line":64,"column":23}},"loc":{"start":{"line":64,"column":38},"end":{"line":79,"column":1}},"line":64},"4":{"name":"sendTestEmail","decl":{"start":{"line":81,"column":15},"end":{"line":81,"column":28}},"loc":{"start":{"line":81,"column":31},"end":{"line":99,"column":1}},"line":81}},"branchMap":{"0":{"loc":{"start":{"line":4,"column":34},"end":{"line":4,"column":51}},"type":"default-arg","locations":[{"start":{"line":4,"column":41},"end":{"line":4,"column":51}}],"line":4},"1":{"loc":{"start":{"line":5,"column":21},"end":{"line":5,"column":81}},"type":"binary-expr","locations":[{"start":{"line":5,"column":21},"end":{"line":5,"column":45}},{"start":{"line":5,"column":49},"end":{"line":5,"column":63}},{"start":{"line":5,"column":67},"end":{"line":5,"column":81}}],"line":5},"2":{"loc":{"start":{"line":20,"column":23},"end":{"line":20,"column":36}},"type":"default-arg","locations":[{"start":{"line":20,"column":34},"end":{"line":20,"column":36}}],"line":20},"3":{"loc":{"start":{"line":31,"column":4},"end":{"line":33,"column":5}},"type":"if","locations":[{"start":{"line":31,"column":4},"end":{"line":33,"column":5}},{"start":{},"end":{}}],"line":31},"4":{"loc":{"start":{"line":31,"column":8},"end":{"line":31,"column":74}},"type":"binary-expr","locations":[{"start":{"line":31,"column":8},"end":{"line":31,"column":27}},{"start":{"line":31,"column":31},"end":{"line":31,"column":49}},{"start":{"line":31,"column":53},"end":{"line":31,"column":74}}],"line":31},"5":{"loc":{"start":{"line":36,"column":4},"end":{"line":38,"column":5}},"type":"if","locations":[{"start":{"line":36,"column":4},"end":{"line":38,"column":5}},{"start":{},"end":{}}],"line":36},"6":{"loc":{"start":{"line":36,"column":8},"end":{"line":36,"column":54}},"type":"binary-expr","locations":[{"start":{"line":36,"column":8},"end":{"line":36,"column":29}},{"start":{"line":36,"column":33},"end":{"line":36,"column":54}}],"line":36},"7":{"loc":{"start":{"line":42,"column":27},"end":{"line":42,"column":53}},"type":"binary-expr","locations":[{"start":{"line":42,"column":27},"end":{"line":42,"column":37}},{"start":{"line":42,"column":41},"end":{"line":42,"column":53}}],"line":42},"8":{"loc":{"start":{"line":43,"column":24},"end":{"line":43,"column":50}},"type":"binary-expr","locations":[{"start":{"line":43,"column":24},"end":{"line":43,"column":34}},{"start":{"line":43,"column":38},"end":{"line":43,"column":50}}],"line":43},"9":{"loc":{"start":{"line":50,"column":14},"end":{"line":55,"column":23}},"type":"cond-expr","locations":[{"start":{"line":51,"column":14},"end":{"line":54,"column":13}},{"start":{"line":55,"column":14},"end":{"line":55,"column":23}}],"line":50},"10":{"loc":{"start":{"line":53,"column":22},"end":{"line":53,"column":49}},"type":"binary-expr","locations":[{"start":{"line":53,"column":22},"end":{"line":53,"column":43}},{"start":{"line":53,"column":47},"end":{"line":53,"column":49}}],"line":53},"11":{"loc":{"start":{"line":64,"column":24},"end":{"line":64,"column":36}},"type":"default-arg","locations":[{"start":{"line":64,"column":34},"end":{"line":64,"column":36}}],"line":64},"12":{"loc":{"start":{"line":67,"column":14},"end":{"line":69,"column":34}},"type":"cond-expr","locations":[{"start":{"line":68,"column":14},"end":{"line":68,"column":66}},{"start":{"line":69,"column":14},"end":{"line":69,"column":34}}],"line":67},"13":{"loc":{"start":{"line":70,"column":12},"end":{"line":70,"column":98}},"type":"cond-expr","locations":[{"start":{"line":70,"column":52},"end":{"line":70,"column":82}},{"start":{"line":70,"column":85},"end":{"line":70,"column":98}}],"line":70},"14":{"loc":{"start":{"line":71,"column":12},"end":{"line":71,"column":98}},"type":"cond-expr","locations":[{"start":{"line":71,"column":52},"end":{"line":71,"column":82}},{"start":{"line":71,"column":85},"end":{"line":71,"column":98}}],"line":71},"15":{"loc":{"start":{"line":72,"column":13},"end":{"line":72,"column":102}},"type":"cond-expr","locations":[{"start":{"line":72,"column":54},"end":{"line":72,"column":85}},{"start":{"line":72,"column":88},"end":{"line":72,"column":102}}],"line":72}},"s":{"0":1,"1":1,"2":0,"3":0,"4":0,"5":0,"6":0,"7":0,"8":0,"9":0,"10":0,"11":0,"12":0,"13":0,"14":0,"15":0,"16":0,"17":0,"18":0,"19":0,"20":0,"21":0,"22":0,"23":1},"f":{"0":0,"1":0,"2":0,"3":0,"4":0},"b":{"0":[0],"1":[0,0,0],"2":[0],"3":[0,0],"4":[0,0,0],"5":[0,0],"6":[0,0],"7":[0,0],"8":[0,0],"9":[0,0],"10":[0,0],"11":[0],"12":[0,0],"13":[0,0],"14":[0,0],"15":[0,0]},"_coverageSchema":"1a1c01bbd47fc00a2c39e90264f33305004495a9","hash":"8d16040bf1c5d9834cc4a1b70659cbc8371a4eca"}
,"D:\\React DNN dashboard\\backend\\utils\\cryptoUtil.js": {"path":"D:\\React DNN dashboard\\backend\\utils\\cryptoUtil.js","statementMap":{"0":{"start":{"line":1,"column":15},"end":{"line":1,"column":32}},"1":{"start":{"line":3,"column":18},"end":{"line":3,"column":31}},"2":{"start":{"line":4,"column":18},"end":{"line":4,"column":20}},"3":{"start":{"line":7,"column":23},"end":{"line":7,"column":117}},"4":{"start":{"line":8,"column":4},"end":{"line":8,"column":75}},"5":{"start":{"line":12,"column":4},"end":{"line":12,"column":26}},"6":{"start":{"line":12,"column":16},"end":{"line":12,"column":26}},"7":{"start":{"line":14,"column":15},"end":{"line":14,"column":44}},"8":{"start":{"line":15,"column":19},"end":{"line":15,"column":71}},"9":{"start":{"line":16,"column":22},"end":{"line":16,"column":91}},"10":{"start":{"line":17,"column":20},"end":{"line":17,"column":39}},"11":{"start":{"line":19,"column":4},"end":{"line":19,"column":91}},"12":{"start":{"line":23,"column":4},"end":{"line":23,"column":26}},"13":{"start":{"line":23,"column":16},"end":{"line":23,"column":26}},"14":{"start":{"line":25,"column":18},"end":{"line":25,"column":42}},"15":{"start":{"line":26,"column":4},"end":{"line":28,"column":5}},"16":{"start":{"line":27,"column":8},"end":{"line":27,"column":29}},"17":{"start":{"line":30,"column":46},"end":{"line":30,"column":51}},"18":{"start":{"line":31,"column":4},"end":{"line":43,"column":5}},"19":{"start":{"line":32,"column":25},"end":{"line":32,"column":102}},"20":{"start":{"line":33,"column":8},"end":{"line":33,"column":60}},"21":{"start":{"line":35,"column":26},"end":{"line":38,"column":10}},"22":{"start":{"line":40,"column":8},"end":{"line":40,"column":42}},"23":{"start":{"line":42,"column":8},"end":{"line":42,"column":140}},"24":{"start":{"line":46,"column":0},"end":{"line":49,"column":2}}},"fnMap":{"0":{"name":"getSecretKey","decl":{"start":{"line":6,"column":9},"end":{"line":6,"column":21}},"loc":{"start":{"line":6,"column":24},"end":{"line":9,"column":1}},"line":6},"1":{"name":"encryptValue","decl":{"start":{"line":11,"column":9},"end":{"line":11,"column":21}},"loc":{"start":{"line":11,"column":29},"end":{"line":20,"column":1}},"line":11},"2":{"name":"decryptValue","decl":{"start":{"line":22,"column":9},"end":{"line":22,"column":21}},"loc":{"start":{"line":22,"column":29},"end":{"line":44,"column":1}},"line":22}},"branchMap":{"0":{"loc":{"start":{"line":7,"column":23},"end":{"line":7,"column":117}},"type":"binary-expr","locations":[{"start":{"line":7,"column":23},"end":{"line":7,"column":50}},{"start":{"line":7,"column":54},"end":{"line":7,"column":76}},{"start":{"line":7,"column":80},"end":{"line":7,"column":117}}],"line":7},"1":{"loc":{"start":{"line":12,"column":4},"end":{"line":12,"column":26}},"type":"if","locations":[{"start":{"line":12,"column":4},"end":{"line":12,"column":26}},{"start":{},"end":{}}],"line":12},"2":{"loc":{"start":{"line":23,"column":4},"end":{"line":23,"column":26}},"type":"if","locations":[{"start":{"line":23,"column":4},"end":{"line":23,"column":26}},{"start":{},"end":{}}],"line":23},"3":{"loc":{"start":{"line":26,"column":4},"end":{"line":28,"column":5}},"type":"if","locations":[{"start":{"line":26,"column":4},"end":{"line":28,"column":5}},{"start":{},"end":{}}],"line":26}},"s":{"0":1,"1":1,"2":1,"3":0,"4":0,"5":0,"6":0,"7":0,"8":0,"9":0,"10":0,"11":0,"12":0,"13":0,"14":0,"15":0,"16":0,"17":0,"18":0,"19":0,"20":0,"21":0,"22":0,"23":0,"24":1},"f":{"0":0,"1":0,"2":0},"b":{"0":[0,0,0],"1":[0,0],"2":[0,0],"3":[0,0]},"_coverageSchema":"1a1c01bbd47fc00a2c39e90264f33305004495a9","hash":"4e3ff9cb11860de468adb2113237020b963bb473"}
,"D:\\React DNN dashboard\\backend\\utils\\csvArchiveUtil.js": {"path":"D:\\React DNN dashboard\\backend\\utils\\csvArchiveUtil.js","statementMap":{"0":{"start":{"line":1,"column":11},"end":{"line":1,"column":33}},"1":{"start":{"line":2,"column":19},"end":{"line":2,"column":38}},"2":{"start":{"line":3,"column":18},"end":{"line":3,"column":43}},"3":{"start":{"line":6,"column":4},"end":{"line":8,"column":5}},"4":{"start":{"line":7,"column":8},"end":{"line":7,"column":35}},"5":{"start":{"line":10,"column":4},"end":{"line":12,"column":5}},"6":{"start":{"line":11,"column":8},"end":{"line":11,"column":37}},"7":{"start":{"line":14,"column":4},"end":{"line":14,"column":17}},"8":{"start":{"line":18,"column":27},"end":{"line":26,"column":6}},"9":{"start":{"line":19,"column":30},"end":{"line":19,"column":32}},"10":{"start":{"line":21,"column":8},"end":{"line":23,"column":11}},"11":{"start":{"line":22,"column":12},"end":{"line":22,"column":58}},"12":{"start":{"line":25,"column":8},"end":{"line":25,"column":29}},"13":{"start":{"line":28,"column":19},"end":{"line":28,"column":78}},"14":{"start":{"line":29,"column":19},"end":{"line":29,"column":41}},"15":{"start":{"line":30,"column":16},"end":{"line":30,"column":87}},"16":{"start":{"line":32,"column":4},"end":{"line":32,"column":53}},"17":{"start":{"line":36,"column":4},"end":{"line":36,"column":34}},"18":{"start":{"line":36,"column":22},"end":{"line":36,"column":34}},"19":{"start":{"line":37,"column":4},"end":{"line":37,"column":38}},"20":{"start":{"line":37,"column":26},"end":{"line":37,"column":38}},"21":{"start":{"line":38,"column":4},"end":{"line":38,"column":40}},"22":{"start":{"line":38,"column":27},"end":{"line":38,"column":40}},"23":{"start":{"line":39,"column":4},"end":{"line":39,"column":60}},"24":{"start":{"line":39,"column":39},"end":{"line":39,"column":60}},"25":{"start":{"line":41,"column":4},"end":{"line":47,"column":5}},"26":{"start":{"line":42,"column":8},"end":{"line":44,"column":9}},"27":{"start":{"line":43,"column":12},"end":{"line":43,"column":37}},"28":{"start":{"line":46,"column":8},"end":{"line":46,"column":21}},"29":{"start":{"line":49,"column":4},"end":{"line":49,"column":17}},"30":{"start":{"line":53,"column":23},"end":{"line":53,"column":58}},"31":{"start":{"line":54,"column":17},"end":{"line":58,"column":6}},"32":{"start":{"line":60,"column":4},"end":{"line":68,"column":7}},"33":{"start":{"line":61,"column":30},"end":{"line":61,"column":32}},"34":{"start":{"line":63,"column":8},"end":{"line":65,"column":11}},"35":{"start":{"line":64,"column":12},"end":{"line":64,"column":55}},"36":{"start":{"line":67,"column":8},"end":{"line":67,"column":29}},"37":{"start":{"line":71,"column":0},"end":{"line":74,"column":2}}},"fnMap":{"0":{"name":"normalizeCsvValue","decl":{"start":{"line":5,"column":9},"end":{"line":5,"column":26}},"loc":{"start":{"line":5,"column":34},"end":{"line":15,"column":1}},"line":5},"1":{"name":"writeRowsToCsv","decl":{"start":{"line":17,"column":15},"end":{"line":17,"column":29}},"loc":{"start":{"line":17,"column":51},"end":{"line":33,"column":1}},"line":17},"2":{"name":"(anonymous_2)","decl":{"start":{"line":18,"column":36},"end":{"line":18,"column":37}},"loc":{"start":{"line":18,"column":45},"end":{"line":26,"column":5}},"line":18},"3":{"name":"(anonymous_3)","decl":{"start":{"line":21,"column":42},"end":{"line":21,"column":43}},"loc":{"start":{"line":21,"column":60},"end":{"line":23,"column":9}},"line":21},"4":{"name":"coerceCsvValue","decl":{"start":{"line":35,"column":9},"end":{"line":35,"column":23}},"loc":{"start":{"line":35,"column":31},"end":{"line":50,"column":1}},"line":35},"5":{"name":"readCsvAsJson","decl":{"start":{"line":52,"column":15},"end":{"line":52,"column":28}},"loc":{"start":{"line":52,"column":39},"end":{"line":69,"column":1}},"line":52},"6":{"name":"(anonymous_6)","decl":{"start":{"line":60,"column":20},"end":{"line":60,"column":21}},"loc":{"start":{"line":60,"column":29},"end":{"line":68,"column":5}},"line":60},"7":{"name":"(anonymous_7)","decl":{"start":{"line":63,"column":36},"end":{"line":63,"column":37}},"loc":{"start":{"line":63,"column":54},"end":{"line":65,"column":9}},"line":63}},"branchMap":{"0":{"loc":{"start":{"line":6,"column":4},"end":{"line":8,"column":5}},"type":"if","locations":[{"start":{"line":6,"column":4},"end":{"line":8,"column":5}},{"start":{},"end":{}}],"line":6},"1":{"loc":{"start":{"line":10,"column":4},"end":{"line":12,"column":5}},"type":"if","locations":[{"start":{"line":10,"column":4},"end":{"line":12,"column":5}},{"start":{},"end":{}}],"line":10},"2":{"loc":{"start":{"line":10,"column":8},"end":{"line":10,"column":42}},"type":"binary-expr","locations":[{"start":{"line":10,"column":8},"end":{"line":10,"column":13}},{"start":{"line":10,"column":17},"end":{"line":10,"column":42}}],"line":10},"3":{"loc":{"start":{"line":17,"column":40},"end":{"line":17,"column":49}},"type":"default-arg","locations":[{"start":{"line":17,"column":47},"end":{"line":17,"column":49}}],"line":17},"4":{"loc":{"start":{"line":21,"column":23},"end":{"line":21,"column":32}},"type":"binary-expr","locations":[{"start":{"line":21,"column":23},"end":{"line":21,"column":26}},{"start":{"line":21,"column":30},"end":{"line":21,"column":32}}],"line":21},"5":{"loc":{"start":{"line":28,"column":19},"end":{"line":28,"column":78}},"type":"cond-expr","locations":[{"start":{"line":28,"column":43},"end":{"line":28,"column":73}},{"start":{"line":28,"column":76},"end":{"line":28,"column":78}}],"line":28},"6":{"loc":{"start":{"line":30,"column":16},"end":{"line":30,"column":87}},"type":"cond-expr","locations":[{"start":{"line":30,"column":40},"end":{"line":30,"column":68}},{"start":{"line":30,"column":71},"end":{"line":30,"column":87}}],"line":30},"7":{"loc":{"start":{"line":36,"column":4},"end":{"line":36,"column":34}},"type":"if","locations":[{"start":{"line":36,"column":4},"end":{"line":36,"column":34}},{"start":{},"end":{}}],"line":36},"8":{"loc":{"start":{"line":37,"column":4},"end":{"line":37,"column":38}},"type":"if","locations":[{"start":{"line":37,"column":4},"end":{"line":37,"column":38}},{"start":{},"end":{}}],"line":37},"9":{"loc":{"start":{"line":38,"column":4},"end":{"line":38,"column":40}},"type":"if","locations":[{"start":{"line":38,"column":4},"end":{"line":38,"column":40}},{"start":{},"end":{}}],"line":38},"10":{"loc":{"start":{"line":39,"column":4},"end":{"line":39,"column":60}},"type":"if","locations":[{"start":{"line":39,"column":4},"end":{"line":39,"column":60}},{"start":{},"end":{}}],"line":39},"11":{"loc":{"start":{"line":42,"column":8},"end":{"line":44,"column":9}},"type":"if","locations":[{"start":{"line":42,"column":8},"end":{"line":44,"column":9}},{"start":{},"end":{}}],"line":42},"12":{"loc":{"start":{"line":42,"column":12},"end":{"line":42,"column":108}},"type":"binary-expr","locations":[{"start":{"line":42,"column":13},"end":{"line":42,"column":34}},{"start":{"line":42,"column":38},"end":{"line":42,"column":57}},{"start":{"line":42,"column":63},"end":{"line":42,"column":84}},{"start":{"line":42,"column":88},"end":{"line":42,"column":107}}],"line":42}},"s":{"0":1,"1":1,"2":1,"3":0,"4":0,"5":0,"6":0,"7":0,"8":0,"9":0,"10":0,"11":0,"12":0,"13":0,"14":0,"15":0,"16":0,"17":0,"18":0,"19":0,"20":0,"21":0,"22":0,"23":0,"24":0,"25":0,"26":0,"27":0,"28":0,"29":0,"30":0,"31":0,"32":0,"33":0,"34":0,"35":0,"36":0,"37":1},"f":{"0":0,"1":0,"2":0,"3":0,"4":0,"5":0,"6":0,"7":0},"b":{"0":[0,0],"1":[0,0],"2":[0,0],"3":[0],"4":[0,0],"5":[0,0],"6":[0,0],"7":[0,0],"8":[0,0],"9":[0,0],"10":[0,0],"11":[0,0],"12":[0,0,0,0]},"_coverageSchema":"1a1c01bbd47fc00a2c39e90264f33305004495a9","hash":"de0552c234dc5ab69aba1b11e565c7155b2f3994"}
}
