TN:
SF:auth.js
FN:11,verifyToken
FN:22,(anonymous_1)
FN:32,requireRole
FN:33,(anonymous_3)
FN:42,getSuperAdminUser
FN:46,getSuperAdminPassword
FN:50,mountAuthRoutes
FN:51,(anonymous_7)
FN:92,(anonymous_8)
FNF:9
FNH:8
FNDA:5,verifyToken
FNDA:4,(anonymous_1)
FNDA:9,requireRole
FNDA:5,(anonymous_3)
FNDA:3,getSuperAdminUser
FNDA:3,getSuperAdminPassword
FNDA:8,mountAuthRoutes
FNDA:3,(anonymous_7)
FNDA:0,(anonymous_8)
DA:1,2
DA:3,2
DA:4,2
DA:6,2
DA:7,0
DA:8,0
DA:12,5
DA:13,5
DA:14,5
DA:15,5
DA:16,5
DA:18,5
DA:19,1
DA:22,4
DA:23,4
DA:24,1
DA:27,3
DA:28,3
DA:33,9
DA:34,5
DA:35,1
DA:38,4
DA:43,3
DA:47,3
DA:51,8
DA:52,3
DA:54,3
DA:55,3
DA:56,3
DA:57,3
DA:59,3
DA:60,1
DA:66,1
DA:74,2
DA:75,1
DA:81,1
DA:89,1
DA:92,8
DA:95,2
LF:39
LH:37
BRDA:4,0,0,2
BRDA:4,0,1,2
BRDA:6,1,0,0
BRDA:6,1,1,2
BRDA:12,2,0,5
BRDA:12,2,1,1
BRDA:14,3,0,0
BRDA:14,3,1,5
BRDA:15,4,0,0
BRDA:15,4,1,5
BRDA:16,5,0,5
BRDA:16,5,1,1
BRDA:16,5,2,1
BRDA:18,6,0,1
BRDA:18,6,1,4
BRDA:23,7,0,1
BRDA:23,7,1,3
BRDA:34,8,0,1
BRDA:34,8,1,4
BRDA:34,9,0,5
BRDA:34,9,1,5
BRDA:43,10,0,3
BRDA:43,10,1,0
BRDA:47,11,0,3
BRDA:47,11,1,0
BRDA:52,12,0,3
BRDA:52,12,1,0
BRDA:59,13,0,1
BRDA:59,13,1,2
BRDA:59,14,0,3
BRDA:59,14,1,1
BRDA:74,15,0,1
BRDA:74,15,1,1
BRDA:74,16,0,2
BRDA:74,16,1,1
BRF:35
BRH:29
end_of_record
TN:
SF:config\archiveTables.js
FNF:0
FNH:0
DA:1,1
DA:70,1
LF:2
LH:2
BRF:0
BRH:0
end_of_record
TN:
SF:db\alertSettings.js
FN:18,normalizeEmailList
FN:20,(anonymous_1)
FN:26,(anonymous_2)
FN:31,mapSmtpRow
FN:67,mapRuleRow
FN:91,ensureDefaultRows
FN:130,getSmtpSettings
FN:138,getSmtpSettingsWithSecret
FN:152,saveSmtpSettings
FN:200,getAlertRules
FN:208,saveAlertRules
FN:254,getAlertConfiguration
FN:263,getPreviousSnapshotState
FN:309,(anonymous_13)
FN:319,(anonymous_14)
FN:330,(anonymous_15)
FNF:16
FNH:0
FNDA:0,normalizeEmailList
FNDA:0,(anonymous_1)
FNDA:0,(anonymous_2)
FNDA:0,mapSmtpRow
FNDA:0,mapRuleRow
FNDA:0,ensureDefaultRows
FNDA:0,getSmtpSettings
FNDA:0,getSmtpSettingsWithSecret
FNDA:0,saveSmtpSettings
FNDA:0,getAlertRules
FNDA:0,saveAlertRules
FNDA:0,getAlertConfiguration
FNDA:0,getPreviousSnapshotState
FNDA:0,(anonymous_13)
FNDA:0,(anonymous_14)
FNDA:0,(anonymous_15)
DA:1,1
DA:2,1
DA:4,1
DA:19,0
DA:20,0
DA:23,0
DA:26,0
DA:32,0
DA:33,0
DA:50,0
DA:68,0
DA:69,0
DA:75,0
DA:92,0
DA:94,0
DA:106,0
DA:131,0
DA:133,0
DA:134,0
DA:135,0
DA:139,0
DA:141,0
DA:142,0
DA:143,0
DA:144,0
DA:146,0
DA:153,0
DA:154,0
DA:157,0
DA:158,0
DA:162,0
DA:197,0
DA:201,0
DA:203,0
DA:204,0
DA:205,0
DA:209,0
DA:210,0
DA:213,0
DA:215,0
DA:251,0
DA:255,0
DA:260,0
DA:264,0
DA:266,0
DA:308,0
DA:309,0
DA:319,0
DA:330,0
DA:352,1
LF:50
LH:4
BRDA:19,0,0,0
BRDA:19,0,1,0
BRDA:20,1,0,0
BRDA:20,1,1,0
BRDA:24,2,0,0
BRDA:24,2,1,0
BRDA:32,3,0,0
BRDA:32,3,1,0
BRDA:51,4,0,0
BRDA:51,4,1,0
BRDA:52,5,0,0
BRDA:52,5,1,0
BRDA:53,6,0,0
BRDA:53,6,1,0
BRDA:55,7,0,0
BRDA:55,7,1,0
BRDA:56,8,0,0
BRDA:56,8,1,0
BRDA:59,9,0,0
BRDA:59,9,1,0
BRDA:60,10,0,0
BRDA:60,10,1,0
BRDA:61,11,0,0
BRDA:61,11,1,0
BRDA:63,12,0,0
BRDA:63,12,1,0
BRDA:68,13,0,0
BRDA:68,13,1,0
BRDA:76,14,0,0
BRDA:76,14,1,0
BRDA:77,15,0,0
BRDA:77,15,1,0
BRDA:78,16,0,0
BRDA:78,16,1,0
BRDA:79,17,0,0
BRDA:79,17,1,0
BRDA:87,18,0,0
BRDA:87,18,1,0
BRDA:91,19,0,0
BRDA:92,20,0,0
BRDA:92,20,1,0
BRDA:92,21,0,0
BRDA:92,21,1,0
BRDA:131,22,0,0
BRDA:131,22,1,0
BRDA:131,23,0,0
BRDA:131,23,1,0
BRDA:139,24,0,0
BRDA:139,24,1,0
BRDA:139,25,0,0
BRDA:139,25,1,0
BRDA:144,26,0,0
BRDA:144,26,1,0
BRDA:148,27,0,0
BRDA:148,27,1,0
BRDA:152,28,0,0
BRDA:153,29,0,0
BRDA:153,29,1,0
BRDA:153,30,0,0
BRDA:153,30,1,0
BRDA:158,31,0,0
BRDA:158,31,1,0
BRDA:160,32,0,0
BRDA:160,32,1,0
BRDA:184,33,0,0
BRDA:184,33,1,0
BRDA:185,34,0,0
BRDA:185,34,1,0
BRDA:186,35,0,0
BRDA:186,35,1,0
BRDA:188,36,0,0
BRDA:188,36,1,0
BRDA:189,37,0,0
BRDA:189,37,1,0
BRDA:201,38,0,0
BRDA:201,38,1,0
BRDA:201,39,0,0
BRDA:201,39,1,0
BRDA:208,40,0,0
BRDA:209,41,0,0
BRDA:209,41,1,0
BRDA:209,42,0,0
BRDA:209,42,1,0
BRDA:238,43,0,0
BRDA:238,43,1,0
BRDA:239,44,0,0
BRDA:239,44,1,0
BRDA:240,45,0,0
BRDA:240,45,1,0
BRDA:241,46,0,0
BRDA:241,46,1,0
BRDA:264,47,0,0
BRDA:264,47,1,0
BRDA:264,48,0,0
BRDA:264,48,1,0
BRDA:314,49,0,0
BRDA:314,49,1,0
BRDA:315,50,0,0
BRDA:315,50,1,0
BRDA:316,51,0,0
BRDA:316,51,1,0
BRDA:317,52,0,0
BRDA:317,52,1,0
BRDA:322,53,0,0
BRDA:322,53,1,0
BRDA:323,54,0,0
BRDA:323,54,1,0
BRDA:324,55,0,0
BRDA:324,55,1,0
BRDA:325,56,0,0
BRDA:325,56,1,0
BRDA:326,57,0,0
BRDA:326,57,1,0
BRDA:328,58,0,0
BRDA:328,58,1,0
BRDA:334,59,0,0
BRDA:334,59,1,0
BRDA:335,60,0,0
BRDA:335,60,1,0
BRDA:336,61,0,0
BRDA:336,61,1,0
BRDA:337,62,0,0
BRDA:337,62,1,0
BRDA:339,63,0,0
BRDA:339,63,1,0
BRDA:341,64,0,0
BRDA:341,64,1,0
BRDA:345,65,0,0
BRDA:345,65,1,0
BRDA:346,66,0,0
BRDA:346,66,1,0
BRF:131
BRH:0
end_of_record
TN:
SF:db\index.js
FN:252,isDbConfigured
FN:256,getPool
FN:260,keyify
FN:264,deriveHealth
FN:270,normalizeVmStatus
FN:274,parseTimeWindow
FN:290,normalizeSortDirection
FN:294,toPositiveInt
FN:299,formatPointLabel
FN:304,initDb
FN:318,seedBiometricEmployees
FN:341,getHostIdMap
FN:371,getDatastoreIdMap
FN:392,mapIloByHost
FN:394,(anonymous_14)
FN:396,(anonymous_15)
FN:412,getNetworkIdMap
FN:433,getIloServerIdMap
FN:465,storeAlertSnapshot
FN:496,normalizeStoredAlertSeverity
FN:503,inferGeneratedAlertSeverity
FN:524,buildGeneratedAlertMessage
FN:553,storeGeneratedAlertEvents
FN:574,mapAlertSnapshotRow
FN:587,getRecentAlertSnapshots
FN:605,storeNetworkSnapshot
FN:619,storeIloSnapshot
FN:700,storeRduSnapshot
FN:752,syncVirtualMachines
FN:766,(anonymous_29)
FN:767,(anonymous_30)
FN:882,storeSnapshot
FN:941,getSuperAdminBundle
FN:1017,(anonymous_33)
FN:1029,(anonymous_34)
FN:1041,(anonymous_35)
FN:1071,(anonymous_36)
FN:1085,(anonymous_37)
FN:1088,(anonymous_38)
FN:1089,(anonymous_39)
FN:1092,(anonymous_40)
FN:1100,(anonymous_41)
FN:1123,(anonymous_42)
FN:1128,(anonymous_43)
FN:1130,(anonymous_44)
FN:1148,(anonymous_45)
FN:1157,(anonymous_46)
FN:1158,(anonymous_47)
FN:1159,(anonymous_48)
FN:1160,(anonymous_49)
FN:1161,(anonymous_50)
FN:1162,(anonymous_51)
FN:1167,(anonymous_52)
FN:1168,(anonymous_53)
FN:1173,(anonymous_54)
FN:1176,(anonymous_55)
FN:1177,(anonymous_56)
FN:1178,(anonymous_57)
FN:1179,(anonymous_58)
FN:1180,(anonymous_59)
FN:1183,(anonymous_60)
FN:1187,(anonymous_61)
FN:1189,(anonymous_62)
FN:1193,(anonymous_63)
FN:1196,(anonymous_64)
FN:1204,(anonymous_65)
FN:1209,formatDashboardMemory
FN:1216,getSuperAdminDashboardData
FN:1311,(anonymous_68)
FN:1331,(anonymous_69)
FN:1332,(anonymous_70)
FN:1333,(anonymous_71)
FN:1335,(anonymous_72)
FN:1338,(anonymous_73)
FN:1341,(anonymous_74)
FN:1352,(anonymous_75)
FN:1353,(anonymous_76)
FN:1354,(anonymous_77)
FN:1357,(anonymous_78)
FN:1365,(anonymous_79)
FN:1366,(anonymous_80)
FN:1368,(anonymous_81)
FN:1369,(anonymous_82)
FN:1370,(anonymous_83)
FN:1373,(anonymous_84)
FN:1378,(anonymous_85)
FN:1383,(anonymous_86)
FN:1399,(anonymous_87)
FN:1465,(anonymous_88)
FN:1471,getSuperAdminSectionDetails
FN:1820,(anonymous_90)
FN:1827,getRecentPowerHistory
FN:1845,(anonymous_92)
FN:1855,getLatestSnapshotAt
FNF:94
FNH:27
FNDA:1,isDbConfigured
FNDA:2,getPool
FNDA:0,keyify
FNDA:0,deriveHealth
FNDA:0,normalizeVmStatus
FNDA:0,parseTimeWindow
FNDA:0,normalizeSortDirection
FNDA:0,toPositiveInt
FNDA:0,formatPointLabel
FNDA:0,initDb
FNDA:0,seedBiometricEmployees
FNDA:0,getHostIdMap
FNDA:0,getDatastoreIdMap
FNDA:0,mapIloByHost
FNDA:0,(anonymous_14)
FNDA:0,(anonymous_15)
FNDA:0,getNetworkIdMap
FNDA:0,getIloServerIdMap
FNDA:0,storeAlertSnapshot
FNDA:1,normalizeStoredAlertSeverity
FNDA:0,inferGeneratedAlertSeverity
FNDA:0,buildGeneratedAlertMessage
FNDA:0,storeGeneratedAlertEvents
FNDA:1,mapAlertSnapshotRow
FNDA:1,getRecentAlertSnapshots
FNDA:0,storeNetworkSnapshot
FNDA:0,storeIloSnapshot
FNDA:0,storeRduSnapshot
FNDA:0,syncVirtualMachines
FNDA:0,(anonymous_29)
FNDA:0,(anonymous_30)
FNDA:0,storeSnapshot
FNDA:0,getSuperAdminBundle
FNDA:0,(anonymous_33)
FNDA:0,(anonymous_34)
FNDA:0,(anonymous_35)
FNDA:0,(anonymous_36)
FNDA:0,(anonymous_37)
FNDA:0,(anonymous_38)
FNDA:0,(anonymous_39)
FNDA:0,(anonymous_40)
FNDA:0,(anonymous_41)
FNDA:0,(anonymous_42)
FNDA:0,(anonymous_43)
FNDA:0,(anonymous_44)
FNDA:0,(anonymous_45)
FNDA:0,(anonymous_46)
FNDA:0,(anonymous_47)
FNDA:0,(anonymous_48)
FNDA:0,(anonymous_49)
FNDA:0,(anonymous_50)
FNDA:0,(anonymous_51)
FNDA:0,(anonymous_52)
FNDA:0,(anonymous_53)
FNDA:0,(anonymous_54)
FNDA:0,(anonymous_55)
FNDA:0,(anonymous_56)
FNDA:0,(anonymous_57)
FNDA:0,(anonymous_58)
FNDA:0,(anonymous_59)
FNDA:0,(anonymous_60)
FNDA:0,(anonymous_61)
FNDA:0,(anonymous_62)
FNDA:0,(anonymous_63)
FNDA:0,(anonymous_64)
FNDA:0,(anonymous_65)
FNDA:1,formatDashboardMemory
FNDA:1,getSuperAdminDashboardData
FNDA:1,(anonymous_68)
FNDA:1,(anonymous_69)
FNDA:1,(anonymous_70)
FNDA:1,(anonymous_71)
FNDA:1,(anonymous_72)
FNDA:1,(anonymous_73)
FNDA:1,(anonymous_74)
FNDA:1,(anonymous_75)
FNDA:1,(anonymous_76)
FNDA:1,(anonymous_77)
FNDA:1,(anonymous_78)
FNDA:1,(anonymous_79)
FNDA:1,(anonymous_80)
FNDA:1,(anonymous_81)
FNDA:1,(anonymous_82)
FNDA:1,(anonymous_83)
FNDA:0,(anonymous_84)
FNDA:1,(anonymous_85)
FNDA:1,(anonymous_86)
FNDA:1,(anonymous_87)
FNDA:1,(anonymous_88)
FNDA:0,getSuperAdminSectionDetails
FNDA:0,(anonymous_90)
FNDA:0,getRecentPowerHistory
FNDA:0,(anonymous_92)
FNDA:0,getLatestSnapshotAt
DA:1,3
DA:3,3
DA:5,3
DA:16,3
DA:253,1
DA:257,2
DA:261,0
DA:265,0
DA:266,0
DA:267,0
DA:271,0
DA:275,0
DA:276,0
DA:278,0
DA:279,0
DA:280,0
DA:281,0
DA:282,0
DA:283,0
DA:284,0
DA:287,0
DA:291,0
DA:295,0
DA:296,0
DA:300,0
DA:301,0
DA:305,0
DA:306,0
DA:307,0
DA:310,0
DA:311,0
DA:312,0
DA:313,0
DA:314,0
DA:315,0
DA:319,0
DA:321,0
DA:322,0
DA:323,0
DA:325,0
DA:326,0
DA:328,0
DA:329,0
DA:330,0
DA:335,0
DA:337,0
DA:342,0
DA:344,0
DA:345,0
DA:365,0
DA:368,0
DA:372,0
DA:374,0
DA:375,0
DA:386,0
DA:389,0
DA:393,0
DA:394,0
DA:396,0
DA:397,0
DA:398,0
DA:399,0
DA:400,0
DA:403,0
DA:404,0
DA:405,0
DA:409,0
DA:413,0
DA:415,0
DA:416,0
DA:427,0
DA:430,0
DA:434,0
DA:435,0
DA:437,0
DA:438,0
DA:459,0
DA:462,0
DA:466,0
DA:467,0
DA:469,0
DA:470,0
DA:472,0
DA:473,0
DA:474,0
DA:475,0
DA:478,0
DA:483,0
DA:484,0
DA:485,0
DA:487,0
DA:497,1
DA:498,1
DA:499,1
DA:500,1
DA:504,0
DA:505,0
DA:507,0
DA:514,0
DA:517,0
DA:518,0
DA:521,0
DA:525,0
DA:526,0
DA:527,0
DA:529,0
DA:531,0
DA:533,0
DA:535,0
DA:537,0
DA:539,0
DA:541,0
DA:543,0
DA:545,0
DA:547,0
DA:549,0
DA:554,0
DA:555,0
DA:556,0
DA:558,0
DA:559,0
DA:560,0
DA:561,0
DA:575,1
DA:588,1
DA:590,1
DA:591,1
DA:602,1
DA:606,0
DA:608,0
DA:610,0
DA:611,0
DA:620,0
DA:621,0
DA:623,0
DA:624,0
DA:625,0
DA:627,0
DA:628,0
DA:630,0
DA:651,0
DA:652,0
DA:666,0
DA:667,0
DA:668,0
DA:670,0
DA:684,0
DA:685,0
DA:701,0
DA:703,0
DA:704,0
DA:705,0
DA:706,0
DA:708,0
DA:753,0
DA:758,0
DA:760,0
DA:766,0
DA:767,0
DA:768,0
DA:769,0
DA:771,0
DA:772,0
DA:773,0
DA:774,0
DA:775,0
DA:776,0
DA:777,0
DA:778,0
DA:779,0
DA:781,0
DA:782,0
DA:789,0
DA:790,0
DA:796,0
DA:806,0
DA:809,0
DA:824,0
DA:825,0
DA:826,0
DA:832,0
DA:842,0
DA:843,0
DA:851,0
DA:852,0
DA:853,0
DA:862,0
DA:868,0
DA:879,0
DA:883,0
DA:884,0
DA:886,0
DA:887,0
DA:889,0
DA:890,0
DA:892,0
DA:893,0
DA:894,0
DA:896,0
DA:897,0
DA:898,0
DA:899,0
DA:900,0
DA:902,0
DA:909,0
DA:910,0
DA:924,0
DA:925,0
DA:926,0
DA:927,0
DA:928,0
DA:930,0
DA:931,0
DA:933,0
DA:934,0
DA:935,0
DA:937,0
DA:942,0
DA:944,0
DA:945,0
DA:946,0
DA:947,0
DA:949,0
DA:950,0
DA:951,0
DA:953,0
DA:954,0
DA:955,0
DA:957,0
DA:958,0
DA:960,0
DA:961,0
DA:962,0
DA:964,0
DA:965,0
DA:966,0
DA:967,0
DA:970,0
DA:971,0
DA:972,0
DA:975,0
DA:1009,0
DA:1017,0
DA:1029,0
DA:1041,0
DA:1052,0
DA:1071,0
DA:1084,0
DA:1085,0
DA:1086,0
DA:1088,0
DA:1089,0
DA:1091,0
DA:1092,0
DA:1093,0
DA:1094,0
DA:1095,0
DA:1096,0
DA:1097,0
DA:1100,0
DA:1101,0
DA:1102,0
DA:1103,0
DA:1104,0
DA:1106,0
DA:1107,0
DA:1108,0
DA:1109,0
DA:1120,0
DA:1122,0
DA:1123,0
DA:1124,0
DA:1125,0
DA:1128,0
DA:1129,0
DA:1130,0
DA:1133,0
DA:1146,0
DA:1148,0
DA:1157,0
DA:1158,0
DA:1159,0
DA:1160,0
DA:1161,0
DA:1162,0
DA:1167,0
DA:1168,0
DA:1173,0
DA:1176,0
DA:1177,0
DA:1178,0
DA:1179,0
DA:1180,0
DA:1183,0
DA:1187,0
DA:1189,0
DA:1193,0
DA:1196,0
DA:1204,0
DA:1210,1
DA:1211,0
DA:1217,1
DA:1219,1
DA:1311,1
DA:1312,1
DA:1313,1
DA:1314,1
DA:1316,1
DA:1331,1
DA:1332,1
DA:1333,1
DA:1334,1
DA:1335,1
DA:1337,1
DA:1338,1
DA:1341,1
DA:1352,1
DA:1353,1
DA:1354,1
DA:1355,1
DA:1357,1
DA:1365,1
DA:1366,1
DA:1368,1
DA:1369,1
DA:1370,1
DA:1371,1
DA:1373,0
DA:1378,1
DA:1383,1
DA:1399,1
DA:1406,1
DA:1407,1
DA:1431,1
DA:1465,1
DA:1472,0
DA:1474,0
DA:1475,0
DA:1476,0
DA:1477,0
DA:1478,0
DA:1479,0
DA:1480,0
DA:1481,0
DA:1482,0
DA:1483,0
DA:1486,0
DA:1487,0
DA:1489,0
DA:1801,0
DA:1802,0
DA:1803,0
DA:1806,0
DA:1811,0
DA:1820,0
DA:1828,0
DA:1829,0
DA:1830,0
DA:1845,0
DA:1850,0
DA:1851,0
DA:1856,0
DA:1858,0
DA:1859,0
DA:1870,0
DA:1872,0
DA:1873,0
DA:1877,3
LF:368
LH:50
BRDA:5,0,0,1
BRDA:5,0,1,2
BRDA:5,1,0,3
BRDA:5,1,1,1
BRDA:5,1,2,1
BRDA:8,2,0,1
BRDA:8,2,1,1
BRDA:10,3,0,1
BRDA:10,3,1,1
BRDA:12,4,0,0
BRDA:12,4,1,1
BRDA:261,5,0,0
BRDA:261,5,1,0
BRDA:265,6,0,0
BRDA:265,6,1,0
BRDA:265,7,0,0
BRDA:265,7,1,0
BRDA:265,7,2,0
BRDA:266,8,0,0
BRDA:266,8,1,0
BRDA:266,9,0,0
BRDA:266,9,1,0
BRDA:266,9,2,0
BRDA:271,10,0,0
BRDA:271,10,1,0
BRDA:271,11,0,0
BRDA:271,11,1,0
BRDA:274,12,0,0
BRDA:275,13,0,0
BRDA:275,13,1,0
BRDA:276,14,0,0
BRDA:276,14,1,0
BRDA:278,15,0,0
BRDA:278,15,1,0
BRDA:278,16,0,0
BRDA:278,16,1,0
BRDA:279,17,0,0
BRDA:279,17,1,0
BRDA:280,18,0,0
BRDA:280,18,1,0
BRDA:281,19,0,0
BRDA:281,19,1,0
BRDA:282,20,0,0
BRDA:282,20,1,0
BRDA:283,21,0,0
BRDA:283,21,1,0
BRDA:291,22,0,0
BRDA:291,22,1,0
BRDA:291,23,0,0
BRDA:291,23,1,0
BRDA:296,24,0,0
BRDA:296,24,1,0
BRDA:296,25,0,0
BRDA:296,25,1,0
BRDA:305,26,0,0
BRDA:305,26,1,0
BRDA:319,27,0,0
BRDA:319,27,1,0
BRDA:323,28,0,0
BRDA:323,28,1,0
BRDA:326,29,0,0
BRDA:326,29,1,0
BRDA:326,30,0,0
BRDA:326,30,1,0
BRDA:358,31,0,0
BRDA:358,31,1,0
BRDA:359,32,0,0
BRDA:359,32,1,0
BRDA:360,33,0,0
BRDA:360,33,1,0
BRDA:361,34,0,0
BRDA:361,34,1,0
BRDA:383,35,0,0
BRDA:383,35,1,0
BRDA:396,36,0,0
BRDA:396,36,1,0
BRDA:398,37,0,0
BRDA:398,37,1,0
BRDA:404,38,0,0
BRDA:404,38,1,0
BRDA:424,39,0,0
BRDA:424,39,1,0
BRDA:435,40,0,0
BRDA:435,40,1,0
BRDA:435,41,0,0
BRDA:435,41,1,0
BRDA:450,42,0,0
BRDA:450,42,1,0
BRDA:451,43,0,0
BRDA:451,43,1,0
BRDA:452,44,0,0
BRDA:452,44,1,0
BRDA:453,45,0,0
BRDA:453,45,1,0
BRDA:454,46,0,0
BRDA:454,46,1,0
BRDA:455,47,0,0
BRDA:455,47,1,0
BRDA:466,48,0,0
BRDA:466,48,1,0
BRDA:466,49,0,0
BRDA:466,49,1,0
BRDA:467,50,0,0
BRDA:467,50,1,0
BRDA:469,51,0,0
BRDA:469,51,1,0
BRDA:470,52,0,0
BRDA:470,52,1,0
BRDA:473,53,0,0
BRDA:473,53,1,0
BRDA:474,54,0,0
BRDA:474,54,1,0
BRDA:483,55,0,0
BRDA:483,55,1,0
BRDA:484,56,0,0
BRDA:484,56,1,0
BRDA:485,57,0,0
BRDA:485,57,1,0
BRDA:485,58,0,0
BRDA:485,58,1,0
BRDA:497,59,0,1
BRDA:497,59,1,1
BRDA:498,60,0,0
BRDA:498,60,1,1
BRDA:499,61,0,0
BRDA:499,61,1,1
BRDA:503,62,0,0
BRDA:504,63,0,0
BRDA:504,63,1,0
BRDA:505,64,0,0
BRDA:505,64,1,0
BRDA:507,65,0,0
BRDA:507,65,1,0
BRDA:508,66,0,0
BRDA:508,66,1,0
BRDA:508,66,2,0
BRDA:508,66,3,0
BRDA:508,66,4,0
BRDA:517,67,0,0
BRDA:517,67,1,0
BRDA:517,68,0,0
BRDA:517,68,1,0
BRDA:517,68,2,0
BRDA:524,69,0,0
BRDA:525,70,0,0
BRDA:525,70,1,0
BRDA:527,71,0,0
BRDA:527,71,1,0
BRDA:527,71,2,0
BRDA:529,72,0,0
BRDA:529,72,1,0
BRDA:529,72,2,0
BRDA:529,72,3,0
BRDA:529,72,4,0
BRDA:529,72,5,0
BRDA:529,72,6,0
BRDA:529,72,7,0
BRDA:529,72,8,0
BRDA:529,72,9,0
BRDA:529,73,0,0
BRDA:529,73,1,0
BRDA:531,74,0,0
BRDA:531,74,1,0
BRDA:531,75,0,0
BRDA:531,75,1,0
BRDA:533,76,0,0
BRDA:533,76,1,0
BRDA:533,77,0,0
BRDA:533,77,1,0
BRDA:535,78,0,0
BRDA:535,78,1,0
BRDA:535,79,0,0
BRDA:535,79,1,0
BRDA:537,80,0,0
BRDA:537,80,1,0
BRDA:537,81,0,0
BRDA:537,81,1,0
BRDA:539,82,0,0
BRDA:539,82,1,0
BRDA:539,83,0,0
BRDA:539,83,1,0
BRDA:541,84,0,0
BRDA:541,84,1,0
BRDA:541,85,0,0
BRDA:541,85,1,0
BRDA:543,86,0,0
BRDA:543,86,1,0
BRDA:543,87,0,0
BRDA:543,87,1,0
BRDA:545,88,0,0
BRDA:545,88,1,0
BRDA:545,89,0,0
BRDA:545,89,1,0
BRDA:547,90,0,0
BRDA:547,90,1,0
BRDA:547,91,0,0
BRDA:547,91,1,0
BRDA:549,92,0,0
BRDA:549,92,1,0
BRDA:549,92,2,0
BRDA:553,93,0,0
BRDA:554,94,0,0
BRDA:554,94,1,0
BRDA:554,95,0,0
BRDA:554,95,1,0
BRDA:555,96,0,0
BRDA:555,96,1,0
BRDA:556,97,0,0
BRDA:556,97,1,0
BRDA:559,98,0,0
BRDA:559,98,1,0
BRDA:560,99,0,0
BRDA:560,99,1,0
BRDA:560,100,0,0
BRDA:560,100,1,0
BRDA:566,101,0,0
BRDA:566,101,1,0
BRDA:577,102,0,1
BRDA:577,102,1,1
BRDA:578,103,0,1
BRDA:578,103,1,1
BRDA:580,104,0,1
BRDA:580,104,1,0
BRDA:581,105,0,0
BRDA:581,105,1,1
BRDA:582,106,0,1
BRDA:582,106,1,1
BRDA:587,107,0,0
BRDA:588,108,0,0
BRDA:588,108,1,1
BRDA:590,109,0,1
BRDA:590,109,1,0
BRDA:606,110,0,0
BRDA:606,110,1,0
BRDA:620,111,0,0
BRDA:620,111,1,0
BRDA:620,112,0,0
BRDA:620,112,1,0
BRDA:621,113,0,0
BRDA:621,113,1,0
BRDA:621,114,0,0
BRDA:621,114,1,0
BRDA:625,115,0,0
BRDA:625,115,1,0
BRDA:627,116,0,0
BRDA:627,116,1,0
BRDA:628,117,0,0
BRDA:628,117,1,0
BRDA:640,118,0,0
BRDA:640,118,1,0
BRDA:640,119,0,0
BRDA:640,119,1,0
BRDA:641,120,0,0
BRDA:641,120,1,0
BRDA:642,121,0,0
BRDA:642,121,1,0
BRDA:645,122,0,0
BRDA:645,122,1,0
BRDA:646,123,0,0
BRDA:646,123,1,0
BRDA:647,124,0,0
BRDA:647,124,1,0
BRDA:651,125,0,0
BRDA:651,125,1,0
BRDA:658,126,0,0
BRDA:658,126,1,0
BRDA:659,127,0,0
BRDA:659,127,1,0
BRDA:660,128,0,0
BRDA:660,128,1,0
BRDA:661,129,0,0
BRDA:661,129,1,0
BRDA:666,130,0,0
BRDA:666,130,1,0
BRDA:667,131,0,0
BRDA:667,131,1,0
BRDA:667,131,2,0
BRDA:668,132,0,0
BRDA:668,132,1,0
BRDA:668,133,0,0
BRDA:668,133,1,0
BRDA:676,134,0,0
BRDA:676,134,1,0
BRDA:677,135,0,0
BRDA:677,135,1,0
BRDA:684,136,0,0
BRDA:684,136,1,0
BRDA:691,137,0,0
BRDA:691,137,1,0
BRDA:692,138,0,0
BRDA:692,138,1,0
BRDA:693,139,0,0
BRDA:693,139,1,0
BRDA:701,140,0,0
BRDA:701,140,1,0
BRDA:701,141,0,0
BRDA:701,141,1,0
BRDA:703,142,0,0
BRDA:703,142,1,0
BRDA:704,143,0,0
BRDA:704,143,1,0
BRDA:705,144,0,0
BRDA:705,144,1,0
BRDA:706,145,0,0
BRDA:706,145,1,0
BRDA:730,146,0,0
BRDA:730,146,1,0
BRDA:731,147,0,0
BRDA:731,147,1,0
BRDA:732,148,0,0
BRDA:732,148,1,0
BRDA:733,149,0,0
BRDA:733,149,1,0
BRDA:734,150,0,0
BRDA:734,150,1,0
BRDA:735,151,0,0
BRDA:735,151,1,0
BRDA:736,152,0,0
BRDA:736,152,1,0
BRDA:737,153,0,0
BRDA:737,153,1,0
BRDA:738,154,0,0
BRDA:738,154,1,0
BRDA:739,155,0,0
BRDA:739,155,1,0
BRDA:740,156,0,0
BRDA:740,156,1,0
BRDA:741,157,0,0
BRDA:741,157,1,0
BRDA:742,158,0,0
BRDA:742,158,1,0
BRDA:743,159,0,0
BRDA:743,159,1,0
BRDA:744,160,0,0
BRDA:744,160,1,0
BRDA:747,161,0,0
BRDA:747,161,1,0
BRDA:758,162,0,0
BRDA:758,162,1,0
BRDA:768,163,0,0
BRDA:768,163,1,0
BRDA:772,164,0,0
BRDA:772,164,1,0
BRDA:775,165,0,0
BRDA:775,165,1,0
BRDA:776,166,0,0
BRDA:776,166,1,0
BRDA:777,167,0,0
BRDA:777,167,1,0
BRDA:778,168,0,0
BRDA:778,168,1,0
BRDA:781,169,0,0
BRDA:781,169,1,0
BRDA:789,170,0,0
BRDA:789,170,1,0
BRDA:824,171,0,0
BRDA:824,171,1,0
BRDA:825,172,0,0
BRDA:825,172,1,0
BRDA:842,173,0,0
BRDA:842,173,1,0
BRDA:846,174,0,0
BRDA:846,174,1,0
BRDA:852,175,0,0
BRDA:852,175,1,0
BRDA:852,176,0,0
BRDA:852,176,1,0
BRDA:852,176,2,0
BRDA:871,177,0,0
BRDA:871,177,1,0
BRDA:871,177,2,0
BRDA:872,178,0,0
BRDA:872,178,1,0
BRDA:873,179,0,0
BRDA:873,179,1,0
BRDA:874,180,0,0
BRDA:874,180,1,0
BRDA:874,180,2,0
BRDA:883,181,0,0
BRDA:883,181,1,0
BRDA:884,182,0,0
BRDA:884,182,1,0
BRDA:884,183,0,0
BRDA:884,183,1,0
BRDA:884,183,2,0
BRDA:884,183,3,0
BRDA:884,183,4,0
BRDA:884,183,5,0
BRDA:884,183,6,0
BRDA:892,184,0,0
BRDA:892,184,1,0
BRDA:893,185,0,0
BRDA:893,185,1,0
BRDA:894,186,0,0
BRDA:894,186,1,0
BRDA:894,187,0,0
BRDA:894,187,1,0
BRDA:896,188,0,0
BRDA:896,188,1,0
BRDA:898,189,0,0
BRDA:898,189,1,0
BRDA:899,190,0,0
BRDA:899,190,1,0
BRDA:899,190,2,0
BRDA:900,191,0,0
BRDA:900,191,1,0
BRDA:900,192,0,0
BRDA:900,192,1,0
BRDA:900,193,0,0
BRDA:900,193,1,0
BRDA:905,194,0,0
BRDA:905,194,1,0
BRDA:905,195,0,0
BRDA:905,195,1,0
BRDA:909,196,0,0
BRDA:909,196,1,0
BRDA:916,197,0,0
BRDA:916,197,1,0
BRDA:917,198,0,0
BRDA:917,198,1,0
BRDA:918,199,0,0
BRDA:918,199,1,0
BRDA:919,200,0,0
BRDA:919,200,1,0
BRDA:919,201,0,0
BRDA:919,201,1,0
BRDA:924,202,0,0
BRDA:924,202,1,0
BRDA:925,203,0,0
BRDA:925,203,1,0
BRDA:926,204,0,0
BRDA:926,204,1,0
BRDA:927,205,0,0
BRDA:927,205,1,0
BRDA:927,206,0,0
BRDA:927,206,1,0
BRDA:941,207,0,0
BRDA:942,208,0,0
BRDA:942,208,1,0
BRDA:945,209,0,0
BRDA:945,209,1,0
BRDA:946,210,0,0
BRDA:946,210,1,0
BRDA:947,211,0,0
BRDA:947,211,1,0
BRDA:954,212,0,0
BRDA:954,212,1,0
BRDA:955,213,0,0
BRDA:955,213,1,0
BRDA:957,214,0,0
BRDA:957,214,1,0
BRDA:958,215,0,0
BRDA:958,215,1,0
BRDA:964,216,0,0
BRDA:964,216,1,0
BRDA:970,217,0,0
BRDA:970,217,1,0
BRDA:1012,218,0,0
BRDA:1012,218,1,0
BRDA:1013,219,0,0
BRDA:1013,219,1,0
BRDA:1022,220,0,0
BRDA:1022,220,1,0
BRDA:1023,221,0,0
BRDA:1023,221,1,0
BRDA:1024,222,0,0
BRDA:1024,222,1,0
BRDA:1025,223,0,0
BRDA:1025,223,1,0
BRDA:1026,224,0,0
BRDA:1026,224,1,0
BRDA:1034,225,0,0
BRDA:1034,225,1,0
BRDA:1035,226,0,0
BRDA:1035,226,1,0
BRDA:1036,227,0,0
BRDA:1036,227,1,0
BRDA:1037,228,0,0
BRDA:1037,228,1,0
BRDA:1038,229,0,0
BRDA:1038,229,1,0
BRDA:1047,230,0,0
BRDA:1047,230,1,0
BRDA:1075,231,0,0
BRDA:1075,231,1,0
BRDA:1076,232,0,0
BRDA:1076,232,1,0
BRDA:1077,233,0,0
BRDA:1077,233,1,0
BRDA:1078,234,0,0
BRDA:1078,234,1,0
BRDA:1079,235,0,0
BRDA:1079,235,1,0
BRDA:1080,236,0,0
BRDA:1080,236,1,0
BRDA:1081,237,0,0
BRDA:1081,237,1,0
BRDA:1094,238,0,0
BRDA:1094,238,1,0
BRDA:1095,239,0,0
BRDA:1095,239,1,0
BRDA:1096,240,0,0
BRDA:1096,240,1,0
BRDA:1108,241,0,0
BRDA:1108,241,1,0
BRDA:1125,242,0,0
BRDA:1125,242,1,0
BRDA:1125,243,0,0
BRDA:1125,243,1,0
BRDA:1128,244,0,0
BRDA:1128,244,1,0
BRDA:1128,244,2,0
BRDA:1129,245,0,0
BRDA:1129,245,1,0
BRDA:1130,246,0,0
BRDA:1130,246,1,0
BRDA:1157,247,0,0
BRDA:1157,247,1,0
BRDA:1157,248,0,0
BRDA:1157,248,1,0
BRDA:1160,249,0,0
BRDA:1160,249,1,0
BRDA:1161,250,0,0
BRDA:1161,250,1,0
BRDA:1200,251,0,0
BRDA:1200,251,1,0
BRDA:1201,252,0,0
BRDA:1201,252,1,0
BRDA:1205,253,0,0
BRDA:1205,253,1,0
BRDA:1210,254,0,1
BRDA:1210,254,1,0
BRDA:1211,255,0,0
BRDA:1211,255,1,0
BRDA:1217,256,0,0
BRDA:1217,256,1,1
BRDA:1312,257,0,1
BRDA:1312,257,1,1
BRDA:1313,258,0,1
BRDA:1313,258,1,0
BRDA:1314,259,0,0
BRDA:1314,259,1,1
BRDA:1319,260,0,1
BRDA:1319,260,1,0
BRDA:1324,261,0,0
BRDA:1324,261,1,1
BRDA:1325,262,0,0
BRDA:1325,262,1,1
BRDA:1326,263,0,1
BRDA:1326,263,1,1
BRDA:1331,264,0,1
BRDA:1331,264,1,1
BRDA:1332,265,0,1
BRDA:1332,265,1,1
BRDA:1333,266,0,1
BRDA:1333,266,1,1
BRDA:1334,267,0,1
BRDA:1334,267,1,0
BRDA:1335,268,0,1
BRDA:1335,268,1,0
BRDA:1337,269,0,1
BRDA:1337,269,1,0
BRDA:1338,270,0,1
BRDA:1338,270,1,0
BRDA:1343,271,0,1
BRDA:1343,271,1,1
BRDA:1344,272,0,1
BRDA:1344,272,1,1
BRDA:1345,273,0,1
BRDA:1345,273,1,1
BRDA:1346,274,0,0
BRDA:1346,274,1,1
BRDA:1346,275,0,1
BRDA:1346,275,1,1
BRDA:1349,276,0,1
BRDA:1349,276,1,1
BRDA:1352,277,0,1
BRDA:1352,277,1,1
BRDA:1353,278,0,1
BRDA:1353,278,1,1
BRDA:1354,279,0,1
BRDA:1354,279,1,1
BRDA:1355,280,0,0
BRDA:1355,280,1,1
BRDA:1361,281,0,1
BRDA:1361,281,1,1
BRDA:1362,282,0,0
BRDA:1362,282,1,1
BRDA:1368,283,0,1
BRDA:1368,283,1,1
BRDA:1369,284,0,1
BRDA:1369,284,1,0
BRDA:1371,285,0,0
BRDA:1371,285,1,1
BRDA:1373,286,0,0
BRDA:1373,286,1,0
BRDA:1380,287,0,1
BRDA:1380,287,1,0
BRDA:1386,288,0,0
BRDA:1386,288,1,1
BRDA:1386,289,0,0
BRDA:1386,289,1,1
BRDA:1392,290,0,0
BRDA:1392,290,1,1
BRDA:1399,291,0,1
BRDA:1399,291,1,1
BRDA:1406,292,0,1
BRDA:1406,292,1,0
BRDA:1407,293,0,1
BRDA:1407,293,1,0
BRDA:1410,294,0,1
BRDA:1410,294,1,1
BRDA:1411,295,0,1
BRDA:1411,295,1,1
BRDA:1412,296,0,0
BRDA:1412,296,1,1
BRDA:1414,297,0,0
BRDA:1414,297,1,1
BRDA:1415,298,0,0
BRDA:1415,298,1,1
BRDA:1416,299,0,0
BRDA:1416,299,1,1
BRDA:1417,300,0,0
BRDA:1417,300,1,1
BRDA:1418,301,0,0
BRDA:1418,301,1,1
BRDA:1419,302,0,0
BRDA:1419,302,1,1
BRDA:1420,303,0,0
BRDA:1420,303,1,1
BRDA:1422,304,0,0
BRDA:1422,304,1,1
BRDA:1423,305,0,0
BRDA:1423,305,1,1
BRDA:1424,306,0,1
BRDA:1424,306,1,1
BRDA:1425,307,0,1
BRDA:1425,307,1,1
BRDA:1426,308,0,1
BRDA:1426,308,1,1
BRDA:1437,309,0,0
BRDA:1437,309,1,1
BRDA:1458,310,0,1
BRDA:1458,310,1,0
BRDA:1459,311,0,1
BRDA:1459,311,1,0
BRDA:1466,312,0,0
BRDA:1466,312,1,1
BRDA:1471,313,0,0
BRDA:1472,314,0,0
BRDA:1472,314,1,0
BRDA:1474,315,0,0
BRDA:1474,315,1,0
BRDA:1480,316,0,0
BRDA:1480,316,1,0
BRDA:1481,317,0,0
BRDA:1481,317,1,0
BRDA:1482,318,0,0
BRDA:1482,318,1,0
BRDA:1483,319,0,0
BRDA:1483,319,1,0
BRDA:1486,320,0,0
BRDA:1486,320,1,0
BRDA:1487,321,0,0
BRDA:1487,321,1,0
BRDA:1593,322,0,0
BRDA:1593,322,1,0
BRDA:1605,323,0,0
BRDA:1605,323,1,0
BRDA:1624,324,0,0
BRDA:1624,324,1,0
BRDA:1636,325,0,0
BRDA:1636,325,1,0
BRDA:1802,326,0,0
BRDA:1802,326,1,0
BRDA:1807,327,0,0
BRDA:1807,327,1,0
BRDA:1814,328,0,0
BRDA:1814,328,1,0
BRDA:1818,329,0,0
BRDA:1818,329,1,0
BRDA:1822,330,0,0
BRDA:1822,330,1,0
BRDA:1828,331,0,0
BRDA:1828,331,1,0
BRDA:1847,332,0,0
BRDA:1847,332,1,0
BRDA:1856,333,0,0
BRDA:1856,333,1,0
BRDA:1870,334,0,0
BRDA:1870,334,1,0
BRF:691
BRH:102
end_of_record
TN:
SF:routes\superadmin.js
FN:11,mergeDetailResponses
FN:15,(anonymous_1)
FN:36,mergeVmLifecycle
FN:39,(anonymous_3)
FN:55,(anonymous_4)
FN:58,mergeBundleResponses
FN:68,(anonymous_6)
FN:75,(anonymous_7)
FN:105,(anonymous_8)
FN:121,(anonymous_9)
FN:151,(anonymous_10)
FNF:11
FNH:2
FNDA:0,mergeDetailResponses
FNDA:0,(anonymous_1)
FNDA:0,mergeVmLifecycle
FNDA:0,(anonymous_3)
FNDA:0,(anonymous_4)
FNDA:0,mergeBundleResponses
FNDA:0,(anonymous_6)
FNDA:0,(anonymous_7)
FNDA:1,(anonymous_8)
FNDA:0,(anonymous_9)
FNDA:2,(anonymous_10)
DA:1,1
DA:2,1
DA:3,1
DA:4,1
DA:5,1
DA:7,1
DA:9,1
DA:12,0
DA:13,0
DA:14,0
DA:15,0
DA:16,0
DA:17,0
DA:18,0
DA:20,0
DA:22,0
DA:37,0
DA:39,0
DA:40,0
DA:48,0
DA:49,0
DA:50,0
DA:51,0
DA:52,0
DA:55,0
DA:59,0
DA:68,0
DA:75,1
DA:76,0
DA:77,0
DA:78,0
DA:81,0
DA:83,0
DA:84,0
DA:85,0
DA:86,0
DA:89,0
DA:90,0
DA:94,0
DA:97,0
DA:98,0
DA:100,0
DA:101,0
DA:105,1
DA:106,1
DA:107,1
DA:108,0
DA:111,1
DA:113,1
DA:114,1
DA:116,0
DA:117,0
DA:121,1
DA:122,0
DA:123,0
DA:124,0
DA:127,0
DA:129,0
DA:130,0
DA:131,0
DA:132,0
DA:135,0
DA:136,0
DA:140,0
DA:143,0
DA:144,0
DA:146,0
DA:147,0
DA:151,1
DA:152,2
DA:153,2
DA:154,2
DA:155,1
DA:159,1
DA:164,1
DA:166,1
DA:167,1
DA:168,0
DA:169,0
DA:172,1
DA:173,1
DA:175,0
DA:176,0
DA:180,1
LF:84
LH:27
BRDA:12,0,0,0
BRDA:12,0,1,0
BRDA:12,1,0,0
BRDA:12,1,1,0
BRDA:13,2,0,0
BRDA:13,2,1,0
BRDA:14,3,0,0
BRDA:14,3,1,0
BRDA:15,4,0,0
BRDA:15,4,1,0
BRDA:15,5,0,0
BRDA:15,5,1,0
BRDA:16,6,0,0
BRDA:16,6,1,0
BRDA:17,7,0,0
BRDA:17,7,1,0
BRDA:18,8,0,0
BRDA:18,8,1,0
BRDA:23,9,0,0
BRDA:23,9,1,0
BRDA:24,10,0,0
BRDA:24,10,1,0
BRDA:25,11,0,0
BRDA:25,11,1,0
BRDA:25,11,2,0
BRDA:25,11,3,0
BRDA:30,12,0,0
BRDA:30,12,1,0
BRDA:30,13,0,0
BRDA:30,13,1,0
BRDA:36,14,0,0
BRDA:36,15,0,0
BRDA:40,16,0,0
BRDA:40,16,1,0
BRDA:48,17,0,0
BRDA:48,17,1,0
BRDA:49,18,0,0
BRDA:49,18,1,0
BRDA:50,19,0,0
BRDA:50,19,1,0
BRDA:51,20,0,0
BRDA:51,20,1,0
BRDA:60,21,0,0
BRDA:60,21,1,0
BRDA:62,22,0,0
BRDA:62,22,1,0
BRDA:63,23,0,0
BRDA:63,23,1,0
BRDA:63,24,0,0
BRDA:63,24,1,0
BRDA:66,25,0,0
BRDA:66,25,1,0
BRDA:67,26,0,0
BRDA:67,26,1,0
BRDA:67,27,0,0
BRDA:67,27,1,0
BRDA:68,28,0,0
BRDA:68,28,1,0
BRDA:68,29,0,0
BRDA:68,29,1,0
BRDA:77,30,0,0
BRDA:77,30,1,0
BRDA:83,31,0,0
BRDA:83,31,1,0
BRDA:84,32,0,0
BRDA:84,32,1,0
BRDA:85,33,0,0
BRDA:85,33,1,0
BRDA:89,34,0,0
BRDA:89,34,1,0
BRDA:91,35,0,0
BRDA:91,35,1,0
BRDA:92,36,0,0
BRDA:92,36,1,0
BRDA:97,37,0,0
BRDA:97,37,1,0
BRDA:107,38,0,0
BRDA:107,38,1,1
BRDA:123,39,0,0
BRDA:123,39,1,0
BRDA:129,40,0,0
BRDA:129,40,1,0
BRDA:130,41,0,0
BRDA:130,41,1,0
BRDA:131,42,0,0
BRDA:131,42,1,0
BRDA:135,43,0,0
BRDA:135,43,1,0
BRDA:137,44,0,0
BRDA:137,44,1,0
BRDA:138,45,0,0
BRDA:138,45,1,0
BRDA:140,46,0,0
BRDA:140,46,1,0
BRDA:143,47,0,0
BRDA:143,47,1,0
BRDA:154,48,0,1
BRDA:154,48,1,1
BRDA:154,49,0,2
BRDA:154,49,1,1
BRDA:154,49,2,1
BRDA:167,50,0,0
BRDA:167,50,1,1
BRF:103
BRH:7
end_of_record
TN:
SF:services\alertEngine.js
FN:8,roundValue
FN:13,getDatastoreUsagePercent
FN:19,buildAlertEmail
FN:25,(anonymous_3)
FN:42,(anonymous_4)
FN:56,formatVmMemory
FN:62,isHostDown
FN:67,normalizeRduAlerts
FN:69,(anonymous_8)
FN:74,getSeverityLabel
FN:110,inferHostGroup
FN:122,enrichAlertDetails
FN:134,buildEvents
FN:140,(anonymous_13)
FN:141,(anonymous_14)
FN:142,(anonymous_15)
FN:143,(anonymous_16)
FN:145,(anonymous_17)
FN:303,(anonymous_18)
FN:352,(anonymous_19)
FN:353,(anonymous_20)
FN:399,(anonymous_21)
FN:444,(anonymous_22)
FN:450,processSnapshot
FN:454,(anonymous_24)
FN:456,(anonymous_25)
FN:457,(anonymous_26)
FNF:27
FNH:17
FNDA:10,roundValue
FNDA:0,getDatastoreUsagePercent
FNDA:4,buildAlertEmail
FNDA:19,(anonymous_3)
FNDA:19,(anonymous_4)
FNDA:1,formatVmMemory
FNDA:4,isHostDown
FNDA:2,normalizeRduAlerts
FNDA:0,(anonymous_8)
FNDA:4,getSeverityLabel
FNDA:4,inferHostGroup
FNDA:4,enrichAlertDetails
FNDA:4,buildEvents
FNDA:2,(anonymous_13)
FNDA:0,(anonymous_14)
FNDA:0,(anonymous_15)
FNDA:0,(anonymous_16)
FNDA:1,(anonymous_17)
FNDA:1,(anonymous_18)
FNDA:0,(anonymous_19)
FNDA:0,(anonymous_20)
FNDA:0,(anonymous_21)
FNDA:6,(anonymous_22)
FNDA:4,processSnapshot
FNDA:2,(anonymous_24)
FNDA:0,(anonymous_25)
FNDA:0,(anonymous_26)
DA:1,1
DA:2,1
DA:3,1
DA:4,1
DA:6,1
DA:9,10
DA:10,10
DA:14,0
DA:15,0
DA:16,0
DA:20,4
DA:21,4
DA:22,4
DA:25,19
DA:28,4
DA:42,19
DA:57,1
DA:58,1
DA:59,0
DA:63,4
DA:68,2
DA:69,0
DA:75,4
DA:76,4
DA:78,4
DA:79,2
DA:89,2
DA:90,1
DA:100,1
DA:111,4
DA:113,4
DA:114,3
DA:115,3
DA:116,3
DA:117,3
DA:119,3
DA:123,4
DA:124,4
DA:125,4
DA:127,4
DA:128,0
DA:131,4
DA:135,4
DA:136,4
DA:137,4
DA:138,4
DA:140,4
DA:141,4
DA:142,4
DA:143,4
DA:144,4
DA:145,4
DA:146,4
DA:149,4
DA:152,4
DA:153,4
DA:155,4
DA:156,2
DA:157,2
DA:159,2
DA:161,2
DA:173,2
DA:175,0
DA:187,2
DA:190,0
DA:202,2
DA:203,0
DA:215,2
DA:216,2
DA:217,2
DA:219,2
DA:220,2
DA:233,2
DA:234,0
DA:247,2
DA:249,0
DA:265,4
DA:266,0
DA:267,0
DA:268,0
DA:270,0
DA:272,0
DA:284,0
DA:285,0
DA:286,0
DA:287,0
DA:302,4
DA:303,1
DA:305,1
DA:306,1
DA:321,4
DA:322,1
DA:323,1
DA:324,1
DA:326,0
DA:327,0
DA:329,0
DA:330,0
DA:331,0
DA:348,4
DA:349,1
DA:352,0
DA:353,0
DA:355,1
DA:356,0
DA:357,0
DA:358,0
DA:374,4
DA:375,1
DA:376,1
DA:378,1
DA:379,1
DA:392,4
DA:393,1
DA:394,1
DA:395,1
DA:396,1
DA:398,1
DA:399,0
DA:400,0
DA:413,4
DA:414,1
DA:416,0
DA:429,1
DA:430,1
DA:431,1
DA:432,0
DA:444,6
DA:451,4
DA:452,4
DA:453,4
DA:454,4
DA:456,0
DA:457,0
DA:461,4
DA:470,4
DA:471,0
DA:474,4
DA:476,4
DA:477,1
DA:480,3
DA:481,0
DA:484,3
DA:485,4
DA:486,4
DA:489,3
DA:491,0
DA:492,0
DA:496,1
LF:149
LH:109
BRDA:8,0,0,10
BRDA:10,1,0,10
BRDA:10,1,1,0
BRDA:14,2,0,0
BRDA:14,2,1,0
BRDA:15,3,0,0
BRDA:15,3,1,0
BRDA:16,4,0,0
BRDA:16,4,1,0
BRDA:21,5,0,4
BRDA:21,5,1,0
BRDA:57,6,0,1
BRDA:57,6,1,1
BRDA:58,7,0,1
BRDA:58,7,1,0
BRDA:58,8,0,1
BRDA:58,8,1,1
BRDA:63,9,0,4
BRDA:63,9,1,0
BRDA:63,10,0,4
BRDA:63,10,1,4
BRDA:64,11,0,0
BRDA:64,11,1,0
BRDA:67,12,0,0
BRDA:69,13,0,0
BRDA:69,13,1,0
BRDA:69,13,2,0
BRDA:69,13,3,0
BRDA:75,14,0,4
BRDA:75,14,1,0
BRDA:76,15,0,4
BRDA:76,15,1,0
BRDA:78,16,0,2
BRDA:78,16,1,2
BRDA:78,17,0,4
BRDA:78,17,1,3
BRDA:78,17,2,2
BRDA:78,17,3,2
BRDA:78,17,4,2
BRDA:89,18,0,1
BRDA:89,18,1,1
BRDA:89,19,0,2
BRDA:89,19,1,1
BRDA:89,19,2,1
BRDA:111,20,0,4
BRDA:111,20,1,1
BRDA:113,21,0,1
BRDA:113,21,1,3
BRDA:114,22,0,0
BRDA:114,22,1,3
BRDA:114,23,0,3
BRDA:114,23,1,3
BRDA:114,23,2,3
BRDA:114,23,3,3
BRDA:115,24,0,0
BRDA:115,24,1,3
BRDA:115,25,0,3
BRDA:115,25,1,3
BRDA:115,25,2,3
BRDA:115,25,3,3
BRDA:116,26,0,0
BRDA:116,26,1,3
BRDA:116,27,0,3
BRDA:116,27,1,3
BRDA:116,27,2,3
BRDA:117,28,0,0
BRDA:117,28,1,3
BRDA:124,29,0,4
BRDA:124,29,1,2
BRDA:124,29,2,1
BRDA:124,29,3,1
BRDA:127,30,0,0
BRDA:127,30,1,4
BRDA:127,31,0,4
BRDA:127,31,1,0
BRDA:140,32,0,4
BRDA:140,32,1,2
BRDA:141,33,0,4
BRDA:141,33,1,4
BRDA:142,34,0,4
BRDA:142,34,1,3
BRDA:143,35,0,4
BRDA:143,35,1,3
BRDA:144,36,0,1
BRDA:144,36,1,3
BRDA:145,37,0,4
BRDA:145,37,1,3
BRDA:146,38,0,0
BRDA:146,38,1,4
BRDA:149,39,0,0
BRDA:149,39,1,4
BRDA:152,40,0,4
BRDA:152,40,1,3
BRDA:153,41,0,4
BRDA:153,41,1,3
BRDA:155,42,0,4
BRDA:155,42,1,0
BRDA:157,43,0,0
BRDA:157,43,1,2
BRDA:159,44,0,2
BRDA:159,44,1,0
BRDA:159,45,0,2
BRDA:159,45,1,2
BRDA:159,45,2,2
BRDA:159,46,0,2
BRDA:159,46,1,0
BRDA:160,47,0,2
BRDA:160,47,1,0
BRDA:173,48,0,0
BRDA:173,48,1,2
BRDA:173,49,0,2
BRDA:173,49,1,0
BRDA:173,49,2,0
BRDA:173,50,0,2
BRDA:173,50,1,2
BRDA:174,51,0,0
BRDA:174,51,1,0
BRDA:187,52,0,0
BRDA:187,52,1,2
BRDA:187,53,0,2
BRDA:187,53,1,0
BRDA:187,53,2,0
BRDA:187,53,3,0
BRDA:189,54,0,0
BRDA:189,54,1,0
BRDA:202,55,0,0
BRDA:202,55,1,2
BRDA:202,56,0,2
BRDA:202,56,1,2
BRDA:202,56,2,2
BRDA:202,56,3,2
BRDA:208,57,0,0
BRDA:208,57,1,0
BRDA:209,58,0,0
BRDA:209,58,1,0
BRDA:215,59,0,2
BRDA:215,59,1,0
BRDA:215,60,0,2
BRDA:215,60,1,2
BRDA:216,61,0,2
BRDA:216,61,1,0
BRDA:216,62,0,2
BRDA:216,62,1,0
BRDA:217,63,0,2
BRDA:217,63,1,2
BRDA:217,64,0,2
BRDA:217,64,1,2
BRDA:219,65,0,2
BRDA:219,65,1,0
BRDA:233,66,0,0
BRDA:233,66,1,2
BRDA:247,67,0,0
BRDA:247,67,1,2
BRDA:247,68,0,2
BRDA:247,68,1,2
BRDA:247,69,0,2
BRDA:247,69,1,2
BRDA:247,70,0,2
BRDA:247,70,1,2
BRDA:248,71,0,2
BRDA:248,71,1,2
BRDA:248,72,0,2
BRDA:248,72,1,2
BRDA:254,73,0,0
BRDA:254,73,1,0
BRDA:255,74,0,0
BRDA:255,74,1,0
BRDA:256,75,0,0
BRDA:256,75,1,0
BRDA:257,76,0,0
BRDA:257,76,1,0
BRDA:265,77,0,4
BRDA:265,77,1,4
BRDA:268,78,0,0
BRDA:268,78,1,0
BRDA:270,79,0,0
BRDA:270,79,1,0
BRDA:270,80,0,0
BRDA:270,80,1,0
BRDA:270,80,2,0
BRDA:284,81,0,0
BRDA:284,81,1,0
BRDA:284,82,0,0
BRDA:284,82,1,0
BRDA:286,83,0,0
BRDA:286,83,1,0
BRDA:302,84,0,1
BRDA:302,84,1,3
BRDA:302,85,0,4
BRDA:302,85,1,4
BRDA:303,86,0,1
BRDA:303,86,1,1
BRDA:311,87,0,1
BRDA:311,87,1,0
BRDA:311,87,2,0
BRDA:312,88,0,1
BRDA:312,88,1,1
BRDA:312,88,2,0
BRDA:313,89,0,1
BRDA:313,89,1,1
BRDA:314,90,0,1
BRDA:314,90,1,1
BRDA:321,91,0,1
BRDA:321,91,1,3
BRDA:321,92,0,4
BRDA:321,92,1,4
BRDA:324,93,0,1
BRDA:324,93,1,0
BRDA:324,94,0,1
BRDA:324,94,1,0
BRDA:326,95,0,0
BRDA:326,95,1,0
BRDA:326,95,2,0
BRDA:327,96,0,0
BRDA:327,96,1,0
BRDA:327,96,2,0
BRDA:329,97,0,0
BRDA:329,97,1,0
BRDA:329,98,0,0
BRDA:329,98,1,0
BRDA:329,98,2,0
BRDA:330,99,0,0
BRDA:330,99,1,0
BRDA:332,100,0,0
BRDA:332,100,1,0
BRDA:333,101,0,0
BRDA:333,101,1,0
BRDA:336,102,0,0
BRDA:336,102,1,0
BRDA:336,102,2,0
BRDA:339,103,0,0
BRDA:339,103,1,0
BRDA:339,103,2,0
BRDA:340,104,0,0
BRDA:340,104,1,0
BRDA:348,105,0,1
BRDA:348,105,1,3
BRDA:348,106,0,4
BRDA:348,106,1,4
BRDA:349,107,0,0
BRDA:349,107,1,1
BRDA:353,108,0,0
BRDA:353,108,1,0
BRDA:356,109,0,0
BRDA:356,109,1,0
BRDA:357,110,0,0
BRDA:357,110,1,0
BRDA:363,111,0,0
BRDA:363,111,1,0
BRDA:364,112,0,0
BRDA:364,112,1,0
BRDA:364,112,2,0
BRDA:365,113,0,0
BRDA:365,113,1,0
BRDA:374,114,0,1
BRDA:374,114,1,3
BRDA:374,115,0,4
BRDA:374,115,1,1
BRDA:378,116,0,1
BRDA:378,116,1,0
BRDA:378,117,0,1
BRDA:378,117,1,1
BRDA:384,118,0,1
BRDA:384,118,1,1
BRDA:385,119,0,1
BRDA:385,119,1,1
BRDA:392,120,0,1
BRDA:392,120,1,3
BRDA:392,121,0,4
BRDA:392,121,1,1
BRDA:393,122,0,1
BRDA:393,122,1,1
BRDA:393,122,2,1
BRDA:394,123,0,1
BRDA:394,123,1,1
BRDA:395,124,0,1
BRDA:395,124,1,1
BRDA:396,125,0,1
BRDA:396,125,1,1
BRDA:398,126,0,0
BRDA:398,126,1,1
BRDA:398,127,0,1
BRDA:398,127,1,1
BRDA:413,128,0,1
BRDA:413,128,1,3
BRDA:413,129,0,4
BRDA:413,129,1,1
BRDA:413,129,2,1
BRDA:414,130,0,0
BRDA:414,130,1,1
BRDA:414,131,0,1
BRDA:414,131,1,1
BRDA:414,132,0,1
BRDA:414,132,1,1
BRDA:414,133,0,1
BRDA:414,133,1,1
BRDA:415,134,0,1
BRDA:415,134,1,1
BRDA:415,135,0,1
BRDA:415,135,1,1
BRDA:420,136,0,0
BRDA:420,136,1,0
BRDA:421,137,0,0
BRDA:421,137,1,0
BRDA:422,138,0,0
BRDA:422,138,1,0
BRDA:423,139,0,0
BRDA:423,139,1,0
BRDA:429,140,0,1
BRDA:429,140,1,1
BRDA:430,141,0,1
BRDA:430,141,1,1
BRDA:431,142,0,0
BRDA:431,142,1,1
BRDA:431,143,0,1
BRDA:431,143,1,0
BRDA:446,144,0,6
BRDA:446,144,1,6
BRDA:450,145,0,0
BRDA:453,146,0,4
BRDA:453,146,1,0
BRDA:454,147,0,4
BRDA:454,147,1,2
BRDA:456,148,0,2
BRDA:456,148,1,2
BRDA:456,148,2,2
BRDA:470,149,0,0
BRDA:470,149,1,4
BRDA:476,150,0,1
BRDA:476,150,1,3
BRDA:480,151,0,0
BRDA:480,151,1,3
BRDA:480,152,0,3
BRDA:480,152,1,3
BRDA:480,152,2,3
BRDA:480,153,0,3
BRDA:480,153,1,0
BRF:337
BRH:200
end_of_record
TN:
SF:services\archiveService.js
FN:17,formatFolderStamp
FN:26,sanitizePathSegment
FN:30,findTimestampColumn
FN:32,(anonymous_3)
FN:35,isWithinRange
FN:52,filterRowsByDateRange
FN:57,(anonymous_6)
FN:60,buildFallbackFolderName
FN:66,ensureArchiveBaseDir
FN:70,getExistingTables
FN:77,(anonymous_10)
FN:80,pickArchiveTables
FN:81,(anonymous_12)
FN:84,fetchRowsForArchive
FN:96,deleteArchivedRows
FN:106,resolveArchiveWindow
FN:107,(anonymous_16)
FN:109,(anonymous_17)
FN:111,(anonymous_18)
FN:112,(anonymous_19)
FN:119,(anonymous_20)
FN:120,(anonymous_21)
FN:124,cleanupArchiveFolder
FN:132,runWeeklyArchiveJob
FN:164,(anonymous_24)
FN:171,(anonymous_25)
FN:237,listArchiveFolders
FN:249,(anonymous_27)
FN:250,(anonymous_28)
FN:251,(anonymous_29)
FN:259,(anonymous_30)
FN:262,getArchiveTableData
FN:298,parseArchiveWindow
FN:302,(anonymous_33)
FN:321,windowsOverlap
FN:325,getArchiveFoldersForRange
FN:330,(anonymous_36)
FN:337,buildReferenceMaps
FN:346,(anonymous_38)
FN:347,(anonymous_39)
FN:348,(anonymous_40)
FN:349,(anonymous_41)
FN:353,getArchivedSectionDefinition
FN:365,(anonymous_43)
FN:372,(anonymous_44)
FN:384,(anonymous_45)
FN:391,(anonymous_46)
FN:406,(anonymous_47)
FN:420,(anonymous_48)
FN:432,(anonymous_49)
FN:439,(anonymous_50)
FN:451,(anonymous_51)
FN:458,(anonymous_52)
FN:471,(anonymous_53)
FN:479,(anonymous_54)
FN:491,(anonymous_55)
FN:497,(anonymous_56)
FN:509,(anonymous_57)
FN:518,(anonymous_58)
FN:535,(anonymous_59)
FN:547,(anonymous_60)
FN:566,(anonymous_61)
FN:579,(anonymous_62)
FN:586,getArchivedSectionDetails
FN:616,(anonymous_64)
FN:639,getArchivedBundle
FN:649,(anonymous_66)
FN:671,(anonymous_67)
FN:674,(anonymous_68)
FN:686,getArchiveWindowMode
FN:703,isArchivedWindow
FNF:71
FNH:0
FNDA:0,formatFolderStamp
FNDA:0,sanitizePathSegment
FNDA:0,findTimestampColumn
FNDA:0,(anonymous_3)
FNDA:0,isWithinRange
FNDA:0,filterRowsByDateRange
FNDA:0,(anonymous_6)
FNDA:0,buildFallbackFolderName
FNDA:0,ensureArchiveBaseDir
FNDA:0,getExistingTables
FNDA:0,(anonymous_10)
FNDA:0,pickArchiveTables
FNDA:0,(anonymous_12)
FNDA:0,fetchRowsForArchive
FNDA:0,deleteArchivedRows
FNDA:0,resolveArchiveWindow
FNDA:0,(anonymous_16)
FNDA:0,(anonymous_17)
FNDA:0,(anonymous_18)
FNDA:0,(anonymous_19)
FNDA:0,(anonymous_20)
FNDA:0,(anonymous_21)
FNDA:0,cleanupArchiveFolder
FNDA:0,runWeeklyArchiveJob
FNDA:0,(anonymous_24)
FNDA:0,(anonymous_25)
FNDA:0,listArchiveFolders
FNDA:0,(anonymous_27)
FNDA:0,(anonymous_28)
FNDA:0,(anonymous_29)
FNDA:0,(anonymous_30)
FNDA:0,getArchiveTableData
FNDA:0,parseArchiveWindow
FNDA:0,(anonymous_33)
FNDA:0,windowsOverlap
FNDA:0,getArchiveFoldersForRange
FNDA:0,(anonymous_36)
FNDA:0,buildReferenceMaps
FNDA:0,(anonymous_38)
FNDA:0,(anonymous_39)
FNDA:0,(anonymous_40)
FNDA:0,(anonymous_41)
FNDA:0,getArchivedSectionDefinition
FNDA:0,(anonymous_43)
FNDA:0,(anonymous_44)
FNDA:0,(anonymous_45)
FNDA:0,(anonymous_46)
FNDA:0,(anonymous_47)
FNDA:0,(anonymous_48)
FNDA:0,(anonymous_49)
FNDA:0,(anonymous_50)
FNDA:0,(anonymous_51)
FNDA:0,(anonymous_52)
FNDA:0,(anonymous_53)
FNDA:0,(anonymous_54)
FNDA:0,(anonymous_55)
FNDA:0,(anonymous_56)
FNDA:0,(anonymous_57)
FNDA:0,(anonymous_58)
FNDA:0,(anonymous_59)
FNDA:0,(anonymous_60)
FNDA:0,(anonymous_61)
FNDA:0,(anonymous_62)
FNDA:0,getArchivedSectionDetails
FNDA:0,(anonymous_64)
FNDA:0,getArchivedBundle
FNDA:0,(anonymous_66)
FNDA:0,(anonymous_67)
FNDA:0,(anonymous_68)
FNDA:0,getArchiveWindowMode
FNDA:0,isArchivedWindow
DA:1,1
DA:2,1
DA:4,1
DA:5,1
DA:6,1
DA:8,1
DA:9,1
DA:10,1
DA:18,0
DA:19,0
DA:20,0
DA:23,0
DA:27,0
DA:31,0
DA:32,0
DA:36,0
DA:37,0
DA:39,0
DA:40,0
DA:41,0
DA:44,0
DA:45,0
DA:46,0
DA:49,0
DA:53,0
DA:54,0
DA:57,0
DA:61,0
DA:62,0
DA:63,0
DA:67,0
DA:71,0
DA:77,0
DA:81,0
DA:85,0
DA:92,0
DA:93,0
DA:97,0
DA:102,0
DA:103,0
DA:107,0
DA:108,0
DA:109,0
DA:111,0
DA:112,0
DA:115,0
DA:116,0
DA:119,0
DA:120,0
DA:121,0
DA:125,0
DA:126,0
DA:128,0
DA:133,0
DA:134,0
DA:137,0
DA:138,0
DA:140,0
DA:141,0
DA:142,0
DA:143,0
DA:145,0
DA:146,0
DA:154,0
DA:155,0
DA:157,0
DA:159,0
DA:160,0
DA:161,0
DA:164,0
DA:165,0
DA:166,0
DA:167,0
DA:171,0
DA:180,0
DA:182,0
DA:183,0
DA:184,0
DA:186,0
DA:187,0
DA:188,0
DA:191,0
DA:192,0
DA:193,0
DA:197,0
DA:205,0
DA:207,0
DA:211,0
DA:220,0
DA:221,0
DA:226,0
DA:227,0
DA:230,0
DA:231,0
DA:233,0
DA:238,0
DA:240,0
DA:241,0
DA:243,0
DA:244,0
DA:246,0
DA:247,0
DA:248,0
DA:249,0
DA:250,0
DA:251,0
DA:253,0
DA:259,0
DA:263,0
DA:265,0
DA:266,0
DA:268,0
DA:269,0
DA:272,0
DA:273,0
DA:274,0
DA:275,0
DA:276,0
DA:283,0
DA:299,0
DA:300,0
DA:302,0
DA:303,0
DA:304,0
DA:307,0
DA:308,0
DA:309,0
DA:312,0
DA:315,0
DA:322,0
DA:326,0
DA:327,0
DA:328,0
DA:330,0
DA:331,0
DA:332,0
DA:333,0
DA:338,0
DA:345,0
DA:346,0
DA:347,0
DA:348,0
DA:349,0
DA:354,0
DA:365,0
DA:372,0
DA:384,0
DA:391,0
DA:407,0
DA:408,0
DA:409,0
DA:420,0
DA:432,0
DA:439,0
DA:451,0
DA:458,0
DA:471,0
DA:479,0
DA:491,0
DA:497,0
DA:510,0
DA:511,0
DA:518,0
DA:535,0
DA:547,0
DA:566,0
DA:579,0
DA:583,0
DA:587,0
DA:588,0
DA:589,0
DA:590,0
DA:593,0
DA:594,0
DA:596,0
DA:597,0
DA:599,0
DA:604,0
DA:605,0
DA:606,0
DA:607,0
DA:612,0
DA:613,0
DA:614,0
DA:616,0
DA:617,0
DA:618,0
DA:619,0
DA:622,0
DA:623,0
DA:625,0
DA:640,0
DA:648,0
DA:649,0
DA:650,0
DA:651,0
DA:653,0
DA:661,0
DA:662,0
DA:663,0
DA:664,0
DA:666,0
DA:669,0
DA:671,0
DA:674,0
DA:687,0
DA:688,0
DA:691,0
DA:692,0
DA:693,0
DA:694,0
DA:697,0
DA:698,0
DA:699,0
DA:700,0
DA:704,0
DA:707,1
LF:217
LH:9
BRDA:8,0,0,1
BRDA:8,0,1,1
BRDA:8,1,0,1
BRDA:8,1,1,1
BRDA:14,2,0,1
BRDA:14,2,1,1
BRDA:19,3,0,0
BRDA:19,3,1,0
BRDA:27,4,0,0
BRDA:27,4,1,0
BRDA:30,5,0,0
BRDA:32,6,0,0
BRDA:32,6,1,0
BRDA:37,7,0,0
BRDA:37,7,1,0
BRDA:39,8,0,0
BRDA:39,8,1,0
BRDA:41,9,0,0
BRDA:41,9,1,0
BRDA:41,10,0,0
BRDA:41,10,1,0
BRDA:44,11,0,0
BRDA:44,11,1,0
BRDA:46,12,0,0
BRDA:46,12,1,0
BRDA:46,13,0,0
BRDA:46,13,1,0
BRDA:53,14,0,0
BRDA:53,14,1,0
BRDA:53,15,0,0
BRDA:53,15,1,0
BRDA:53,15,2,0
BRDA:60,16,0,0
BRDA:103,17,0,0
BRDA:103,17,1,0
BRDA:115,18,0,0
BRDA:115,18,1,0
BRDA:132,19,0,0
BRDA:132,20,0,0
BRDA:133,21,0,0
BRDA:133,21,1,0
BRDA:133,22,0,0
BRDA:133,22,1,0
BRDA:145,23,0,0
BRDA:145,23,1,0
BRDA:165,24,0,0
BRDA:165,24,1,0
BRDA:193,25,0,0
BRDA:193,25,1,0
BRDA:226,26,0,0
BRDA:226,26,1,0
BRDA:244,27,0,0
BRDA:244,27,1,0
BRDA:249,28,0,0
BRDA:249,28,1,0
BRDA:262,29,0,0
BRDA:268,30,0,0
BRDA:268,30,1,0
BRDA:268,31,0,0
BRDA:268,31,1,0
BRDA:274,32,0,0
BRDA:274,32,1,0
BRDA:289,33,0,0
BRDA:289,33,1,0
BRDA:290,34,0,0
BRDA:290,34,1,0
BRDA:299,35,0,0
BRDA:299,35,1,0
BRDA:300,36,0,0
BRDA:300,36,1,0
BRDA:303,37,0,0
BRDA:303,37,1,0
BRDA:304,38,0,0
BRDA:304,38,1,0
BRDA:307,39,0,0
BRDA:307,39,1,0
BRDA:309,40,0,0
BRDA:309,40,1,0
BRDA:322,41,0,0
BRDA:322,41,1,0
BRDA:332,42,0,0
BRDA:332,42,1,0
BRDA:368,43,0,0
BRDA:368,43,1,0
BRDA:369,44,0,0
BRDA:369,44,1,0
BRDA:370,45,0,0
BRDA:370,45,1,0
BRDA:372,46,0,0
BRDA:372,46,1,0
BRDA:387,47,0,0
BRDA:387,47,1,0
BRDA:388,48,0,0
BRDA:388,48,1,0
BRDA:389,49,0,0
BRDA:389,49,1,0
BRDA:391,50,0,0
BRDA:391,50,1,0
BRDA:407,51,0,0
BRDA:407,51,1,0
BRDA:408,52,0,0
BRDA:408,52,1,0
BRDA:412,53,0,0
BRDA:412,53,1,0
BRDA:415,54,0,0
BRDA:415,54,1,0
BRDA:416,55,0,0
BRDA:416,55,1,0
BRDA:417,56,0,0
BRDA:417,56,1,0
BRDA:435,57,0,0
BRDA:435,57,1,0
BRDA:436,58,0,0
BRDA:436,58,1,0
BRDA:437,59,0,0
BRDA:437,59,1,0
BRDA:439,60,0,0
BRDA:439,60,1,0
BRDA:439,60,2,0
BRDA:454,61,0,0
BRDA:454,61,1,0
BRDA:455,62,0,0
BRDA:455,62,1,0
BRDA:456,63,0,0
BRDA:456,63,1,0
BRDA:458,64,0,0
BRDA:458,64,1,0
BRDA:458,64,2,0
BRDA:475,65,0,0
BRDA:475,65,1,0
BRDA:475,66,0,0
BRDA:475,66,1,0
BRDA:479,67,0,0
BRDA:479,67,1,0
BRDA:510,68,0,0
BRDA:510,68,1,0
BRDA:513,69,0,0
BRDA:513,69,1,0
BRDA:514,70,0,0
BRDA:514,70,1,0
BRDA:515,71,0,0
BRDA:515,71,1,0
BRDA:538,72,0,0
BRDA:538,72,1,0
BRDA:540,73,0,0
BRDA:540,73,1,0
BRDA:541,74,0,0
BRDA:541,74,1,0
BRDA:542,75,0,0
BRDA:542,75,1,0
BRDA:543,76,0,0
BRDA:543,76,1,0
BRDA:544,77,0,0
BRDA:544,77,1,0
BRDA:545,78,0,0
BRDA:545,78,1,0
BRDA:569,79,0,0
BRDA:569,79,1,0
BRDA:570,80,0,0
BRDA:570,80,1,0
BRDA:571,81,0,0
BRDA:571,81,1,0
BRDA:572,82,0,0
BRDA:572,82,1,0
BRDA:573,83,0,0
BRDA:573,83,1,0
BRDA:574,84,0,0
BRDA:574,84,1,0
BRDA:575,85,0,0
BRDA:575,85,1,0
BRDA:576,86,0,0
BRDA:576,86,1,0
BRDA:577,87,0,0
BRDA:577,87,1,0
BRDA:583,88,0,0
BRDA:583,88,1,0
BRDA:586,89,0,0
BRDA:587,90,0,0
BRDA:587,90,1,0
BRDA:589,91,0,0
BRDA:589,91,1,0
BRDA:597,92,0,0
BRDA:597,92,1,0
BRDA:606,93,0,0
BRDA:606,93,1,0
BRDA:612,94,0,0
BRDA:612,94,1,0
BRDA:612,95,0,0
BRDA:612,95,1,0
BRDA:613,96,0,0
BRDA:613,96,1,0
BRDA:614,97,0,0
BRDA:614,97,1,0
BRDA:617,98,0,0
BRDA:617,98,1,0
BRDA:618,99,0,0
BRDA:618,99,1,0
BRDA:619,100,0,0
BRDA:619,100,1,0
BRDA:628,101,0,0
BRDA:628,101,1,0
BRDA:639,102,0,0
BRDA:650,103,0,0
BRDA:650,103,1,0
BRDA:651,104,0,0
BRDA:651,104,1,0
BRDA:653,105,0,0
BRDA:653,105,1,0
BRDA:661,106,0,0
BRDA:661,106,1,0
BRDA:662,107,0,0
BRDA:662,107,1,0
BRDA:663,108,0,0
BRDA:663,108,1,0
BRDA:663,109,0,0
BRDA:663,109,1,0
BRDA:664,110,0,0
BRDA:664,110,1,0
BRDA:664,111,0,0
BRDA:664,111,1,0
BRDA:686,112,0,0
BRDA:687,113,0,0
BRDA:687,113,1,0
BRDA:687,114,0,0
BRDA:687,114,1,0
BRDA:693,115,0,0
BRDA:693,115,1,0
BRDA:693,116,0,0
BRDA:693,116,1,0
BRDA:698,117,0,0
BRDA:698,117,1,0
BRDA:699,118,0,0
BRDA:699,118,1,0
BRDA:699,119,0,0
BRDA:699,119,1,0
BRDA:703,120,0,0
BRF:236
BRH:6
end_of_record
TN:
SF:services\biometricService.js
FN:10,getBiometricEmployeesMap
FN:28,getAllBiometricEmployees
FN:42,upsertBiometricEmployee
FN:58,deleteBiometricEmployee
FN:67,parseList
FN:71,(anonymous_5)
FN:76,parseEmployeeMap
FN:87,normalizeMachineSerial
FN:95,normalizeMachineSerials
FN:111,parseJsonObject
FN:122,normalizeSqlServerAccessMap
FN:138,getConfig
FN:156,(anonymous_12)
FN:188,getDashboardTimezone
FN:194,getMssql
FN:200,parseDateTimeString
FN:252,normalizeSqlServerAccess
FN:259,pad
FN:263,getDatePartsInTimezone
FN:271,(anonymous_19)
FN:285,getDateTimePartsInTimezone
FN:297,(anonymous_21)
FN:314,formatTimestamp
FN:319,getTimezoneDateString
FN:324,addDaysToDateString
FN:333,getUtcInstantForTimezoneDate
FN:358,getLogWindowForDate
FN:363,(anonymous_27)
FN:378,normalizeSqlServerRows
FN:379,(anonymous_29)
FN:411,fetchServerRoomAccessLogsFromSqlServer
FN:446,(anonymous_31)
FN:476,fetchServerRoomAccessLogs
FNF:33
FNH:28
FNDA:2,getBiometricEmployeesMap
FNDA:0,getAllBiometricEmployees
FNDA:0,upsertBiometricEmployee
FNDA:0,deleteBiometricEmployee
FNDA:4,parseList
FNDA:1,(anonymous_5)
FNDA:2,parseEmployeeMap
FNDA:7,normalizeMachineSerial
FNDA:2,normalizeMachineSerials
FNDA:4,parseJsonObject
FNDA:2,normalizeSqlServerAccessMap
FNDA:2,getConfig
FNDA:4,(anonymous_12)
FNDA:4,getDashboardTimezone
FNDA:2,getMssql
FNDA:0,parseDateTimeString
FNDA:4,normalizeSqlServerAccess
FNDA:16,pad
FNDA:6,getDatePartsInTimezone
FNDA:30,(anonymous_19)
FNDA:2,getDateTimePartsInTimezone
FNDA:22,(anonymous_21)
FNDA:2,formatTimestamp
FNDA:0,getTimezoneDateString
FNDA:3,addDaysToDateString
FNDA:6,getUtcInstantForTimezoneDate
FNDA:3,getLogWindowForDate
FNDA:9,(anonymous_27)
FNDA:2,normalizeSqlServerRows
FNDA:3,(anonymous_29)
FNDA:2,fetchServerRoomAccessLogsFromSqlServer
FNDA:6,(anonymous_31)
FNDA:2,fetchServerRoomAccessLogs
DA:4,1
DA:6,1
DA:7,1
DA:8,1
DA:11,2
DA:12,2
DA:13,2
DA:15,0
DA:16,0
DA:17,0
DA:18,0
DA:19,0
DA:21,0
DA:23,0
DA:24,0
DA:29,0
DA:30,0
DA:31,0
DA:33,0
DA:34,0
DA:35,0
DA:37,0
DA:38,0
DA:43,0
DA:44,0
DA:45,0
DA:47,0
DA:55,0
DA:59,0
DA:60,0
DA:61,0
DA:63,0
DA:64,0
DA:68,4
DA:69,1
DA:71,1
DA:73,1
DA:77,2
DA:79,0
DA:80,0
DA:81,0
DA:83,0
DA:88,7
DA:89,7
DA:91,7
DA:92,7
DA:96,2
DA:97,2
DA:99,2
DA:100,3
DA:101,3
DA:103,3
DA:104,3
DA:105,3
DA:108,2
DA:112,4
DA:114,2
DA:115,2
DA:116,2
DA:118,0
DA:123,2
DA:124,2
DA:126,2
DA:127,4
DA:128,4
DA:130,4
DA:131,4
DA:132,4
DA:135,2
DA:139,2
DA:156,4
DA:189,4
DA:195,2
DA:196,1
DA:197,1
DA:201,0
DA:202,0
DA:204,0
DA:205,0
DA:206,0
DA:209,0
DA:210,0
DA:214,0
DA:216,0
DA:217,0
DA:218,0
DA:219,0
DA:220,0
DA:221,0
DA:222,0
DA:228,0
DA:229,0
DA:230,0
DA:231,0
DA:232,0
DA:233,0
DA:234,0
DA:235,0
DA:236,0
DA:238,0
DA:239,0
DA:242,0
DA:245,0
DA:246,0
DA:248,0
DA:249,0
DA:253,4
DA:254,4
DA:255,3
DA:256,1
DA:260,16
DA:264,6
DA:271,6
DA:272,30
DA:273,18
DA:275,30
DA:278,6
DA:286,2
DA:297,2
DA:298,22
DA:299,12
DA:301,22
DA:304,2
DA:315,2
DA:316,2
DA:320,0
DA:321,0
DA:325,3
DA:326,3
DA:328,3
DA:329,3
DA:330,3
DA:334,6
DA:335,6
DA:337,6
DA:338,6
DA:339,6
DA:340,6
DA:342,6
DA:343,6
DA:345,6
DA:346,6
DA:347,6
DA:348,6
DA:349,6
DA:351,6
DA:352,0
DA:355,6
DA:359,3
DA:363,9
DA:364,3
DA:365,3
DA:366,3
DA:369,3
DA:379,2
DA:380,3
DA:381,3
DA:382,3
DA:385,3
DA:386,3
DA:387,3
DA:388,3
DA:393,3
DA:395,3
DA:396,1
DA:399,2
DA:401,2
DA:412,2
DA:413,0
DA:416,2
DA:417,2
DA:418,2
DA:434,2
DA:436,2
DA:437,2
DA:438,2
DA:439,2
DA:440,2
DA:442,2
DA:443,2
DA:445,2
DA:446,2
DA:447,6
DA:448,6
DA:449,6
DA:451,2
DA:454,2
DA:467,2
DA:468,2
DA:470,2
DA:472,2
DA:477,2
DA:478,2
DA:479,0
DA:482,2
DA:485,1
LF:196
LH:129
BRDA:13,0,0,2
BRDA:13,0,1,0
BRDA:31,1,0,0
BRDA:31,1,1,0
BRDA:45,2,0,0
BRDA:45,2,1,0
BRDA:61,3,0,0
BRDA:61,3,1,0
BRDA:68,4,0,3
BRDA:68,4,1,1
BRDA:73,5,0,1
BRDA:73,5,1,0
BRDA:77,6,0,2
BRDA:77,6,1,0
BRDA:81,7,0,0
BRDA:81,7,1,0
BRDA:81,8,0,0
BRDA:81,8,1,0
BRDA:88,9,0,7
BRDA:88,9,1,0
BRDA:89,10,0,0
BRDA:89,10,1,7
BRDA:92,11,0,7
BRDA:92,11,1,0
BRDA:100,12,0,3
BRDA:100,12,1,0
BRDA:101,13,0,0
BRDA:101,13,1,3
BRDA:105,14,0,3
BRDA:105,14,1,0
BRDA:111,15,0,2
BRDA:112,16,0,2
BRDA:112,16,1,2
BRDA:116,17,0,2
BRDA:116,17,1,0
BRDA:116,18,0,2
BRDA:116,18,1,2
BRDA:116,18,2,2
BRDA:127,19,0,4
BRDA:127,19,1,0
BRDA:128,20,0,0
BRDA:128,20,1,4
BRDA:131,21,0,4
BRDA:131,21,1,0
BRDA:132,22,0,4
BRDA:132,22,1,0
BRDA:132,23,0,4
BRDA:132,23,1,4
BRDA:140,24,0,2
BRDA:140,24,1,0
BRDA:141,25,0,2
BRDA:141,25,1,2
BRDA:142,26,0,2
BRDA:142,26,1,2
BRDA:143,27,0,2
BRDA:143,27,1,2
BRDA:144,28,0,2
BRDA:144,28,1,2
BRDA:145,29,0,2
BRDA:145,29,1,2
BRDA:146,30,0,2
BRDA:146,30,1,2
BRDA:147,31,0,2
BRDA:147,31,1,2
BRDA:148,32,0,2
BRDA:148,32,1,2
BRDA:149,33,0,2
BRDA:149,33,1,2
BRDA:150,34,0,2
BRDA:150,34,1,2
BRDA:151,35,0,2
BRDA:151,35,1,2
BRDA:152,36,0,2
BRDA:152,36,1,2
BRDA:153,37,0,2
BRDA:153,37,1,2
BRDA:154,38,0,2
BRDA:154,38,1,2
BRDA:155,39,0,2
BRDA:155,39,1,2
BRDA:159,40,0,2
BRDA:159,40,1,2
BRDA:160,41,0,2
BRDA:160,41,1,2
BRDA:161,42,0,2
BRDA:161,42,1,2
BRDA:163,43,0,2
BRDA:163,43,1,2
BRDA:164,44,0,2
BRDA:164,44,1,0
BRDA:165,45,0,2
BRDA:165,45,1,2
BRDA:166,46,0,2
BRDA:166,46,1,2
BRDA:167,47,0,2
BRDA:167,47,1,0
BRDA:168,48,0,2
BRDA:168,48,1,0
BRDA:169,49,0,2
BRDA:169,49,1,0
BRDA:170,50,0,2
BRDA:170,50,1,2
BRDA:171,51,0,2
BRDA:171,51,1,2
BRDA:172,52,0,2
BRDA:172,52,1,2
BRDA:173,53,0,2
BRDA:173,53,1,2
BRDA:174,54,0,2
BRDA:174,54,1,2
BRDA:175,55,0,2
BRDA:175,55,1,2
BRDA:176,56,0,2
BRDA:176,56,1,2
BRDA:177,57,0,2
BRDA:177,57,1,2
BRDA:178,58,0,2
BRDA:178,58,1,2
BRDA:179,59,0,2
BRDA:179,59,1,2
BRDA:180,60,0,2
BRDA:180,60,1,2
BRDA:184,61,0,2
BRDA:184,61,1,2
BRDA:189,62,0,4
BRDA:189,62,1,0
BRDA:189,63,0,4
BRDA:189,63,1,4
BRDA:189,63,2,4
BRDA:195,64,0,1
BRDA:195,64,1,1
BRDA:201,65,0,0
BRDA:201,65,1,0
BRDA:202,66,0,0
BRDA:202,66,1,0
BRDA:205,67,0,0
BRDA:205,67,1,0
BRDA:214,68,0,0
BRDA:214,68,1,0
BRDA:219,69,0,0
BRDA:219,69,1,0
BRDA:220,70,0,0
BRDA:220,70,1,0
BRDA:221,71,0,0
BRDA:221,71,1,0
BRDA:222,72,0,0
BRDA:222,72,1,0
BRDA:228,73,0,0
BRDA:228,73,1,0
BRDA:232,74,0,0
BRDA:232,74,1,0
BRDA:234,75,0,0
BRDA:234,75,1,0
BRDA:245,76,0,0
BRDA:245,76,1,0
BRDA:245,77,0,0
BRDA:245,77,1,0
BRDA:246,78,0,0
BRDA:246,78,1,0
BRDA:246,79,0,0
BRDA:246,79,1,0
BRDA:249,80,0,0
BRDA:249,80,1,0
BRDA:253,81,0,4
BRDA:253,81,1,1
BRDA:254,82,0,1
BRDA:254,82,1,3
BRDA:254,83,0,4
BRDA:254,83,1,4
BRDA:254,83,2,3
BRDA:255,84,0,2
BRDA:255,84,1,1
BRDA:255,85,0,3
BRDA:255,85,1,3
BRDA:255,85,2,3
BRDA:255,85,3,1
BRDA:263,86,0,0
BRDA:272,87,0,18
BRDA:272,87,1,12
BRDA:285,88,0,0
BRDA:298,89,0,12
BRDA:298,89,1,10
BRDA:314,90,0,2
BRDA:319,91,0,0
BRDA:319,92,0,0
BRDA:324,93,0,0
BRDA:325,94,0,3
BRDA:325,94,1,0
BRDA:326,95,0,0
BRDA:326,95,1,3
BRDA:333,96,0,0
BRDA:334,97,0,6
BRDA:334,97,1,0
BRDA:335,98,0,0
BRDA:335,98,1,6
BRDA:340,99,0,0
BRDA:340,99,1,6
BRDA:340,100,0,6
BRDA:340,100,1,6
BRDA:340,100,2,6
BRDA:351,101,0,6
BRDA:351,101,1,0
BRDA:358,102,0,2
BRDA:359,103,0,3
BRDA:359,103,1,0
BRDA:359,104,0,3
BRDA:359,104,1,3
BRDA:364,105,0,3
BRDA:364,105,1,0
BRDA:366,106,0,3
BRDA:366,106,1,0
BRDA:372,107,0,3
BRDA:372,107,1,0
BRDA:380,108,0,3
BRDA:380,108,1,2
BRDA:380,108,2,2
BRDA:381,109,0,3
BRDA:381,109,1,0
BRDA:381,109,2,0
BRDA:381,109,3,0
BRDA:382,110,0,3
BRDA:382,110,1,0
BRDA:386,111,0,3
BRDA:386,111,1,3
BRDA:387,112,0,3
BRDA:387,112,1,1
BRDA:388,113,0,3
BRDA:388,113,1,1
BRDA:388,113,2,0
BRDA:388,113,3,0
BRDA:393,114,0,3
BRDA:393,114,1,3
BRDA:393,114,2,3
BRDA:393,114,3,3
BRDA:395,115,0,1
BRDA:395,115,1,2
BRDA:395,116,0,3
BRDA:395,116,1,3
BRDA:395,116,2,3
BRDA:399,117,0,0
BRDA:399,117,1,2
BRDA:402,118,0,2
BRDA:402,118,1,0
BRDA:402,118,2,0
BRDA:402,118,3,0
BRDA:403,119,0,2
BRDA:403,119,1,1
BRDA:403,119,2,1
BRDA:412,120,0,0
BRDA:412,120,1,2
BRDA:412,121,0,2
BRDA:412,121,1,2
BRDA:412,121,2,2
BRDA:412,121,3,2
BRDA:427,122,0,0
BRDA:427,122,1,2
BRDA:429,123,0,2
BRDA:429,123,1,0
BRDA:429,124,0,2
BRDA:429,124,1,2
BRDA:429,124,2,2
BRDA:438,125,0,2
BRDA:438,125,1,0
BRDA:445,126,0,2
BRDA:445,126,1,0
BRDA:459,127,0,0
BRDA:459,127,1,2
BRDA:460,128,0,0
BRDA:460,128,1,2
BRDA:468,129,0,2
BRDA:468,129,1,0
BRDA:476,130,0,0
BRDA:478,131,0,0
BRDA:478,131,1,2
BRF:274
BRH:176
end_of_record
TN:
SF:services\mailService.js
FN:4,formatDashboardTimestamp
FN:20,getRecipients
FN:28,buildTransportContext
FN:64,sendMail
FN:81,sendTestEmail
FNF:5
FNH:0
FNDA:0,formatDashboardTimestamp
FNDA:0,getRecipients
FNDA:0,buildTransportContext
FNDA:0,sendMail
FNDA:0,sendTestEmail
DA:1,1
DA:2,1
DA:5,0
DA:6,0
DA:17,0
DA:21,0
DA:29,0
DA:31,0
DA:32,0
DA:35,0
DA:36,0
DA:37,0
DA:40,0
DA:41,0
DA:42,0
DA:43,0
DA:45,0
DA:61,0
DA:65,0
DA:66,0
DA:78,0
DA:82,0
DA:83,0
DA:101,1
LF:24
LH:3
BRDA:4,0,0,0
BRDA:5,1,0,0
BRDA:5,1,1,0
BRDA:5,1,2,0
BRDA:20,2,0,0
BRDA:31,3,0,0
BRDA:31,3,1,0
BRDA:31,4,0,0
BRDA:31,4,1,0
BRDA:31,4,2,0
BRDA:36,5,0,0
BRDA:36,5,1,0
BRDA:36,6,0,0
BRDA:36,6,1,0
BRDA:42,7,0,0
BRDA:42,7,1,0
BRDA:43,8,0,0
BRDA:43,8,1,0
BRDA:50,9,0,0
BRDA:50,9,1,0
BRDA:53,10,0,0
BRDA:53,10,1,0
BRDA:64,11,0,0
BRDA:67,12,0,0
BRDA:67,12,1,0
BRDA:70,13,0,0
BRDA:70,13,1,0
BRDA:71,14,0,0
BRDA:71,14,1,0
BRDA:72,15,0,0
BRDA:72,15,1,0
BRF:31
BRH:0
end_of_record
TN:
SF:utils\cryptoUtil.js
FN:6,getSecretKey
FN:11,encryptValue
FN:22,decryptValue
FNF:3
FNH:0
FNDA:0,getSecretKey
FNDA:0,encryptValue
FNDA:0,decryptValue
DA:1,1
DA:3,1
DA:4,1
DA:7,0
DA:8,0
DA:12,0
DA:14,0
DA:15,0
DA:16,0
DA:17,0
DA:19,0
DA:23,0
DA:25,0
DA:26,0
DA:27,0
DA:30,0
DA:31,0
DA:32,0
DA:33,0
DA:35,0
DA:40,0
DA:42,0
DA:46,1
LF:23
LH:4
BRDA:7,0,0,0
BRDA:7,0,1,0
BRDA:7,0,2,0
BRDA:12,1,0,0
BRDA:12,1,1,0
BRDA:23,2,0,0
BRDA:23,2,1,0
BRDA:26,3,0,0
BRDA:26,3,1,0
BRF:9
BRH:0
end_of_record
TN:
SF:utils\csvArchiveUtil.js
FN:5,normalizeCsvValue
FN:17,writeRowsToCsv
FN:18,(anonymous_2)
FN:21,(anonymous_3)
FN:35,coerceCsvValue
FN:52,readCsvAsJson
FN:60,(anonymous_6)
FN:63,(anonymous_7)
FNF:8
FNH:0
FNDA:0,normalizeCsvValue
FNDA:0,writeRowsToCsv
FNDA:0,(anonymous_2)
FNDA:0,(anonymous_3)
FNDA:0,coerceCsvValue
FNDA:0,readCsvAsJson
FNDA:0,(anonymous_6)
FNDA:0,(anonymous_7)
DA:1,1
DA:2,1
DA:3,1
DA:6,0
DA:7,0
DA:10,0
DA:11,0
DA:14,0
DA:18,0
DA:19,0
DA:21,0
DA:22,0
DA:25,0
DA:28,0
DA:29,0
DA:30,0
DA:32,0
DA:36,0
DA:37,0
DA:38,0
DA:39,0
DA:41,0
DA:42,0
DA:43,0
DA:46,0
DA:49,0
DA:53,0
DA:54,0
DA:60,0
DA:61,0
DA:63,0
DA:64,0
DA:67,0
DA:71,1
LF:34
LH:4
BRDA:6,0,0,0
BRDA:6,0,1,0
BRDA:10,1,0,0
BRDA:10,1,1,0
BRDA:10,2,0,0
BRDA:10,2,1,0
BRDA:17,3,0,0
BRDA:21,4,0,0
BRDA:21,4,1,0
BRDA:28,5,0,0
BRDA:28,5,1,0
BRDA:30,6,0,0
BRDA:30,6,1,0
BRDA:36,7,0,0
BRDA:36,7,1,0
BRDA:37,8,0,0
BRDA:37,8,1,0
BRDA:38,9,0,0
BRDA:38,9,1,0
BRDA:39,10,0,0
BRDA:39,10,1,0
BRDA:42,11,0,0
BRDA:42,11,1,0
BRDA:42,12,0,0
BRDA:42,12,1,0
BRDA:42,12,2,0
BRDA:42,12,3,0
BRF:27
BRH:0
end_of_record
